#
# There is insufficient memory for the Java Runtime Environment to continue.
# Native memory allocation (malloc) failed to allocate 989536 bytes for Chunk::new
# Possible reasons:
#   The system is out of physical RAM or swap space
#   In 32 bit mode, the process size limit was hit
# Possible solutions:
#   Reduce memory load on the system
#   Increase physical memory or swap space
#   Check if swap backing store is full
#   Use 64 bit Java on a 64 bit OS
#   Decrease Java heap size (-Xmx/-Xms)
#   Decrease number of Java threads
#   Decrease Java thread stack sizes (-Xss)
#   Set larger code cache with -XX:ReservedCodeCacheSize=
# This output file may be truncated or incomplete.
#
#  Out of Memory Error (allocation.cpp:390), pid=6968, tid=0x000000000000131c
#
# JRE version: Java(TM) SE Runtime Environment (8.0_144-b01) (build 1.8.0_144-b01)
# Java VM: Java HotSpot(TM) 64-Bit Server VM (25.144-b01 mixed mode windows-amd64 compressed oops)
# Failed to write core dump. Minidumps are not enabled by default on client versions of Windows
#

---------------  T H R E A D  ---------------

Current thread (0x00000000170ff000):  JavaThread "C2 CompilerThread1" daemon [_thread_in_native, id=4892, stack(0x0000000018870000,0x0000000018970000)]

Stack: [0x0000000018870000,0x0000000018970000]
[error occurred during error reporting (printing stack bounds), id 0xc0000005]

Native frames: (J=compiled Java code, j=interpreted, Vv=VM code, C=native code)


Current CompileTask:
C2:   4769 3717 %     4       com.sun.tools.javac.file.ZipFileIndex$ZipDirectory::readEntry @ 102 (587 bytes)


---------------  P R O C E S S  ---------------

Java Threads: ( => current thread )
  0x0000000018aa0800 JavaThread "Service Thread" daemon [_thread_blocked, id=4364, stack(0x0000000018e70000,0x0000000018f70000)]
  0x0000000017103800 JavaThread "C1 CompilerThread2" daemon [_thread_blocked, id=10356, stack(0x0000000018970000,0x0000000018a70000)]
=>0x00000000170ff000 JavaThread "C2 CompilerThread1" daemon [_thread_in_native, id=4892, stack(0x0000000018870000,0x0000000018970000)]
  0x00000000170f9800 JavaThread "C2 CompilerThread0" daemon [_thread_in_native, id=10956, stack(0x0000000018770000,0x0000000018870000)]
  0x0000000017108800 JavaThread "Attach Listener" daemon [_thread_blocked, id=9004, stack(0x0000000018670000,0x0000000018770000)]
  0x0000000017107000 JavaThread "Signal Dispatcher" daemon [_thread_blocked, id=8744, stack(0x0000000018570000,0x0000000018670000)]
  0x00000000170e9000 JavaThread "Finalizer" daemon [_thread_blocked, id=10188, stack(0x0000000018370000,0x0000000018470000)]
  0x0000000002551000 JavaThread "Reference Handler" daemon [_thread_blocked, id=11548, stack(0x0000000018270000,0x0000000018370000)]
  0x00000000025be000 JavaThread "main" [_thread_in_native, id=11444, stack(0x0000000002330000,0x0000000002430000)]

Other Threads:
  0x00000000170c7000 VMThread [stack: 0x0000000018170000,0x0000000018270000] [id=6528]
  0x000000001715e800 WatcherThread [stack: 0x0000000018f70000,0x0000000019070000] [id=10996]

VM state:not at safepoint (normal execution)

VM Mutex/Monitor currently owned by a thread: None

Heap:
 PSYoungGen      total 143872K, used 84266K [0x00000000d5e00000, 0x00000000e7700000, 0x0000000100000000)
  eden space 132608K, 63% used [0x00000000d5e00000,0x00000000db04aa00,0x00000000ddf80000)
  from space 11264K, 0% used [0x00000000ddf80000,0x00000000ddf80000,0x00000000dea80000)
  to   space 11264K, 0% used [0x00000000e6c00000,0x00000000e6c00000,0x00000000e7700000)
 ParOldGen       total 78336K, used 16098K [0x0000000081a00000, 0x0000000086680000, 0x00000000d5e00000)
  object space 78336K, 20% used [0x0000000081a00000,0x00000000829b88f8,0x0000000086680000)
 Metaspace       used 23134K, capacity 23642K, committed 23856K, reserved 1071104K
  class space    used 2680K, capacity 2848K, committed 2864K, reserved 1048576K

Card table byte_map: [0x0000000011980000,0x0000000011d80000] byte_map_base: 0x0000000011573000

Marking Bits: (ParMarkBitMap*) 0x0000000077e9d850
 Begin Bits: [0x0000000012430000, 0x00000000143c8000)
 End Bits:   [0x00000000143c8000, 0x0000000016360000)

Polling page: 0x0000000000ad0000

CodeCache: size=245760Kb used=12774Kb max_used=12774Kb free=232985Kb
 bounds [0x00000000025c0000, 0x0000000003250000, 0x00000000115c0000]
 total_blobs=4274 nmethods=3865 adapters=320
 compilation: enabled

Compilation events (10 events):
Event: 4.725 Thread 0x0000000017103800 nmethod 3836 0x000000000321dc50 code [0x000000000321dde0, 0x000000000321e028]
Event: 4.725 Thread 0x0000000017103800 3840       2       com.sun.tools.javac.jvm.ClassReader::readPool (504 bytes)
Event: 4.727 Thread 0x0000000017103800 nmethod 3840 0x000000000321e1d0 code [0x000000000321e5e0, 0x0000000003220228]
Event: 4.727 Thread 0x0000000017103800 3837       2       com.sun.tools.javac.jvm.ClassReader::enterClass (126 bytes)
Event: 4.728 Thread 0x0000000017103800 nmethod 3837 0x0000000003222550 code [0x0000000003222700, 0x0000000003222a88]
Event: 4.728 Thread 0x0000000017103800 3843       2       com.sun.tools.javac.code.Type$ClassType::getTag (4 bytes)
Event: 4.728 Thread 0x0000000017103800 nmethod 3843 0x0000000003222cd0 code [0x0000000003222e20, 0x0000000003222f70]
Event: 4.729 Thread 0x0000000017103800 3844       2       com.sun.tools.javac.jvm.ClassReader::skipMember (55 bytes)
Event: 4.729 Thread 0x0000000017103800 nmethod 3844 0x0000000003223010 code [0x0000000003223180, 0x0000000003223398]
Event: 4.729 Thread 0x0000000017103800 3845       2       com.sun.tools.javac.jvm.ClassReader::readAttrs (95 bytes)

GC Heap History (10 events):
Event: 2.431 GC heap before
{Heap before GC invocations=4 (full 0):
 PSYoungGen      total 38400K, used 38368K [0x00000000d5e00000, 0x00000000da900000, 0x0000000100000000)
  eden space 33280K, 100% used [0x00000000d5e00000,0x00000000d7e80000,0x00000000d7e80000)
  from space 5120K, 99% used [0x00000000d7e80000,0x00000000d8378040,0x00000000d8380000)
  to   space 5120K, 0% used [0x00000000da400000,0x00000000da400000,0x00000000da900000)
 ParOldGen       total 87552K, used 4922K [0x0000000081a00000, 0x0000000086f80000, 0x00000000d5e00000)
  object space 87552K, 5% used [0x0000000081a00000,0x0000000081ecea40,0x0000000086f80000)
 Metaspace       used 15802K, capacity 16026K, committed 16384K, reserved 1062912K
  class space    used 1870K, capacity 1975K, committed 2048K, reserved 1048576K
Event: 2.447 GC heap after
Heap after GC invocations=4 (full 0):
 PSYoungGen      total 71680K, used 5104K [0x00000000d5e00000, 0x00000000da900000, 0x0000000100000000)
  eden space 66560K, 0% used [0x00000000d5e00000,0x00000000d5e00000,0x00000000d9f00000)
  from space 5120K, 99% used [0x00000000da400000,0x00000000da8fc030,0x00000000da900000)
  to   space 5120K, 0% used [0x00000000d9f00000,0x00000000d9f00000,0x00000000da400000)
 ParOldGen       total 87552K, used 9026K [0x0000000081a00000, 0x0000000086f80000, 0x00000000d5e00000)
  object space 87552K, 10% used [0x0000000081a00000,0x00000000822d0a68,0x0000000086f80000)
 Metaspace       used 15802K, capacity 16026K, committed 16384K, reserved 1062912K
  class space    used 1870K, capacity 1975K, committed 2048K, reserved 1048576K
}
Event: 3.192 GC heap before
{Heap before GC invocations=5 (full 0):
 PSYoungGen      total 71680K, used 71664K [0x00000000d5e00000, 0x00000000da900000, 0x0000000100000000)
  eden space 66560K, 100% used [0x00000000d5e00000,0x00000000d9f00000,0x00000000d9f00000)
  from space 5120K, 99% used [0x00000000da400000,0x00000000da8fc030,0x00000000da900000)
  to   space 5120K, 0% used [0x00000000d9f00000,0x00000000d9f00000,0x00000000da400000)
 ParOldGen       total 87552K, used 9026K [0x0000000081a00000, 0x0000000086f80000, 0x00000000d5e00000)
  object space 87552K, 10% used [0x0000000081a00000,0x00000000822d0a68,0x0000000086f80000)
 Metaspace       used 16516K, capacity 16766K, committed 17152K, reserved 1064960K
  class space    used 1893K, capacity 1981K, committed 2048K, reserved 1048576K
Event: 3.212 GC heap after
Heap after GC invocations=5 (full 0):
 PSYoungGen      total 71680K, used 5104K [0x00000000d5e00000, 0x00000000df500000, 0x0000000100000000)
  eden space 66560K, 0% used [0x00000000d5e00000,0x00000000d5e00000,0x00000000d9f00000)
  from space 5120K, 99% used [0x00000000d9f00000,0x00000000da3fc010,0x00000000da400000)
  to   space 10752K, 0% used [0x00000000dea80000,0x00000000dea80000,0x00000000df500000)
 ParOldGen       total 87552K, used 12528K [0x0000000081a00000, 0x0000000086f80000, 0x00000000d5e00000)
  object space 87552K, 14% used [0x0000000081a00000,0x000000008263c158,0x0000000086f80000)
 Metaspace       used 16516K, capacity 16766K, committed 17152K, reserved 1064960K
  class space    used 1893K, capacity 1981K, committed 2048K, reserved 1048576K
}
Event: 3.653 GC heap before
{Heap before GC invocations=6 (full 0):
 PSYoungGen      total 71680K, used 64234K [0x00000000d5e00000, 0x00000000df500000, 0x0000000100000000)
  eden space 66560K, 88% used [0x00000000d5e00000,0x00000000d97beab8,0x00000000d9f00000)
  from space 5120K, 99% used [0x00000000d9f00000,0x00000000da3fc010,0x00000000da400000)
  to   space 10752K, 0% used [0x00000000dea80000,0x00000000dea80000,0x00000000df500000)
 ParOldGen       total 87552K, used 12528K [0x0000000081a00000, 0x0000000086f80000, 0x00000000d5e00000)
  object space 87552K, 14% used [0x0000000081a00000,0x000000008263c158,0x0000000086f80000)
 Metaspace       used 18208K, capacity 18650K, committed 18944K, reserved 1067008K
  class space    used 2082K, capacity 2224K, committed 2304K, reserved 1048576K
Event: 3.677 GC heap after
Heap after GC invocations=6 (full 0):
 PSYoungGen      total 143360K, used 9141K [0x00000000d5e00000, 0x00000000df600000, 0x0000000100000000)
  eden space 132608K, 0% used [0x00000000d5e00000,0x00000000d5e00000,0x00000000ddf80000)
  from space 10752K, 85% used [0x00000000dea80000,0x00000000df36d780,0x00000000df500000)
  to   space 11264K, 0% used [0x00000000ddf80000,0x00000000ddf80000,0x00000000dea80000)
 ParOldGen       total 87552K, used 31736K [0x0000000081a00000, 0x0000000086f80000, 0x00000000d5e00000)
  object space 87552K, 36% used [0x0000000081a00000,0x00000000838fe178,0x0000000086f80000)
 Metaspace       used 18208K, capacity 18650K, committed 18944K, reserved 1067008K
  class space    used 2082K, capacity 2224K, committed 2304K, reserved 1048576K
}
Event: 4.081 GC heap before
{Heap before GC invocations=7 (full 0):
 PSYoungGen      total 143360K, used 67652K [0x00000000d5e00000, 0x00000000df600000, 0x0000000100000000)
  eden space 132608K, 44% used [0x00000000d5e00000,0x00000000d9723b20,0x00000000ddf80000)
  from space 10752K, 85% used [0x00000000dea80000,0x00000000df36d780,0x00000000df500000)
  to   space 11264K, 0% used [0x00000000ddf80000,0x00000000ddf80000,0x00000000dea80000)
 ParOldGen       total 87552K, used 31736K [0x0000000081a00000, 0x0000000086f80000, 0x00000000d5e00000)
  object space 87552K, 36% used [0x0000000081a00000,0x00000000838fe178,0x0000000086f80000)
 Metaspace       used 20757K, capacity 21210K, committed 21296K, reserved 1069056K
  class space    used 2412K, capacity 2592K, committed 2608K, reserved 1048576K
Event: 4.098 GC heap after
Heap after GC invocations=7 (full 0):
 PSYoungGen      total 143872K, used 8291K [0x00000000d5e00000, 0x00000000e7700000, 0x0000000100000000)
  eden space 132608K, 0% used [0x00000000d5e00000,0x00000000d5e00000,0x00000000ddf80000)
  from space 11264K, 73% used [0x00000000ddf80000,0x00000000de798c38,0x00000000dea80000)
  to   space 11264K, 0% used [0x00000000e6c00000,0x00000000e6c00000,0x00000000e7700000)
 ParOldGen       total 87552K, used 32837K [0x0000000081a00000, 0x0000000086f80000, 0x00000000d5e00000)
  object space 87552K, 37% used [0x0000000081a00000,0x0000000083a11488,0x0000000086f80000)
 Metaspace       used 20757K, capacity 21210K, committed 21296K, reserved 1069056K
  class space    used 2412K, capacity 2592K, committed 2608K, reserved 1048576K
}
Event: 4.098 GC heap before
{Heap before GC invocations=8 (full 1):
 PSYoungGen      total 143872K, used 8291K [0x00000000d5e00000, 0x00000000e7700000, 0x0000000100000000)
  eden space 132608K, 0% used [0x00000000d5e00000,0x00000000d5e00000,0x00000000ddf80000)
  from space 11264K, 73% used [0x00000000ddf80000,0x00000000de798c38,0x00000000dea80000)
  to   space 11264K, 0% used [0x00000000e6c00000,0x00000000e6c00000,0x00000000e7700000)
 ParOldGen       total 87552K, used 32837K [0x0000000081a00000, 0x0000000086f80000, 0x00000000d5e00000)
  object space 87552K, 37% used [0x0000000081a00000,0x0000000083a11488,0x0000000086f80000)
 Metaspace       used 20757K, capacity 21210K, committed 21296K, reserved 1069056K
  class space    used 2412K, capacity 2592K, committed 2608K, reserved 1048576K
Event: 4.193 GC heap after
Heap after GC invocations=8 (full 1):
 PSYoungGen      total 143872K, used 0K [0x00000000d5e00000, 0x00000000e7700000, 0x0000000100000000)
  eden space 132608K, 0% used [0x00000000d5e00000,0x00000000d5e00000,0x00000000ddf80000)
  from space 11264K, 0% used [0x00000000ddf80000,0x00000000ddf80000,0x00000000dea80000)
  to   space 11264K, 0% used [0x00000000e6c00000,0x00000000e6c00000,0x00000000e7700000)
 ParOldGen       total 78336K, used 16098K [0x0000000081a00000, 0x0000000086680000, 0x00000000d5e00000)
  object space 78336K, 20% used [0x0000000081a00000,0x00000000829b88f8,0x0000000086680000)
 Metaspace       used 20757K, capacity 21210K, committed 21296K, reserved 1069056K
  class space    used 2412K, capacity 2592K, committed 2608K, reserved 1048576K
}

Deoptimization events (10 events):
Event: 3.336 Thread 0x00000000025be000 Uncommon trap: reason=class_check action=maybe_recompile pc=0x0000000002af13c8 method=com.google.inject.internal.LinkedBindingImpl.acceptTargetVisitor(Lcom/google/inject/spi/BindingTargetVisitor;)Ljava/lang/Object; @ 2
Event: 3.394 Thread 0x00000000025be000 Uncommon trap: reason=class_check action=maybe_recompile pc=0x0000000002af13c8 method=com.google.inject.internal.LinkedBindingImpl.acceptTargetVisitor(Lcom/google/inject/spi/BindingTargetVisitor;)Ljava/lang/Object; @ 2
Event: 3.394 Thread 0x00000000025be000 Uncommon trap: reason=class_check action=maybe_recompile pc=0x0000000002af13c8 method=com.google.inject.internal.LinkedBindingImpl.acceptTargetVisitor(Lcom/google/inject/spi/BindingTargetVisitor;)Ljava/lang/Object; @ 2
Event: 3.597 Thread 0x00000000025be000 Uncommon trap: reason=predicate action=maybe_recompile pc=0x000000000283b3f0 method=sun.net.www.ParseUtil.encodePath(Ljava/lang/String;Z)Ljava/lang/String; @ 36
Event: 3.937 Thread 0x00000000025be000 Uncommon trap: reason=unstable_if action=reinterpret pc=0x00000000026e2988 method=java.net.URI.match(CJJ)Z @ 19
Event: 3.938 Thread 0x00000000025be000 Uncommon trap: reason=unstable_if action=reinterpret pc=0x0000000002dd1f48 method=java.nio.charset.CharsetDecoder.decode(Ljava/nio/ByteBuffer;Ljava/nio/CharBuffer;Z)Ljava/nio/charset/CoderResult; @ 1
Event: 4.335 Thread 0x00000000025be000 Uncommon trap: reason=unstable_if action=reinterpret pc=0x00000000031459f4 method=java.util.jar.Attributes$Name.isDigit(C)Z @ 3
Event: 4.377 Thread 0x00000000025be000 Uncommon trap: reason=unstable_if action=reinterpret pc=0x0000000002bdef9c method=java.util.LinkedHashMap.afterNodeInsertion(Z)V @ 18
Event: 4.420 Thread 0x00000000025be000 Uncommon trap: reason=unstable_if action=reinterpret pc=0x00000000027eeeb8 method=sun.misc.URLClassPath$JarLoader.getResource(Ljava/lang/String;Z)Lsun/misc/Resource; @ 62
Event: 4.456 Thread 0x00000000025be000 Uncommon trap: reason=bimorphic action=maybe_recompile pc=0x000000000305eca4 method=java.util.regex.Matcher.match(II)Z @ 86

Internal exceptions (10 events):
Event: 3.109 Thread 0x00000000025be000 Implicit null exception at 0x00000000029a32d5 to 0x00000000029a34ad
Event: 3.351 Thread 0x00000000025be000 Exception <a 'java/lang/NoClassDefFoundError': org/apache/maven/doxia/sink/SinkEventAttributes> (0x00000000d67a7620) thrown at [C:\re\workspace\8-2-build-windows-amd64-cygwin\jdk8u144\9417\hotspot\src\share\vm\classfile\systemDictionary.cpp, line 199]
Event: 3.356 Thread 0x00000000025be000 Exception <a 'java/lang/NoClassDefFoundError': org/apache/maven/doxia/sink/SinkEventAttributes> (0x00000000d681fda8) thrown at [C:\re\workspace\8-2-build-windows-amd64-cygwin\jdk8u144\9417\hotspot\src\share\vm\classfile\systemDictionary.cpp, line 199]
Event: 3.357 Thread 0x00000000025be000 Exception <a 'java/lang/NoClassDefFoundError': org/apache/maven/doxia/sink/SinkEventAttributes> (0x00000000d6830b30) thrown at [C:\re\workspace\8-2-build-windows-amd64-cygwin\jdk8u144\9417\hotspot\src\share\vm\classfile\systemDictionary.cpp, line 199]
Event: 3.369 Thread 0x00000000025be000 Exception <a 'java/lang/NoClassDefFoundError': org/apache/maven/doxia/sink/SinkEventAttributes> (0x00000000d68ecad0) thrown at [C:\re\workspace\8-2-build-windows-amd64-cygwin\jdk8u144\9417\hotspot\src\share\vm\classfile\systemDictionary.cpp, line 199]
Event: 3.376 Thread 0x00000000025be000 Exception <a 'java/lang/NoClassDefFoundError': org/apache/maven/doxia/sink/SinkEventAttributes> (0x00000000d6979dd8) thrown at [C:\re\workspace\8-2-build-windows-amd64-cygwin\jdk8u144\9417\hotspot\src\share\vm\classfile\systemDictionary.cpp, line 199]
Event: 3.388 Thread 0x00000000025be000 Exception <a 'java/lang/NoClassDefFoundError': org/apache/maven/doxia/sink/SinkEventAttributes> (0x00000000d6a17fd0) thrown at [C:\re\workspace\8-2-build-windows-amd64-cygwin\jdk8u144\9417\hotspot\src\share\vm\classfile\systemDictionary.cpp, line 199]
Event: 3.937 Thread 0x00000000025be000 Exception <a 'java/lang/ClassNotFoundException': com/sun/tools/javac/api/JavacTool> (0x00000000d8f4f6e0) thrown at [C:\re\workspace\8-2-build-windows-amd64-cygwin\jdk8u144\9417\hotspot\src\share\vm\classfile\systemDictionary.cpp, line 210]
Event: 4.556 Thread 0x00000000025be000 Exception <a 'java/io/FileNotFoundException'> (0x00000000d96a2018) thrown at [C:\re\workspace\8-2-build-windows-amd64-cygwin\jdk8u144\9417\hotspot\src\share\vm\prims\jni.cpp, line 709]
Event: 4.558 Thread 0x00000000025be000 Exception <a 'java/io/FileNotFoundException'> (0x00000000d96d6ac8) thrown at [C:\re\workspace\8-2-build-windows-amd64-cygwin\jdk8u144\9417\hotspot\src\share\vm\prims\jni.cpp, line 709]

Events (10 events):
Event: 4.725 loading class com/sun/tools/javac/code/SymbolMetadata
Event: 4.725 loading class com/sun/tools/javac/code/SymbolMetadata done
Event: 4.726 loading class com/sun/tools/javac/comp/MemberEnter$5
Event: 4.726 loading class com/sun/tools/javac/comp/MemberEnter$5 done
Event: 4.726 loading class com/sun/tools/javac/comp/MemberEnter$6
Event: 4.726 loading class com/sun/tools/javac/comp/MemberEnter$6 done
Event: 4.726 loading class com/sun/tools/javac/comp/Check$CycleChecker
Event: 4.726 loading class com/sun/tools/javac/comp/Check$CycleChecker done
Event: 4.728 loading class com/sun/tools/javac/code/BoundKind
Event: 4.728 loading class com/sun/tools/javac/code/BoundKind done


Dynamic libraries:
0x00007ff7568f0000 - 0x00007ff756927000 	C:\Program Files\Java\jdk1.8.0_144\bin\javaw.exe
0x00007ff820090000 - 0x00007ff820285000 	C:\WINDOWS\SYSTEM32\ntdll.dll
0x00007ff81ee70000 - 0x00007ff81ef2e000 	C:\WINDOWS\System32\KERNEL32.DLL
0x00007ff81d850000 - 0x00007ff81db19000 	C:\WINDOWS\System32\KERNELBASE.dll
0x00007ff81fe20000 - 0x00007ff81fecc000 	C:\WINDOWS\System32\ADVAPI32.dll
0x00007ff81fed0000 - 0x00007ff81ff6e000 	C:\WINDOWS\System32\msvcrt.dll
0x00007ff81f330000 - 0x00007ff81f3cb000 	C:\WINDOWS\System32\sechost.dll
0x00007ff81fc10000 - 0x00007ff81fd3a000 	C:\WINDOWS\System32\RPCRT4.dll
0x00007ff81ef90000 - 0x00007ff81f131000 	C:\WINDOWS\System32\USER32.dll
0x00007ff81dbe0000 - 0x00007ff81dc02000 	C:\WINDOWS\System32\win32u.dll
0x00007ff81f140000 - 0x00007ff81f16b000 	C:\WINDOWS\System32\GDI32.dll
0x00007ff81de70000 - 0x00007ff81df7b000 	C:\WINDOWS\System32\gdi32full.dll
0x00007ff81d7b0000 - 0x00007ff81d84d000 	C:\WINDOWS\System32\msvcp_win.dll
0x00007ff81dc10000 - 0x00007ff81dd10000 	C:\WINDOWS\System32\ucrtbase.dll
0x00007ff80f3f0000 - 0x00007ff80f68a000 	C:\WINDOWS\WinSxS\amd64_microsoft.windows.common-controls_6595b64144ccf1df_6.0.19041.1110_none_60b5254171f9507e\COMCTL32.dll
0x00007ff81ecb0000 - 0x00007ff81ece0000 	C:\WINDOWS\System32\IMM32.DLL
0x0000000077f20000 - 0x0000000077ff2000 	C:\Program Files\Java\jdk1.8.0_144\jre\bin\msvcr100.dll
0x0000000077680000 - 0x0000000077f1d000 	C:\Program Files\Java\jdk1.8.0_144\jre\bin\server\jvm.dll
0x00007ff81f320000 - 0x00007ff81f328000 	C:\WINDOWS\System32\PSAPI.DLL
0x00007ff80d4c0000 - 0x00007ff80d4c9000 	C:\WINDOWS\SYSTEM32\WSOCK32.dll
0x00007ff810a30000 - 0x00007ff810a57000 	C:\WINDOWS\SYSTEM32\WINMM.dll
0x00007ff81f590000 - 0x00007ff81f5fb000 	C:\WINDOWS\System32\WS2_32.dll
0x00007ff815900000 - 0x00007ff81590a000 	C:\WINDOWS\SYSTEM32\VERSION.dll
0x0000000050080000 - 0x000000005008f000 	C:\Program Files\Java\jdk1.8.0_144\jre\bin\verify.dll
0x0000000050050000 - 0x0000000050079000 	C:\Program Files\Java\jdk1.8.0_144\jre\bin\java.dll
0x0000000050030000 - 0x0000000050046000 	C:\Program Files\Java\jdk1.8.0_144\jre\bin\zip.dll
0x00007ff81e0e0000 - 0x00007ff81e81f000 	C:\WINDOWS\System32\SHELL32.dll
0x00007ff81b460000 - 0x00007ff81bbf0000 	C:\WINDOWS\SYSTEM32\windows.storage.dll
0x00007ff81e820000 - 0x00007ff81eb75000 	C:\WINDOWS\System32\combase.dll
0x00007ff81d130000 - 0x00007ff81d15c000 	C:\WINDOWS\SYSTEM32\Wldp.dll
0x00007ff81f3d0000 - 0x00007ff81f47d000 	C:\WINDOWS\System32\SHCORE.dll
0x00007ff81ed60000 - 0x00007ff81edb5000 	C:\WINDOWS\System32\shlwapi.dll
0x00007ff81d6f0000 - 0x00007ff81d70f000 	C:\WINDOWS\SYSTEM32\profapi.dll
0x00007ff81d060000 - 0x00007ff81d078000 	C:\WINDOWS\SYSTEM32\CRYPTSP.dll
0x00007ff81c7d0000 - 0x00007ff81c804000 	C:\WINDOWS\system32\rsaenh.dll
0x00007ff81db20000 - 0x00007ff81db47000 	C:\WINDOWS\System32\bcrypt.dll
0x00007ff81d6b0000 - 0x00007ff81d6de000 	C:\WINDOWS\SYSTEM32\USERENV.dll
0x00007ff81db50000 - 0x00007ff81dbd3000 	C:\WINDOWS\System32\bcryptprimitives.dll
0x00007ff81d080000 - 0x00007ff81d08c000 	C:\WINDOWS\SYSTEM32\CRYPTBASE.dll
0x0000000050010000 - 0x000000005002a000 	C:\Program Files\Java\jdk1.8.0_144\jre\bin\net.dll
0x00007ff81ce50000 - 0x00007ff81ceba000 	C:\WINDOWS\system32\mswsock.dll
0x00007ff81cb50000 - 0x00007ff81cb8b000 	C:\WINDOWS\SYSTEM32\IPHLPAPI.DLL
0x00007ff81ff70000 - 0x00007ff81ff78000 	C:\WINDOWS\System32\NSI.dll
0x00007ff81b2d0000 - 0x00007ff81b2e7000 	C:\WINDOWS\SYSTEM32\dhcpcsvc6.DLL
0x00007ff81b2b0000 - 0x00007ff81b2cd000 	C:\WINDOWS\SYSTEM32\dhcpcsvc.DLL
0x00007ff81cb90000 - 0x00007ff81cc5c000 	C:\WINDOWS\SYSTEM32\DNSAPI.dll
0x0000000077660000 - 0x0000000077671000 	C:\Program Files\Java\jdk1.8.0_144\jre\bin\nio.dll
0x00007ff8198f0000 - 0x00007ff8198fa000 	C:\Users\Administrator\AppData\Local\Temp\jansi-1.17.1-3526877364646798324.dll
0x00007ff819850000 - 0x00007ff81985a000 	C:\Users\Administrator\AppData\Local\Temp\jansi-1.17.1-1559763282141502384.dll

VM Arguments:
jvm_args: -Dmaven.home=EMBEDDED -Dclassworlds.conf=C:\Users\Administrator\eclipse-workspace\.metadata\.plugins\org.eclipse.m2e.launching\launches\m2conf16575881508818079912.tmp -Dmaven.multiModuleProjectDirectory=C:\Users\Administrator\eclipse-workspace\e-stock-application -Dfile.encoding=Cp1252 
java_command: org.codehaus.plexus.classworlds.launcher.Launcher -Ppom.xml -B install
java_class_path (initial): C:\Users\Administrator\.p2\pool\plugins\org.eclipse.m2e.maven.runtime_1.18.0.20210603-1206\jars\plexus-classworlds-2.6.0.jar
Launcher Type: SUN_STANDARD

Environment Variables:
PATH=C:/Users/Administrator/.p2/pool/plugins/org.eclipse.justj.openjdk.hotspot.jre.full.win32.x86_64_16.0.1.v20210528-1205/jre/bin/server;C:/Users/Administrator/.p2/pool/plugins/org.eclipse.justj.openjdk.hotspot.jre.full.win32.x86_64_16.0.1.v20210528-1205/jre/bin;F:\WINDOWS.X64_193000_db_home\bin;C:\ProgramData\Oracle\Java\javapath;C:\Users\Raisul\eclipse-workspace\AutoCVUpload\Sikuli-IDE\libs;C:\Program Files\Java\jre1.8.0_144\bin;C:\Program Files\Apache Software Foundation\Tomcat 9.0\bin;C:\Program Files\Git\cmd;F:\apache-maven-3.6.3-bin\apache-maven-3.6.3\bin;C:\Windows\System32;C:\WINDOWS\system32;C:\WINDOWS;C:\WINDOWS\System32\Wbem;C:\WINDOWS\System32\WindowsPowerShell\v1.0\;C:\WINDOWS\System32\OpenSSH\;F:\kubectl;C:\Program Files\Java\jdk1.8.0_144\bin;C:\Program Files\nodejs;C:\Users\91888\AppData\Roaming\npm;C:\Users\91888\AppData\Roaming\npm\node_modules\@angular\cli\bin;C:\Program Files\Intel\CalibrationToolAPI\2.11.0.0\bin;C:\Users\Administrator\AppData\Roaming\npm\node_modules\@angular\cli\bin;C:\Users\Administrator\AppData\Local\Microsoft\WindowsApps;C:\Program Files\JetBrains\IntelliJ IDEA Community Edition 2021.1.1\bin;;C:\Users\Administrator\AppData\Roaming\npm;C:\Users\Administrator\AppData\Local\Programs\Microsoft VS Code Insiders\bin;C:\WINDOWS\system32;
USERNAME=Administrator
OS=Windows_NT
PROCESSOR_IDENTIFIER=Intel64 Family 6 Model 78 Stepping 3, GenuineIntel



---------------  S Y S T E M  ---------------

OS: Windows 10.0 , 64 bit Build 19041 (10.0.19041.1202)

CPU:total 4 (initial active 4) (2 cores per cpu, 2 threads per core) family 6 model 78 stepping 3, cmov, cx8, fxsr, mmx, sse, sse2, sse3, ssse3, sse4.1, sse4.2, popcnt, avx, avx2, aes, clmul, erms, 3dnowpref, lzcnt, ht, tsc, tscinvbit, bmi1, bmi2, adx

Memory: 4k page, physical 8276896k(1984104k free), swap 10374048k(6376k free)

vm_info: Java HotSpot(TM) 64-Bit Server VM (25.144-b01) for windows-amd64 JRE (1.8.0_144-b01), built on Jul 21 2017 21:57:33 by "java_re" with MS VC++ 10.0 (VS2010)

time: Sun Oct 31 13:57:39 2021
elapsed time: 4 seconds (0d 0h 0m 4s)

