#
# There is insufficient memory for the Java Runtime Environment to continue.
# Native memory allocation (malloc) failed to allocate 762176 bytes for Chunk::new
# Possible reasons:
#   The system is out of physical RAM or swap space
#   In 32 bit mode, the process size limit was hit
# Possible solutions:
#   Reduce memory load on the system
#   Increase physical memory or swap space
#   Check if swap backing store is full
#   Use 64 bit Java on a 64 bit OS
#   Decrease Java heap size (-Xmx/-Xms)
#   Decrease number of Java threads
#   Decrease Java thread stack sizes (-Xss)
#   Set larger code cache with -XX:ReservedCodeCacheSize=
# This output file may be truncated or incomplete.
#
#  Out of Memory Error (allocation.cpp:390), pid=5512, tid=0x0000000000002b24
#
# JRE version: Java(TM) SE Runtime Environment (8.0_144-b01) (build 1.8.0_144-b01)
# Java VM: Java HotSpot(TM) 64-Bit Server VM (25.144-b01 mixed mode windows-amd64 compressed oops)
# Failed to write core dump. Minidumps are not enabled by default on client versions of Windows
#

---------------  T H R E A D  ---------------

Current thread (0x0000000017bc0800):  JavaThread "C2 CompilerThread0" daemon [_thread_in_native, id=11044, stack(0x0000000019220000,0x0000000019320000)]

Stack: [0x0000000019220000,0x0000000019320000]
[error occurred during error reporting (printing stack bounds), id 0xc0000005]

Native frames: (J=compiled Java code, j=interpreted, Vv=VM code, C=native code)


Current CompileTask:
C2:  81618 5943       4       org.sonar.classloader.ClassRealm::loadClassFromSiblings (51 bytes)


---------------  P R O C E S S  ---------------

Java Threads: ( => current thread )
  0x000000001a444000 JavaThread "Okio Watchdog" daemon [_thread_blocked, id=9892, stack(0x000000001eca0000,0x000000001eda0000)]
  0x000000001a71b800 JavaThread "OkHttp ConnectionPool" daemon [_thread_blocked, id=8120, stack(0x000000001eba0000,0x000000001eca0000)]
  0x000000001a7be800 JavaThread "Okio Watchdog" daemon [_thread_blocked, id=12268, stack(0x000000001e560000,0x000000001e660000)]
  0x000000001989f000 JavaThread "OkHttp ConnectionPool" daemon [_thread_blocked, id=11288, stack(0x000000001e460000,0x000000001e560000)]
  0x000000001954c000 JavaThread "Service Thread" daemon [_thread_blocked, id=1724, stack(0x0000000019920000,0x0000000019a20000)]
  0x0000000017bc9000 JavaThread "C1 CompilerThread2" daemon [_thread_blocked, id=7368, stack(0x0000000019420000,0x0000000019520000)]
  0x0000000017bc2800 JavaThread "C2 CompilerThread1" daemon [_thread_blocked, id=11968, stack(0x0000000019320000,0x0000000019420000)]
=>0x0000000017bc0800 JavaThread "C2 CompilerThread0" daemon [_thread_in_native, id=11044, stack(0x0000000019220000,0x0000000019320000)]
  0x0000000017bbe800 JavaThread "Attach Listener" daemon [_thread_blocked, id=9940, stack(0x0000000019120000,0x0000000019220000)]
  0x0000000017bbb000 JavaThread "Signal Dispatcher" daemon [_thread_blocked, id=4256, stack(0x0000000019020000,0x0000000019120000)]
  0x0000000017baa800 JavaThread "Finalizer" daemon [_thread_blocked, id=12024, stack(0x0000000018e20000,0x0000000018f20000)]
  0x0000000003071800 JavaThread "Reference Handler" daemon [_thread_blocked, id=11440, stack(0x0000000018d20000,0x0000000018e20000)]
  0x0000000002f82800 JavaThread "main" [_thread_in_vm, id=984, stack(0x0000000002e80000,0x0000000002f80000)]

Other Threads:
  0x0000000017b89800 VMThread [stack: 0x0000000018c20000,0x0000000018d20000] [id=10088]
  0x0000000019571800 WatcherThread [stack: 0x0000000019a20000,0x0000000019b20000] [id=10208]

VM state:not at safepoint (normal execution)

VM Mutex/Monitor currently owned by a thread: None

Heap:
 PSYoungGen      total 60928K, used 18229K [0x00000000d5e00000, 0x00000000dad00000, 0x0000000100000000)
  eden space 47616K, 23% used [0x00000000d5e00000,0x00000000d6916fa8,0x00000000d8c80000)
  from space 13312K, 51% used [0x00000000d8c80000,0x00000000d9336498,0x00000000d9980000)
  to   space 12800K, 0% used [0x00000000d9980000,0x00000000d9980000,0x00000000da600000)
 ParOldGen       total 94720K, used 27810K [0x0000000081a00000, 0x0000000087680000, 0x00000000d5e00000)
  object space 94720K, 29% used [0x0000000081a00000,0x00000000835289e0,0x0000000087680000)
 Metaspace       used 40943K, capacity 42964K, committed 43264K, reserved 1087488K
  class space    used 4935K, capacity 5537K, committed 5632K, reserved 1048576K

Card table byte_map: [0x0000000012440000,0x0000000012840000] byte_map_base: 0x0000000012033000

Marking Bits: (ParMarkBitMap*) 0x0000000077e9d850
 Begin Bits: [0x0000000012ef0000, 0x0000000014e88000)
 End Bits:   [0x0000000014e88000, 0x0000000016e20000)

Polling page: 0x0000000001030000

CodeCache: size=245760Kb used=17801Kb max_used=17802Kb free=227958Kb
 bounds [0x0000000003080000, 0x0000000004200000, 0x0000000012080000]
 total_blobs=5811 nmethods=5337 adapters=385
 compilation: enabled

Compilation events (10 events):
Event: 81.573 Thread 0x0000000017bc9000 5965       3       sun.security.provider.JavaKeyStore$JKS::engineGetCertificate (6 bytes)
Event: 81.573 Thread 0x0000000017bc9000 nmethod 5965 0x00000000041dc250 code [0x00000000041dc3c0, 0x00000000041dc548]
Event: 81.574 Thread 0x0000000017bc9000 5966       3       java.util.LinkedHashSet::<init> (9 bytes)
Event: 81.575 Thread 0x0000000017bc9000 nmethod 5966 0x00000000041dc5d0 code [0x00000000041dc780, 0x00000000041dcb88]
Event: 81.579 Thread 0x0000000017bc9000 5967       3       sun.invoke.util.VerifyAccess::isMemberAccessible (261 bytes)
Event: 81.580 Thread 0x0000000017bc9000 nmethod 5967 0x00000000041dcdd0 code [0x00000000041dd0a0, 0x00000000041de658]
Event: 81.580 Thread 0x0000000017bc9000 5968       3       java.lang.invoke.ConstantCallSite::getTarget (20 bytes)
Event: 81.580 Thread 0x0000000017bc9000 nmethod 5968 0x00000000041dee90 code [0x00000000041df000, 0x00000000041df268]
Event: 81.580 Thread 0x0000000017bc9000 5969       3       org.sonar.scanner.scan.MutableModuleSettings::set (32 bytes)
Event: 81.581 Thread 0x0000000017bc9000 nmethod 5969 0x00000000041df350 code [0x00000000041df500, 0x00000000041dfa98]

GC Heap History (10 events):
Event: 75.478 GC heap before
{Heap before GC invocations=15 (full 1):
 PSYoungGen      total 44032K, used 37428K [0x00000000d5e00000, 0x00000000d9d80000, 0x0000000100000000)
  eden space 30720K, 100% used [0x00000000d5e00000,0x00000000d7c00000,0x00000000d7c00000)
  from space 13312K, 50% used [0x00000000d7c00000,0x00000000d828d2d8,0x00000000d8900000)
  to   space 13312K, 0% used [0x00000000d9080000,0x00000000d9080000,0x00000000d9d80000)
 ParOldGen       total 71168K, used 21116K [0x0000000081a00000, 0x0000000085f80000, 0x00000000d5e00000)
  object space 71168K, 29% used [0x0000000081a00000,0x0000000082e9f298,0x0000000085f80000)
 Metaspace       used 31348K, capacity 32090K, committed 32512K, reserved 1077248K
  class space    used 3736K, capacity 3988K, committed 4096K, reserved 1048576K
Event: 75.485 GC heap after
Heap after GC invocations=15 (full 1):
 PSYoungGen      total 48640K, used 6676K [0x00000000d5e00000, 0x00000000d9b80000, 0x0000000100000000)
  eden space 37376K, 0% used [0x00000000d5e00000,0x00000000d5e00000,0x00000000d8280000)
  from space 11264K, 59% used [0x00000000d9080000,0x00000000d97052d8,0x00000000d9b80000)
  to   space 12800K, 0% used [0x00000000d8280000,0x00000000d8280000,0x00000000d8f00000)
 ParOldGen       total 71168K, used 21124K [0x0000000081a00000, 0x0000000085f80000, 0x00000000d5e00000)
  object space 71168K, 29% used [0x0000000081a00000,0x0000000082ea1298,0x0000000085f80000)
 Metaspace       used 31348K, capacity 32090K, committed 32512K, reserved 1077248K
  class space    used 3736K, capacity 3988K, committed 4096K, reserved 1048576K
}
Event: 76.185 GC heap before
{Heap before GC invocations=16 (full 1):
 PSYoungGen      total 48640K, used 44052K [0x00000000d5e00000, 0x00000000d9b80000, 0x0000000100000000)
  eden space 37376K, 100% used [0x00000000d5e00000,0x00000000d8280000,0x00000000d8280000)
  from space 11264K, 59% used [0x00000000d9080000,0x00000000d97052d8,0x00000000d9b80000)
  to   space 12800K, 0% used [0x00000000d8280000,0x00000000d8280000,0x00000000d8f00000)
 ParOldGen       total 71168K, used 21124K [0x0000000081a00000, 0x0000000085f80000, 0x00000000d5e00000)
  object space 71168K, 29% used [0x0000000081a00000,0x0000000082ea1298,0x0000000085f80000)
 Metaspace       used 33025K, capacity 34142K, committed 34304K, reserved 1079296K
  class space    used 3983K, capacity 4333K, committed 4352K, reserved 1048576K
Event: 76.193 GC heap after
Heap after GC invocations=16 (full 1):
 PSYoungGen      total 50176K, used 9565K [0x00000000d5e00000, 0x00000000da600000, 0x0000000100000000)
  eden space 37376K, 0% used [0x00000000d5e00000,0x00000000d5e00000,0x00000000d8280000)
  from space 12800K, 74% used [0x00000000d8280000,0x00000000d8bd7540,0x00000000d8f00000)
  to   space 12800K, 0% used [0x00000000d9980000,0x00000000d9980000,0x00000000da600000)
 ParOldGen       total 71168K, used 21132K [0x0000000081a00000, 0x0000000085f80000, 0x00000000d5e00000)
  object space 71168K, 29% used [0x0000000081a00000,0x0000000082ea3298,0x0000000085f80000)
 Metaspace       used 33025K, capacity 34142K, committed 34304K, reserved 1079296K
  class space    used 3983K, capacity 4333K, committed 4352K, reserved 1048576K
}
Event: 76.393 GC heap before
{Heap before GC invocations=17 (full 1):
 PSYoungGen      total 50176K, used 27481K [0x00000000d5e00000, 0x00000000da600000, 0x0000000100000000)
  eden space 37376K, 47% used [0x00000000d5e00000,0x00000000d6f7ef90,0x00000000d8280000)
  from space 12800K, 74% used [0x00000000d8280000,0x00000000d8bd7540,0x00000000d8f00000)
  to   space 12800K, 0% used [0x00000000d9980000,0x00000000d9980000,0x00000000da600000)
 ParOldGen       total 71168K, used 21132K [0x0000000081a00000, 0x0000000085f80000, 0x00000000d5e00000)
  object space 71168K, 29% used [0x0000000081a00000,0x0000000082ea3298,0x0000000085f80000)
 Metaspace       used 33982K, capacity 35440K, committed 35496K, reserved 1081344K
  class space    used 4109K, capacity 4599K, committed 4608K, reserved 1048576K
Event: 76.407 GC heap after
Heap after GC invocations=17 (full 1):
 PSYoungGen      total 60416K, used 10774K [0x00000000d5e00000, 0x00000000dad00000, 0x0000000100000000)
  eden space 47616K, 0% used [0x00000000d5e00000,0x00000000d5e00000,0x00000000d8c80000)
  from space 12800K, 84% used [0x00000000d9980000,0x00000000da405a88,0x00000000da600000)
  to   space 13312K, 0% used [0x00000000d8c80000,0x00000000d8c80000,0x00000000d9980000)
 ParOldGen       total 71168K, used 21140K [0x0000000081a00000, 0x0000000085f80000, 0x00000000d5e00000)
  object space 71168K, 29% used [0x0000000081a00000,0x0000000082ea5298,0x0000000085f80000)
 Metaspace       used 33982K, capacity 35440K, committed 35496K, reserved 1081344K
  class space    used 4109K, capacity 4599K, committed 4608K, reserved 1048576K
}
Event: 76.407 GC heap before
{Heap before GC invocations=18 (full 2):
 PSYoungGen      total 60416K, used 10774K [0x00000000d5e00000, 0x00000000dad00000, 0x0000000100000000)
  eden space 47616K, 0% used [0x00000000d5e00000,0x00000000d5e00000,0x00000000d8c80000)
  from space 12800K, 84% used [0x00000000d9980000,0x00000000da405a88,0x00000000da600000)
  to   space 13312K, 0% used [0x00000000d8c80000,0x00000000d8c80000,0x00000000d9980000)
 ParOldGen       total 71168K, used 21140K [0x0000000081a00000, 0x0000000085f80000, 0x00000000d5e00000)
  object space 71168K, 29% used [0x0000000081a00000,0x0000000082ea5298,0x0000000085f80000)
 Metaspace       used 33982K, capacity 35440K, committed 35496K, reserved 1081344K
  class space    used 4109K, capacity 4599K, committed 4608K, reserved 1048576K
Event: 76.512 GC heap after
Heap after GC invocations=18 (full 2):
 PSYoungGen      total 60416K, used 0K [0x00000000d5e00000, 0x00000000dad00000, 0x0000000100000000)
  eden space 47616K, 0% used [0x00000000d5e00000,0x00000000d5e00000,0x00000000d8c80000)
  from space 12800K, 0% used [0x00000000d9980000,0x00000000d9980000,0x00000000da600000)
  to   space 13312K, 0% used [0x00000000d8c80000,0x00000000d8c80000,0x00000000d9980000)
 ParOldGen       total 94720K, used 27802K [0x0000000081a00000, 0x0000000087680000, 0x00000000d5e00000)
  object space 94720K, 29% used [0x0000000081a00000,0x00000000835269e0,0x0000000087680000)
 Metaspace       used 33982K, capacity 35440K, committed 35496K, reserved 1081344K
  class space    used 4109K, capacity 4599K, committed 4608K, reserved 1048576K
}
Event: 81.478 GC heap before
{Heap before GC invocations=19 (full 2):
 PSYoungGen      total 60416K, used 47616K [0x00000000d5e00000, 0x00000000dad00000, 0x0000000100000000)
  eden space 47616K, 100% used [0x00000000d5e00000,0x00000000d8c80000,0x00000000d8c80000)
  from space 12800K, 0% used [0x00000000d9980000,0x00000000d9980000,0x00000000da600000)
  to   space 13312K, 0% used [0x00000000d8c80000,0x00000000d8c80000,0x00000000d9980000)
 ParOldGen       total 94720K, used 27802K [0x0000000081a00000, 0x0000000087680000, 0x00000000d5e00000)
  object space 94720K, 29% used [0x0000000081a00000,0x00000000835269e0,0x0000000087680000)
 Metaspace       used 39879K, capacity 41996K, committed 42112K, reserved 1085440K
  class space    used 4816K, capacity 5494K, committed 5504K, reserved 1048576K
Event: 81.483 GC heap after
Heap after GC invocations=19 (full 2):
 PSYoungGen      total 60928K, used 6873K [0x00000000d5e00000, 0x00000000dad00000, 0x0000000100000000)
  eden space 47616K, 0% used [0x00000000d5e00000,0x00000000d5e00000,0x00000000d8c80000)
  from space 13312K, 51% used [0x00000000d8c80000,0x00000000d9336498,0x00000000d9980000)
  to   space 12800K, 0% used [0x00000000d9980000,0x00000000d9980000,0x00000000da600000)
 ParOldGen       total 94720K, used 27810K [0x0000000081a00000, 0x0000000087680000, 0x00000000d5e00000)
  object space 94720K, 29% used [0x0000000081a00000,0x00000000835289e0,0x0000000087680000)
 Metaspace       used 39879K, capacity 41996K, committed 42112K, reserved 1085440K
  class space    used 4816K, capacity 5494K, committed 5504K, reserved 1048576K
}

Deoptimization events (10 events):
Event: 76.513 Thread 0x0000000017baa800 Uncommon trap: reason=null_check action=make_not_entrant pc=0x0000000003e09288 method=java.util.zip.ZipFile$ZipFileInflaterInputStream.close()V @ 40
Event: 76.689 Thread 0x0000000002f82800 Uncommon trap: reason=unstable_if action=reinterpret pc=0x0000000003720ce0 method=java.util.HashMap.hash(Ljava/lang/Object;)I @ 1
Event: 76.908 Thread 0x0000000002f82800 Uncommon trap: reason=class_check action=maybe_recompile pc=0x0000000003ee4148 method=okhttp3.internal.connection.Exchange$ResponseBodySource.read(Lokio/Buffer;J)J @ 23
Event: 76.909 Thread 0x0000000002f82800 Uncommon trap: reason=class_check action=maybe_recompile pc=0x0000000003ee4148 method=okhttp3.internal.connection.Exchange$ResponseBodySource.read(Lokio/Buffer;J)J @ 23
Event: 77.663 Thread 0x0000000002f82800 Uncommon trap: reason=class_check action=maybe_recompile pc=0x0000000003ee4148 method=okhttp3.internal.connection.Exchange$ResponseBodySource.read(Lokio/Buffer;J)J @ 23
Event: 77.690 Thread 0x0000000002f82800 Uncommon trap: reason=class_check action=maybe_recompile pc=0x0000000003ee4148 method=okhttp3.internal.connection.Exchange$ResponseBodySource.read(Lokio/Buffer;J)J @ 23
Event: 80.022 Thread 0x0000000002f82800 Uncommon trap: reason=unstable_if action=reinterpret pc=0x0000000004060f78 method=com.google.protobuf.CodedInputStream$StreamDecoder.readRawVarint32()I @ 66
Event: 81.204 Thread 0x0000000002f82800 Uncommon trap: reason=unstable_if action=reinterpret pc=0x0000000003d3c1dc method=java.io.WinNTFileSystem.prefixLength(Ljava/lang/String;)I @ 61
Event: 81.436 Thread 0x0000000002f82800 Uncommon trap: reason=unstable_if action=reinterpret pc=0x000000000419ed48 method=org.sonar.api.internal.apachecommons.lang.StringUtils.isEmpty(Ljava/lang/String;)Z @ 1
Event: 81.484 Thread 0x0000000017baa800 Uncommon trap: reason=unstable_if action=reinterpret pc=0x0000000003fa72ac method=java.util.WeakHashMap.eq(Ljava/lang/Object;Ljava/lang/Object;)Z @ 10

Internal exceptions (10 events):
Event: 76.689 Thread 0x0000000002f82800 Implicit null exception at 0x0000000003720ad5 to 0x0000000003720cd1
Event: 76.748 Thread 0x0000000002f82800 Exception <a 'sun/nio/fs/WindowsException'> (0x00000000d6ebde20) thrown at [C:\re\workspace\8-2-build-windows-amd64-cygwin\jdk8u144\9417\hotspot\src\share\vm\prims\jni.cpp, line 709]
Event: 76.761 Thread 0x0000000002f82800 Exception <a 'sun/nio/fs/WindowsException'> (0x00000000d6f6dc38) thrown at [C:\re\workspace\8-2-build-windows-amd64-cygwin\jdk8u144\9417\hotspot\src\share\vm\prims\jni.cpp, line 709]
Event: 76.762 Thread 0x0000000002f82800 Exception <a 'sun/nio/fs/WindowsException'> (0x00000000d6f71860) thrown at [C:\re\workspace\8-2-build-windows-amd64-cygwin\jdk8u144\9417\hotspot\src\share\vm\prims\jni.cpp, line 709]
Event: 76.917 Thread 0x0000000002f82800 Exception <a 'sun/nio/fs/WindowsException'> (0x00000000d6fa45d0) thrown at [C:\re\workspace\8-2-build-windows-amd64-cygwin\jdk8u144\9417\hotspot\src\share\vm\prims\jni.cpp, line 709]
Event: 81.232 Thread 0x0000000002f82800 Exception <a 'java/lang/NoSuchMethodError': java.lang.Object.lambda$comparing$77a9974f$1(Ljava/util/function/Function;Ljava/lang/Object;Ljava/lang/Object;)I> (0x00000000d82c1ef8) thrown at [C:\re\workspace\8-2-build-windows-amd64-cygwin\jdk8u144\9417\hots
Event: 81.418 Thread 0x000000001bf48000 Exception <a 'java/lang/InterruptedException': sleep interrupted> (0x00000000d877fa28) thrown at [C:\re\workspace\8-2-build-windows-amd64-cygwin\jdk8u144\9417\hotspot\src\share\vm\prims\jvm.cpp, line 3228]
Event: 81.435 Thread 0x0000000002f82800 Implicit null exception at 0x000000000419ed0c to 0x000000000419ed39
Event: 81.565 Thread 0x0000000002f82800 Exception <a 'java/lang/NoSuchMethodError': java.lang.Object.lambda$static$0(Lokhttp3/Route;Lokhttp3/Response;)Lokhttp3/Request;> (0x00000000d6566da8) thrown at [C:\re\workspace\8-2-build-windows-amd64-cygwin\jdk8u144\9417\hotspot\src\share\vm\interpreter
Event: 81.567 Thread 0x0000000002f82800 Exception <a 'java/lang/NoSuchMethodError': java.lang.Object.lambda$static$0(Ljava/lang/String;)Ljava/util/List;> (0x00000000d6588970) thrown at [C:\re\workspace\8-2-build-windows-amd64-cygwin\jdk8u144\9417\hotspot\src\share\vm\interpreter\linkResolver.cp

Events (10 events):
Event: 81.574 loading class org/sonar/api/internal/apachecommons/io/FileUtils
Event: 81.574 loading class org/sonar/api/internal/apachecommons/io/FileUtils done
Event: 81.576 loading class org/sonar/api/internal/apachecommons/io/filefilter/IOFileFilter
Event: 81.576 loading class org/sonar/api/internal/apachecommons/io/filefilter/IOFileFilter done
Event: 81.576 loading class org/sonar/api/internal/apachecommons/io/output/NullOutputStream
Event: 81.576 loading class org/sonar/api/internal/apachecommons/io/output/NullOutputStream done
Event: 81.576 loading class org/sonar/api/internal/apachecommons/io/FileExistsException
Event: 81.576 loading class org/sonar/api/internal/apachecommons/io/FileExistsException done
Event: 81.580 loading class org/sonar/api/batch/fs/internal/DefaultFilePredicates
Event: 81.580 loading class org/sonar/api/batch/fs/internal/DefaultFilePredicates done


Dynamic libraries:
0x00007ff70ad80000 - 0x00007ff70adb7000 	C:\ProgramData\Oracle\Java\javapath\java.exe
0x00007ff820090000 - 0x00007ff820285000 	C:\WINDOWS\SYSTEM32\ntdll.dll
0x00007ff81ee70000 - 0x00007ff81ef2e000 	C:\WINDOWS\System32\KERNEL32.DLL
0x00007ff81d850000 - 0x00007ff81db19000 	C:\WINDOWS\System32\KERNELBASE.dll
0x00007ff81fe20000 - 0x00007ff81fecc000 	C:\WINDOWS\System32\ADVAPI32.dll
0x00007ff81fed0000 - 0x00007ff81ff6e000 	C:\WINDOWS\System32\msvcrt.dll
0x00007ff81f330000 - 0x00007ff81f3cb000 	C:\WINDOWS\System32\sechost.dll
0x00007ff81fc10000 - 0x00007ff81fd3a000 	C:\WINDOWS\System32\RPCRT4.dll
0x00007ff81ef90000 - 0x00007ff81f131000 	C:\WINDOWS\System32\USER32.dll
0x00007ff81dbe0000 - 0x00007ff81dc02000 	C:\WINDOWS\System32\win32u.dll
0x00007ff81f140000 - 0x00007ff81f16b000 	C:\WINDOWS\System32\GDI32.dll
0x00007ff81de70000 - 0x00007ff81df7b000 	C:\WINDOWS\System32\gdi32full.dll
0x00007ff81d7b0000 - 0x00007ff81d84d000 	C:\WINDOWS\System32\msvcp_win.dll
0x00007ff81dc10000 - 0x00007ff81dd10000 	C:\WINDOWS\System32\ucrtbase.dll
0x00007ff80f3f0000 - 0x00007ff80f68a000 	C:\WINDOWS\WinSxS\amd64_microsoft.windows.common-controls_6595b64144ccf1df_6.0.19041.1110_none_60b5254171f9507e\COMCTL32.dll
0x00007ff81ecb0000 - 0x00007ff81ece0000 	C:\WINDOWS\System32\IMM32.DLL
0x0000000077f20000 - 0x0000000077ff2000 	C:\Program Files\Java\jre1.8.0_144\bin\msvcr100.dll
0x0000000077680000 - 0x0000000077f1d000 	C:\Program Files\Java\jre1.8.0_144\bin\server\jvm.dll
0x00007ff81f320000 - 0x00007ff81f328000 	C:\WINDOWS\System32\PSAPI.DLL
0x00007ff810a30000 - 0x00007ff810a57000 	C:\WINDOWS\SYSTEM32\WINMM.dll
0x00007ff80d4c0000 - 0x00007ff80d4c9000 	C:\WINDOWS\SYSTEM32\WSOCK32.dll
0x00007ff815900000 - 0x00007ff81590a000 	C:\WINDOWS\SYSTEM32\VERSION.dll
0x00007ff81f590000 - 0x00007ff81f5fb000 	C:\WINDOWS\System32\WS2_32.dll
0x0000000050080000 - 0x000000005008f000 	C:\Program Files\Java\jre1.8.0_144\bin\verify.dll
0x0000000050050000 - 0x0000000050079000 	C:\Program Files\Java\jre1.8.0_144\bin\java.dll
0x0000000050030000 - 0x0000000050046000 	C:\Program Files\Java\jre1.8.0_144\bin\zip.dll
0x00007ff81e0e0000 - 0x00007ff81e81f000 	C:\WINDOWS\System32\SHELL32.dll
0x00007ff81b460000 - 0x00007ff81bbf0000 	C:\WINDOWS\SYSTEM32\windows.storage.dll
0x00007ff81e820000 - 0x00007ff81eb75000 	C:\WINDOWS\System32\combase.dll
0x00007ff81d130000 - 0x00007ff81d15c000 	C:\WINDOWS\SYSTEM32\Wldp.dll
0x00007ff81f3d0000 - 0x00007ff81f47d000 	C:\WINDOWS\System32\SHCORE.dll
0x00007ff81ed60000 - 0x00007ff81edb5000 	C:\WINDOWS\System32\shlwapi.dll
0x00007ff81d6f0000 - 0x00007ff81d70f000 	C:\WINDOWS\SYSTEM32\profapi.dll
0x00007ff816440000 - 0x00007ff81644a000 	F:\apache-maven-3.6.3-bin\apache-maven-3.6.3\lib\jansi-native\windows64\jansi.dll
0x0000000050010000 - 0x000000005002a000 	C:\Program Files\Java\jre1.8.0_144\bin\net.dll
0x00007ff81ce50000 - 0x00007ff81ceba000 	C:\WINDOWS\system32\mswsock.dll
0x0000000077660000 - 0x0000000077671000 	C:\Program Files\Java\jre1.8.0_144\bin\nio.dll
0x0000000077630000 - 0x0000000077654000 	C:\Program Files\Java\jre1.8.0_144\bin\sunec.dll
0x00007ff81cb50000 - 0x00007ff81cb8b000 	C:\WINDOWS\SYSTEM32\IPHLPAPI.DLL
0x00007ff81ff70000 - 0x00007ff81ff78000 	C:\WINDOWS\System32\NSI.dll
0x00007ff81b2d0000 - 0x00007ff81b2e7000 	C:\WINDOWS\SYSTEM32\dhcpcsvc6.DLL
0x00007ff81b2b0000 - 0x00007ff81b2cd000 	C:\WINDOWS\SYSTEM32\dhcpcsvc.DLL
0x00007ff81cb90000 - 0x00007ff81cc5c000 	C:\WINDOWS\SYSTEM32\DNSAPI.dll
0x00007ff81d060000 - 0x00007ff81d078000 	C:\WINDOWS\SYSTEM32\CRYPTSP.dll
0x00007ff81c7d0000 - 0x00007ff81c804000 	C:\WINDOWS\system32\rsaenh.dll
0x00007ff81db20000 - 0x00007ff81db47000 	C:\WINDOWS\System32\bcrypt.dll
0x00007ff81d6b0000 - 0x00007ff81d6de000 	C:\WINDOWS\SYSTEM32\USERENV.dll
0x00007ff81db50000 - 0x00007ff81dbd3000 	C:\WINDOWS\System32\bcryptprimitives.dll
0x00007ff81d080000 - 0x00007ff81d08c000 	C:\WINDOWS\SYSTEM32\CRYPTBASE.dll
0x00007ff80f730000 - 0x00007ff80f73a000 	C:\Windows\System32\rasadhlp.dll
0x00007ff80fca0000 - 0x00007ff80fd1f000 	C:\WINDOWS\System32\fwpuclnt.dll
0x0000000077620000 - 0x000000007762b000 	C:\Program Files\Java\jre1.8.0_144\bin\sunmscapi.dll
0x00007ff81dd10000 - 0x00007ff81de66000 	C:\WINDOWS\System32\CRYPT32.dll

VM Arguments:
jvm_args: -Dclassworlds.conf=F:\apache-maven-3.6.3-bin\apache-maven-3.6.3\bin\..\bin\m2.conf -Dmaven.home=F:\apache-maven-3.6.3-bin\apache-maven-3.6.3\bin\.. -Dlibrary.jansi.path=F:\apache-maven-3.6.3-bin\apache-maven-3.6.3\bin\..\lib\jansi-native -Dmaven.multiModuleProjectDirectory=C:\Users\Administrator\eclipse-workspace\e-stock-application 
java_command: org.codehaus.plexus.classworlds.launcher.Launcher sonar:sonar \ -Dsonar.projectKey=e-stock \ -Dsonar.host.url=http://localhost:9000 \ -Dsonar.login=d8e01936d09f7df8eb8c39baf7b8560894d228db
java_class_path (initial): F:\apache-maven-3.6.3-bin\apache-maven-3.6.3\bin\..\boot\plexus-classworlds-2.6.0.jar
Launcher Type: SUN_STANDARD

Environment Variables:
PATH=F:\WINDOWS.X64_193000_db_home\bin;C:\ProgramData\Oracle\Java\javapath;C:\Users\Raisul\eclipse-workspace\AutoCVUpload\Sikuli-IDE\libs;C:\Program Files\Java\jre1.8.0_144\bin;C:\Program Files\Apache Software Foundation\Tomcat 9.0\bin;C:\Program Files\Git\cmd;F:\apache-maven-3.6.3-bin\apache-maven-3.6.3\bin;C:\Windows\System32;C:\WINDOWS\system32;C:\WINDOWS;C:\WINDOWS\System32\Wbem;C:\WINDOWS\System32\WindowsPowerShell\v1.0\;C:\WINDOWS\System32\OpenSSH\;F:\kubectl;C:\Program Files\Java\jdk1.8.0_144\bin;C:\Program Files\nodejs;C:\Users\91888\AppData\Roaming\npm;C:\Users\91888\AppData\Roaming\npm\node_modules\@angular\cli\bin;C:\Program Files\Intel\CalibrationToolAPI\2.11.0.0\bin;C:\Users\Administrator\AppData\Roaming\npm\node_modules\@angular\cli\bin;C:\Users\Administrator\AppData\Local\Microsoft\WindowsApps;C:\Program Files\JetBrains\IntelliJ IDEA Community Edition 2021.1.1\bin;C:\Users\Administrator\AppData\Roaming\npm;C:\Users\Administrator\AppData\Local\Programs\Microsoft VS Code Insiders\bin
USERNAME=Administrator
OS=Windows_NT
PROCESSOR_IDENTIFIER=Intel64 Family 6 Model 78 Stepping 3, GenuineIntel



---------------  S Y S T E M  ---------------

OS: Windows 10.0 , 64 bit Build 19041 (10.0.19041.1202)

CPU:total 4 (initial active 4) (2 cores per cpu, 2 threads per core) family 6 model 78 stepping 3, cmov, cx8, fxsr, mmx, sse, sse2, sse3, ssse3, sse4.1, sse4.2, popcnt, avx, avx2, aes, clmul, erms, 3dnowpref, lzcnt, ht, tsc, tscinvbit, bmi1, bmi2, adx

Memory: 4k page, physical 8276896k(823048k free), swap 10374048k(5288k free)

vm_info: Java HotSpot(TM) 64-Bit Server VM (25.144-b01) for windows-amd64 JRE (1.8.0_144-b01), built on Jul 21 2017 21:57:33 by "java_re" with MS VC++ 10.0 (VS2010)

time: Sun Oct 31 08:58:16 2021
elapsed time: 81 seconds (0d 0h 1m 21s)

