#
# There is insufficient memory for the Java Runtime Environment to continue.
# Native memory allocation (malloc) failed to allocate 1202416 bytes for Chunk::new
# Possible reasons:
#   The system is out of physical RAM or swap space
#   The process is running with CompressedOops enabled, and the Java Heap may be blocking the growth of the native heap
# Possible solutions:
#   Reduce memory load on the system
#   Increase physical memory or swap space
#   Check if swap backing store is full
#   Decrease Java heap size (-Xmx/-Xms)
#   Decrease number of Java threads
#   Decrease Java thread stack sizes (-Xss)
#   Set larger code cache with -XX:ReservedCodeCacheSize=
#   JVM is running with Unscaled Compressed Oops mode in which the Java heap is
#     placed in the first 4GB address space. The Java Heap base address is the
#     maximum limit for the native heap growth. Please use -XX:HeapBaseMinAddress
#     to set the Java Heap base and to place the Java Heap above 4GB virtual address.
# This output file may be truncated or incomplete.
#
#  Out of Memory Error (arena.cpp:189), pid=10512, tid=10652
#
# JRE version: OpenJDK Runtime Environment Temurin-17+35 (17.0+35) (build 17+35)
# Java VM: OpenJDK 64-Bit Server VM Temurin-17+35 (17+35, mixed mode, tiered, compressed oops, compressed class ptrs, g1 gc, windows-amd64)
# No core dump will be written. Minidumps are not enabled by default on client versions of Windows
#

---------------  S U M M A R Y ------------

Command Line: -Dmaven.home=EMBEDDED -Dclassworlds.conf=C:\Users\Administrator\Documents\workspace-spring-tool-suite-4-4.12.1.RELEASE\.metadata\.plugins\org.eclipse.m2e.launching\launches\m2conf3530741827246452843.tmp -Dmaven.multiModuleProjectDirectory=C:\Users\Administrator\eclipse-workspace\e-stock-application -Djansi.force=true -Djansi.passthrough=true -Dfile.encoding=Cp1252 -XX:+ShowCodeDetailsInExceptionMessages org.codehaus.plexus.classworlds.launcher.Launcher -B package -Dstyle.color=always

Host: Intel(R) Core(TM) i5-6200U CPU @ 2.30GHz, 4 cores, 7G,  Windows 10 , 64 bit Build 19041 (10.0.19041.1202)
Time: Sun Oct 31 19:09:56 2021 India Standard Time elapsed time: 11.821219 seconds (0d 0h 0m 11s)

---------------  T H R E A D  ---------------

Current thread (0x00000212f14b5ae0):  JavaThread "C2 CompilerThread1" daemon [_thread_in_native, id=10652, stack(0x00000017ad300000,0x00000017ad400000)]


Current CompileTask:
C2:  11821 6897       4       org.apache.maven.model.merge.MavenModelMerger::mergePlugin_Executions (235 bytes)

Stack: [0x00000017ad300000,0x00000017ad400000]
Native frames: (J=compiled Java code, j=interpreted, Vv=VM code, C=native code)
V  [jvm.dll+0x674afa]
V  [jvm.dll+0x82eb44]
V  [jvm.dll+0x8302ee]
V  [jvm.dll+0x830953]
V  [jvm.dll+0x245335]
V  [jvm.dll+0xab52b]
V  [jvm.dll+0xababc]
V  [jvm.dll+0x3632a2]
V  [jvm.dll+0x32d6c1]
V  [jvm.dll+0x32cb6a]
V  [jvm.dll+0x2181f1]
V  [jvm.dll+0x217611]
V  [jvm.dll+0x1a356d]
V  [jvm.dll+0x226ff8]
V  [jvm.dll+0x22513c]
V  [jvm.dll+0x7e47fb]
V  [jvm.dll+0x7dedba]
V  [jvm.dll+0x673925]
C  [ucrtbase.dll+0x21bb2]
C  [KERNEL32.DLL+0x17034]
C  [ntdll.dll+0x52651]


---------------  P R O C E S S  ---------------

Threads class SMR info:
_java_thread_list=0x00000212f1a68bb0, length=13, elements={
0x00000212d5ace760, 0x00000212ef166390, 0x00000212ef167700, 0x00000212ef1dd430,
0x00000212ef1de490, 0x00000212ef1dfd60, 0x00000212ef1e0eb0, 0x00000212ef1e1b90,
0x00000212ef1e7630, 0x00000212ef1e9c40, 0x00000212efd610f0, 0x00000212efd65860,
0x00000212f14b5ae0
}

Java Threads: ( => current thread )
  0x00000212d5ace760 JavaThread "main" [_thread_in_vm, id=8344, stack(0x00000017abc00000,0x00000017abd00000)]
  0x00000212ef166390 JavaThread "Reference Handler" daemon [_thread_blocked, id=10836, stack(0x00000017ac300000,0x00000017ac400000)]
  0x00000212ef167700 JavaThread "Finalizer" daemon [_thread_blocked, id=4332, stack(0x00000017ac400000,0x00000017ac500000)]
  0x00000212ef1dd430 JavaThread "Signal Dispatcher" daemon [_thread_blocked, id=9936, stack(0x00000017ac500000,0x00000017ac600000)]
  0x00000212ef1de490 JavaThread "Attach Listener" daemon [_thread_blocked, id=356, stack(0x00000017ac600000,0x00000017ac700000)]
  0x00000212ef1dfd60 JavaThread "Service Thread" daemon [_thread_blocked, id=4756, stack(0x00000017ac700000,0x00000017ac800000)]
  0x00000212ef1e0eb0 JavaThread "Monitor Deflation Thread" daemon [_thread_blocked, id=1520, stack(0x00000017ac800000,0x00000017ac900000)]
  0x00000212ef1e1b90 JavaThread "C2 CompilerThread0" daemon [_thread_in_native, id=10616, stack(0x00000017ac900000,0x00000017aca00000)]
  0x00000212ef1e7630 JavaThread "C1 CompilerThread0" daemon [_thread_blocked, id=6072, stack(0x00000017aca00000,0x00000017acb00000)]
  0x00000212ef1e9c40 JavaThread "Sweeper thread" daemon [_thread_blocked, id=9972, stack(0x00000017acb00000,0x00000017acc00000)]
  0x00000212efd610f0 JavaThread "Notification Thread" daemon [_thread_blocked, id=7768, stack(0x00000017acc00000,0x00000017acd00000)]
  0x00000212efd65860 JavaThread "Common-Cleaner" daemon [_thread_blocked, id=9460, stack(0x00000017ace00000,0x00000017acf00000)]
=>0x00000212f14b5ae0 JavaThread "C2 CompilerThread1" daemon [_thread_in_native, id=10652, stack(0x00000017ad300000,0x00000017ad400000)]

Other Threads:
  0x00000212ef128400 VMThread "VM Thread" [stack: 0x00000017ac200000,0x00000017ac300000] [id=4868]
  0x00000212efd655d0 WatcherThread [stack: 0x00000017acd00000,0x00000017ace00000] [id=8108]
  0x00000212d5b0b5a0 GCTaskThread "GC Thread#0" [stack: 0x00000017abd00000,0x00000017abe00000] [id=10832]
  0x00000212f0258030 GCTaskThread "GC Thread#1" [stack: 0x00000017ad000000,0x00000017ad100000] [id=5104]
  0x00000212f02582e0 GCTaskThread "GC Thread#2" [stack: 0x00000017ad100000,0x00000017ad200000] [id=5128]
  0x00000212f06ed0a0 GCTaskThread "GC Thread#3" [stack: 0x00000017ad200000,0x00000017ad300000] [id=10092]
  0x00000212d5b1d1b0 ConcurrentGCThread "G1 Main Marker" [stack: 0x00000017abe00000,0x00000017abf00000] [id=8768]
  0x00000212d5b1e4a0 ConcurrentGCThread "G1 Conc#0" [stack: 0x00000017abf00000,0x00000017ac000000] [id=1216]
  0x00000212d5b974b0 ConcurrentGCThread "G1 Refine#0" [stack: 0x00000017ac000000,0x00000017ac100000] [id=8672]
  0x00000212f20d3300 ConcurrentGCThread "G1 Refine#1" [stack: 0x00000017ad400000,0x00000017ad500000] [id=2792]
  0x00000212d5b97ed0 ConcurrentGCThread "G1 Service" [stack: 0x00000017ac100000,0x00000017ac200000] [id=11236]

Threads with active compile tasks:
C2 CompilerThread0    11840 6898       4       org.apache.maven.model.inheritance.DefaultInheritanceAssembler$InheritanceModelMerger::mergePlugin (71 bytes)
C2 CompilerThread1    11840 6897       4       org.apache.maven.model.merge.MavenModelMerger::mergePlugin_Executions (235 bytes)

VM state: not at safepoint (normal execution)

VM Mutex/Monitor currently owned by a thread: None

Heap address: 0x0000000081a00000, size: 2022 MB, Compressed Oops mode: 32-bit

CDS archive(s) not mapped
Compressed class space mapped at: 0x0000000100000000-0x0000000140000000, reserved size: 1073741824
Narrow klass base: 0x0000000000000000, Narrow klass shift: 3, Narrow klass range: 0x140000000

GC Precious Log:
 CPUs: 4 total, 4 available
 Memory: 8082M
 Large Page Support: Disabled
 NUMA Support: Disabled
 Compressed Oops: Enabled (32-bit)
 Heap Region Size: 1M
 Heap Min Capacity: 8M
 Heap Initial Capacity: 128M
 Heap Max Capacity: 2022M
 Pre-touch: Disabled
 Parallel Workers: 4
 Concurrent Workers: 1
 Concurrent Refinement Workers: 4
 Periodic GC: Disabled

Heap:
 garbage-first heap   total 164864K, used 85395K [0x0000000081a00000, 0x0000000100000000)
  region size 1024K, 34 young (34816K), 9 survivors (9216K)
 Metaspace       used 35225K, committed 35520K, reserved 1081344K
  class space    used 3646K, committed 3776K, reserved 1048576K

Heap Regions: E=young(eden), S=young(survivor), O=old, HS=humongous(starts), HC=humongous(continues), CS=collection set, F=free, OA=open archive, CA=closed archive, TAMS=top-at-mark-start (previous, next)
|   0|0x0000000081a00000, 0x0000000081b00000, 0x0000000081b00000|100%| O|  |TAMS 0x0000000081b00000, 0x0000000081a00000| Untracked 
|   1|0x0000000081b00000, 0x0000000081c00000, 0x0000000081c00000|100%| O|  |TAMS 0x0000000081c00000, 0x0000000081b00000| Untracked 
|   2|0x0000000081c00000, 0x0000000081d00000, 0x0000000081d00000|100%| O|  |TAMS 0x0000000081d00000, 0x0000000081c00000| Untracked 
|   3|0x0000000081d00000, 0x0000000081e00000, 0x0000000081e00000|100%| O|  |TAMS 0x0000000081e00000, 0x0000000081d00000| Untracked 
|   4|0x0000000081e00000, 0x0000000081f00000, 0x0000000081f00000|100%| O|  |TAMS 0x0000000081f00000, 0x0000000081e00000| Untracked 
|   5|0x0000000081f00000, 0x0000000082000000, 0x0000000082000000|100%| O|  |TAMS 0x0000000082000000, 0x0000000081f00000| Untracked 
|   6|0x0000000082000000, 0x0000000082100000, 0x0000000082100000|100%| O|  |TAMS 0x0000000082100000, 0x0000000082000000| Untracked 
|   7|0x0000000082100000, 0x0000000082200000, 0x0000000082200000|100%|HS|  |TAMS 0x0000000082100000, 0x0000000082100000| Complete 
|   8|0x0000000082200000, 0x0000000082300000, 0x0000000082300000|100%| O|  |TAMS 0x0000000082300000, 0x0000000082200000| Untracked 
|   9|0x0000000082300000, 0x0000000082400000, 0x0000000082400000|100%| O|  |TAMS 0x0000000082400000, 0x0000000082300000| Untracked 
|  10|0x0000000082400000, 0x0000000082500000, 0x0000000082500000|100%| O|  |TAMS 0x00000000824d3a00, 0x0000000082400000| Untracked 
|  11|0x0000000082500000, 0x0000000082600000, 0x0000000082600000|100%| O|  |TAMS 0x0000000082600000, 0x0000000082500000| Untracked 
|  12|0x0000000082600000, 0x0000000082700000, 0x0000000082700000|100%| O|  |TAMS 0x0000000082700000, 0x0000000082600000| Untracked 
|  13|0x0000000082700000, 0x0000000082800000, 0x0000000082800000|100%| O|  |TAMS 0x0000000082800000, 0x0000000082700000| Untracked 
|  14|0x0000000082800000, 0x0000000082900000, 0x0000000082900000|100%| O|  |TAMS 0x0000000082900000, 0x0000000082800000| Untracked 
|  15|0x0000000082900000, 0x0000000082a00000, 0x0000000082a00000|100%|HS|  |TAMS 0x0000000082900000, 0x0000000082900000| Complete 
|  16|0x0000000082a00000, 0x0000000082b00000, 0x0000000082b00000|100%| O|  |TAMS 0x0000000082a00000, 0x0000000082a00000| Untracked 
|  17|0x0000000082b00000, 0x0000000082c00000, 0x0000000082c00000|100%| O|  |TAMS 0x0000000082b00000, 0x0000000082b00000| Untracked 
|  18|0x0000000082c00000, 0x0000000082d00000, 0x0000000082d00000|100%| O|  |TAMS 0x0000000082c00000, 0x0000000082c00000| Untracked 
|  19|0x0000000082d00000, 0x0000000082e00000, 0x0000000082e00000|100%| O|  |TAMS 0x0000000082d00000, 0x0000000082d00000| Untracked 
|  20|0x0000000082e00000, 0x0000000082f00000, 0x0000000082f00000|100%| O|  |TAMS 0x0000000082e00000, 0x0000000082e00000| Untracked 
|  21|0x0000000082f00000, 0x0000000083000000, 0x0000000083000000|100%| O|  |TAMS 0x0000000082f00000, 0x0000000082f00000| Untracked 
|  22|0x0000000083000000, 0x0000000083100000, 0x0000000083100000|100%| O|  |TAMS 0x0000000083000000, 0x0000000083000000| Untracked 
|  23|0x0000000083100000, 0x0000000083200000, 0x0000000083200000|100%| O|  |TAMS 0x0000000083100000, 0x0000000083100000| Untracked 
|  24|0x0000000083200000, 0x0000000083300000, 0x0000000083300000|100%| O|  |TAMS 0x0000000083200000, 0x0000000083200000| Untracked 
|  25|0x0000000083300000, 0x0000000083400000, 0x0000000083400000|100%| O|  |TAMS 0x0000000083300000, 0x0000000083300000| Untracked 
|  26|0x0000000083400000, 0x0000000083500000, 0x0000000083500000|100%| O|  |TAMS 0x0000000083400000, 0x0000000083400000| Untracked 
|  27|0x0000000083500000, 0x0000000083600000, 0x0000000083600000|100%|HS|  |TAMS 0x0000000083500000, 0x0000000083500000| Complete 
|  28|0x0000000083600000, 0x0000000083700000, 0x0000000083700000|100%| O|  |TAMS 0x0000000083600000, 0x0000000083600000| Untracked 
|  29|0x0000000083700000, 0x0000000083800000, 0x0000000083800000|100%| O|  |TAMS 0x0000000083700000, 0x0000000083700000| Untracked 
|  30|0x0000000083800000, 0x0000000083900000, 0x0000000083900000|100%| O|  |TAMS 0x0000000083800000, 0x0000000083800000| Untracked 
|  31|0x0000000083900000, 0x0000000083a00000, 0x0000000083a00000|100%| O|  |TAMS 0x0000000083900000, 0x0000000083900000| Untracked 
|  32|0x0000000083a00000, 0x0000000083b00000, 0x0000000083b00000|100%|HS|  |TAMS 0x0000000083a00000, 0x0000000083a00000| Complete 
|  33|0x0000000083b00000, 0x0000000083c00000, 0x0000000083c00000|100%| O|  |TAMS 0x0000000083b00000, 0x0000000083b00000| Untracked 
|  34|0x0000000083c00000, 0x0000000083d00000, 0x0000000083d00000|100%| O|  |TAMS 0x0000000083c00000, 0x0000000083c00000| Untracked 
|  35|0x0000000083d00000, 0x0000000083e00000, 0x0000000083e00000|100%| O|  |TAMS 0x0000000083d00000, 0x0000000083d00000| Untracked 
|  36|0x0000000083e00000, 0x0000000083f00000, 0x0000000083f00000|100%| O|  |TAMS 0x0000000083e00000, 0x0000000083e00000| Untracked 
|  37|0x0000000083f00000, 0x0000000084000000, 0x0000000084000000|100%| O|  |TAMS 0x0000000083f00000, 0x0000000083f00000| Untracked 
|  38|0x0000000084000000, 0x0000000084100000, 0x0000000084100000|100%| O|  |TAMS 0x0000000084000000, 0x0000000084000000| Untracked 
|  39|0x0000000084100000, 0x0000000084200000, 0x0000000084200000|100%| O|  |TAMS 0x0000000084100000, 0x0000000084100000| Untracked 
|  40|0x0000000084200000, 0x0000000084300000, 0x0000000084300000|100%| O|  |TAMS 0x0000000084200000, 0x0000000084200000| Untracked 
|  41|0x0000000084300000, 0x0000000084400000, 0x0000000084400000|100%| O|  |TAMS 0x0000000084300000, 0x0000000084300000| Untracked 
|  42|0x0000000084400000, 0x0000000084500000, 0x0000000084500000|100%| O|  |TAMS 0x0000000084400000, 0x0000000084400000| Untracked 
|  43|0x0000000084500000, 0x0000000084600000, 0x0000000084600000|100%| O|  |TAMS 0x0000000084500000, 0x0000000084500000| Untracked 
|  44|0x0000000084600000, 0x0000000084700000, 0x0000000084700000|100%| O|  |TAMS 0x0000000084600000, 0x0000000084600000| Untracked 
|  45|0x0000000084700000, 0x0000000084800000, 0x0000000084800000|100%| O|  |TAMS 0x0000000084700000, 0x0000000084700000| Untracked 
|  46|0x0000000084800000, 0x0000000084900000, 0x0000000084900000|100%| O|  |TAMS 0x0000000084800000, 0x0000000084800000| Untracked 
|  47|0x0000000084900000, 0x0000000084a00000, 0x0000000084a00000|100%| O|  |TAMS 0x0000000084900000, 0x0000000084900000| Untracked 
|  48|0x0000000084a00000, 0x0000000084b00000, 0x0000000084b00000|100%| O|  |TAMS 0x0000000084a00000, 0x0000000084a00000| Untracked 
|  49|0x0000000084b00000, 0x0000000084b73800, 0x0000000084c00000| 45%| O|  |TAMS 0x0000000084b00000, 0x0000000084b00000| Untracked 
|  50|0x0000000084c00000, 0x0000000084c00000, 0x0000000084d00000|  0%| F|  |TAMS 0x0000000084c00000, 0x0000000084c00000| Untracked 
|  51|0x0000000084d00000, 0x0000000084d00000, 0x0000000084e00000|  0%| F|  |TAMS 0x0000000084d00000, 0x0000000084d00000| Untracked 
|  52|0x0000000084e00000, 0x0000000084e00000, 0x0000000084f00000|  0%| F|  |TAMS 0x0000000084e00000, 0x0000000084e00000| Untracked 
|  53|0x0000000084f00000, 0x0000000084f00000, 0x0000000085000000|  0%| F|  |TAMS 0x0000000084f00000, 0x0000000084f00000| Untracked 
|  54|0x0000000085000000, 0x0000000085000000, 0x0000000085100000|  0%| F|  |TAMS 0x0000000085000000, 0x0000000085000000| Untracked 
|  55|0x0000000085100000, 0x0000000085100000, 0x0000000085200000|  0%| F|  |TAMS 0x0000000085100000, 0x0000000085100000| Untracked 
|  56|0x0000000085200000, 0x0000000085200000, 0x0000000085300000|  0%| F|  |TAMS 0x0000000085200000, 0x0000000085200000| Untracked 
|  57|0x0000000085300000, 0x0000000085300000, 0x0000000085400000|  0%| F|  |TAMS 0x0000000085300000, 0x0000000085300000| Untracked 
|  58|0x0000000085400000, 0x0000000085400000, 0x0000000085500000|  0%| F|  |TAMS 0x0000000085400000, 0x0000000085400000| Untracked 
|  59|0x0000000085500000, 0x0000000085500000, 0x0000000085600000|  0%| F|  |TAMS 0x0000000085500000, 0x0000000085500000| Untracked 
|  60|0x0000000085600000, 0x0000000085600000, 0x0000000085700000|  0%| F|  |TAMS 0x0000000085600000, 0x0000000085600000| Untracked 
|  61|0x0000000085700000, 0x0000000085700000, 0x0000000085800000|  0%| F|  |TAMS 0x0000000085700000, 0x0000000085700000| Untracked 
|  62|0x0000000085800000, 0x0000000085800000, 0x0000000085900000|  0%| F|  |TAMS 0x0000000085800000, 0x0000000085800000| Untracked 
|  63|0x0000000085900000, 0x0000000085900000, 0x0000000085a00000|  0%| F|  |TAMS 0x0000000085900000, 0x0000000085900000| Untracked 
|  64|0x0000000085a00000, 0x0000000085a00000, 0x0000000085b00000|  0%| F|  |TAMS 0x0000000085a00000, 0x0000000085a00000| Untracked 
|  65|0x0000000085b00000, 0x0000000085b00000, 0x0000000085c00000|  0%| F|  |TAMS 0x0000000085b00000, 0x0000000085b00000| Untracked 
|  66|0x0000000085c00000, 0x0000000085c00000, 0x0000000085d00000|  0%| F|  |TAMS 0x0000000085c00000, 0x0000000085c00000| Untracked 
|  67|0x0000000085d00000, 0x0000000085d00000, 0x0000000085e00000|  0%| F|  |TAMS 0x0000000085d00000, 0x0000000085d00000| Untracked 
|  68|0x0000000085e00000, 0x0000000085e00000, 0x0000000085f00000|  0%| F|  |TAMS 0x0000000085e00000, 0x0000000085e00000| Untracked 
|  69|0x0000000085f00000, 0x0000000085f00000, 0x0000000086000000|  0%| F|  |TAMS 0x0000000085f00000, 0x0000000085f00000| Untracked 
|  70|0x0000000086000000, 0x0000000086000000, 0x0000000086100000|  0%| F|  |TAMS 0x0000000086000000, 0x0000000086000000| Untracked 
|  71|0x0000000086100000, 0x0000000086100000, 0x0000000086200000|  0%| F|  |TAMS 0x0000000086100000, 0x0000000086100000| Untracked 
|  72|0x0000000086200000, 0x0000000086200000, 0x0000000086300000|  0%| F|  |TAMS 0x0000000086200000, 0x0000000086200000| Untracked 
|  73|0x0000000086300000, 0x0000000086300000, 0x0000000086400000|  0%| F|  |TAMS 0x0000000086300000, 0x0000000086300000| Untracked 
|  74|0x0000000086400000, 0x0000000086400000, 0x0000000086500000|  0%| F|  |TAMS 0x0000000086400000, 0x0000000086400000| Untracked 
|  75|0x0000000086500000, 0x0000000086500000, 0x0000000086600000|  0%| F|  |TAMS 0x0000000086500000, 0x0000000086500000| Untracked 
|  76|0x0000000086600000, 0x0000000086600000, 0x0000000086700000|  0%| F|  |TAMS 0x0000000086600000, 0x0000000086600000| Untracked 
|  77|0x0000000086700000, 0x0000000086700000, 0x0000000086800000|  0%| F|  |TAMS 0x0000000086700000, 0x0000000086700000| Untracked 
|  78|0x0000000086800000, 0x0000000086800000, 0x0000000086900000|  0%| F|  |TAMS 0x0000000086800000, 0x0000000086800000| Untracked 
|  79|0x0000000086900000, 0x0000000086900000, 0x0000000086a00000|  0%| F|  |TAMS 0x0000000086900000, 0x0000000086900000| Untracked 
|  80|0x0000000086a00000, 0x0000000086a00000, 0x0000000086b00000|  0%| F|  |TAMS 0x0000000086a00000, 0x0000000086a00000| Untracked 
|  81|0x0000000086b00000, 0x0000000086c00000, 0x0000000086c00000|100%| S|CS|TAMS 0x0000000086b00000, 0x0000000086b00000| Complete 
|  82|0x0000000086c00000, 0x0000000086d00000, 0x0000000086d00000|100%| S|CS|TAMS 0x0000000086c00000, 0x0000000086c00000| Complete 
|  83|0x0000000086d00000, 0x0000000086d00000, 0x0000000086e00000|  0%| F|  |TAMS 0x0000000086d00000, 0x0000000086d00000| Untracked 
|  84|0x0000000086e00000, 0x0000000086e00000, 0x0000000086f00000|  0%| F|  |TAMS 0x0000000086e00000, 0x0000000086e00000| Untracked 
|  85|0x0000000086f00000, 0x0000000086f00000, 0x0000000087000000|  0%| F|  |TAMS 0x0000000086f00000, 0x0000000086f00000| Untracked 
|  86|0x0000000087000000, 0x0000000087000000, 0x0000000087100000|  0%| F|  |TAMS 0x0000000087000000, 0x0000000087000000| Untracked 
|  87|0x0000000087100000, 0x0000000087100000, 0x0000000087200000|  0%| F|  |TAMS 0x0000000087100000, 0x0000000087100000| Untracked 
|  88|0x0000000087200000, 0x0000000087200000, 0x0000000087300000|  0%| F|  |TAMS 0x0000000087200000, 0x0000000087200000| Untracked 
|  89|0x0000000087300000, 0x0000000087300000, 0x0000000087400000|  0%| F|  |TAMS 0x0000000087300000, 0x0000000087300000| Untracked 
|  90|0x0000000087400000, 0x0000000087400000, 0x0000000087500000|  0%| F|  |TAMS 0x0000000087400000, 0x0000000087400000| Untracked 
|  91|0x0000000087500000, 0x0000000087500000, 0x0000000087600000|  0%| F|  |TAMS 0x0000000087500000, 0x0000000087500000| Untracked 
|  92|0x0000000087600000, 0x0000000087700000, 0x0000000087700000|100%| S|CS|TAMS 0x0000000087600000, 0x0000000087600000| Complete 
|  93|0x0000000087700000, 0x0000000087800000, 0x0000000087800000|100%| S|CS|TAMS 0x0000000087700000, 0x0000000087700000| Complete 
|  94|0x0000000087800000, 0x0000000087900000, 0x0000000087900000|100%| S|CS|TAMS 0x0000000087800000, 0x0000000087800000| Complete 
|  95|0x0000000087900000, 0x0000000087a00000, 0x0000000087a00000|100%| S|CS|TAMS 0x0000000087900000, 0x0000000087900000| Complete 
|  96|0x0000000087a00000, 0x0000000087b00000, 0x0000000087b00000|100%| S|CS|TAMS 0x0000000087a00000, 0x0000000087a00000| Complete 
|  97|0x0000000087b00000, 0x0000000087c00000, 0x0000000087c00000|100%| S|CS|TAMS 0x0000000087b00000, 0x0000000087b00000| Complete 
|  98|0x0000000087c00000, 0x0000000087d00000, 0x0000000087d00000|100%| S|CS|TAMS 0x0000000087c00000, 0x0000000087c00000| Complete 
|  99|0x0000000087d00000, 0x0000000087d00000, 0x0000000087e00000|  0%| F|  |TAMS 0x0000000087d00000, 0x0000000087d00000| Untracked 
| 100|0x0000000087e00000, 0x0000000087e00000, 0x0000000087f00000|  0%| F|  |TAMS 0x0000000087e00000, 0x0000000087e00000| Untracked 
| 101|0x0000000087f00000, 0x0000000087f00000, 0x0000000088000000|  0%| F|  |TAMS 0x0000000087f00000, 0x0000000087f00000| Untracked 
| 102|0x0000000088000000, 0x0000000088000000, 0x0000000088100000|  0%| F|  |TAMS 0x0000000088000000, 0x0000000088000000| Untracked 
| 103|0x0000000088100000, 0x0000000088100000, 0x0000000088200000|  0%| F|  |TAMS 0x0000000088100000, 0x0000000088100000| Untracked 
| 104|0x0000000088200000, 0x0000000088200000, 0x0000000088300000|  0%| F|  |TAMS 0x0000000088200000, 0x0000000088200000| Untracked 
| 105|0x0000000088300000, 0x0000000088300000, 0x0000000088400000|  0%| F|  |TAMS 0x0000000088300000, 0x0000000088300000| Untracked 
| 106|0x0000000088400000, 0x0000000088400000, 0x0000000088500000|  0%| F|  |TAMS 0x0000000088400000, 0x0000000088400000| Untracked 
| 107|0x0000000088500000, 0x0000000088500000, 0x0000000088600000|  0%| F|  |TAMS 0x0000000088500000, 0x0000000088500000| Untracked 
| 108|0x0000000088600000, 0x0000000088600000, 0x0000000088700000|  0%| F|  |TAMS 0x0000000088600000, 0x0000000088600000| Untracked 
| 109|0x0000000088700000, 0x0000000088700000, 0x0000000088800000|  0%| F|  |TAMS 0x0000000088700000, 0x0000000088700000| Untracked 
| 110|0x0000000088800000, 0x0000000088800000, 0x0000000088900000|  0%| F|  |TAMS 0x0000000088800000, 0x0000000088800000| Untracked 
| 111|0x0000000088900000, 0x0000000088900000, 0x0000000088a00000|  0%| F|  |TAMS 0x0000000088900000, 0x0000000088900000| Untracked 
| 112|0x0000000088a00000, 0x0000000088a00000, 0x0000000088b00000|  0%| F|  |TAMS 0x0000000088a00000, 0x0000000088a00000| Untracked 
| 113|0x0000000088b00000, 0x0000000088b00000, 0x0000000088c00000|  0%| F|  |TAMS 0x0000000088b00000, 0x0000000088b00000| Untracked 
| 114|0x0000000088c00000, 0x0000000088c00000, 0x0000000088d00000|  0%| F|  |TAMS 0x0000000088c00000, 0x0000000088c00000| Untracked 
| 115|0x0000000088d00000, 0x0000000088d00000, 0x0000000088e00000|  0%| F|  |TAMS 0x0000000088d00000, 0x0000000088d00000| Untracked 
| 116|0x0000000088e00000, 0x0000000088e00000, 0x0000000088f00000|  0%| F|  |TAMS 0x0000000088e00000, 0x0000000088e00000| Untracked 
| 117|0x0000000088f00000, 0x0000000088f00000, 0x0000000089000000|  0%| F|  |TAMS 0x0000000088f00000, 0x0000000088f00000| Untracked 
| 118|0x0000000089000000, 0x0000000089000000, 0x0000000089100000|  0%| F|  |TAMS 0x0000000089000000, 0x0000000089000000| Untracked 
| 119|0x0000000089100000, 0x0000000089100000, 0x0000000089200000|  0%| F|  |TAMS 0x0000000089100000, 0x0000000089100000| Untracked 
| 120|0x0000000089200000, 0x0000000089200000, 0x0000000089300000|  0%| F|  |TAMS 0x0000000089200000, 0x0000000089200000| Untracked 
| 121|0x0000000089300000, 0x0000000089300000, 0x0000000089400000|  0%| F|  |TAMS 0x0000000089300000, 0x0000000089300000| Untracked 
| 122|0x0000000089400000, 0x0000000089400000, 0x0000000089500000|  0%| F|  |TAMS 0x0000000089400000, 0x0000000089400000| Untracked 
| 123|0x0000000089500000, 0x0000000089500000, 0x0000000089600000|  0%| F|  |TAMS 0x0000000089500000, 0x0000000089500000| Untracked 
| 124|0x0000000089600000, 0x0000000089600000, 0x0000000089700000|  0%| F|  |TAMS 0x0000000089600000, 0x0000000089600000| Untracked 
| 125|0x0000000089700000, 0x0000000089700000, 0x0000000089800000|  0%| F|  |TAMS 0x0000000089700000, 0x0000000089700000| Untracked 
| 126|0x0000000089800000, 0x0000000089800000, 0x0000000089900000|  0%| F|  |TAMS 0x0000000089800000, 0x0000000089800000| Untracked 
| 127|0x0000000089900000, 0x0000000089900000, 0x0000000089a00000|  0%| F|  |TAMS 0x0000000089900000, 0x0000000089900000| Untracked 
| 128|0x0000000089a00000, 0x0000000089a00000, 0x0000000089b00000|  0%| F|  |TAMS 0x0000000089a00000, 0x0000000089a00000| Untracked 
| 129|0x0000000089b00000, 0x0000000089b00000, 0x0000000089c00000|  0%| F|  |TAMS 0x0000000089b00000, 0x0000000089b00000| Untracked 
| 130|0x0000000089c00000, 0x0000000089c00000, 0x0000000089d00000|  0%| F|  |TAMS 0x0000000089c00000, 0x0000000089c00000| Untracked 
| 131|0x0000000089d00000, 0x0000000089d00000, 0x0000000089e00000|  0%| F|  |TAMS 0x0000000089d00000, 0x0000000089d00000| Untracked 
| 132|0x0000000089e00000, 0x0000000089e00000, 0x0000000089f00000|  0%| F|  |TAMS 0x0000000089e00000, 0x0000000089e00000| Untracked 
| 133|0x0000000089f00000, 0x0000000089f00000, 0x000000008a000000|  0%| F|  |TAMS 0x0000000089f00000, 0x0000000089f00000| Untracked 
| 134|0x000000008a000000, 0x000000008a000000, 0x000000008a100000|  0%| F|  |TAMS 0x000000008a000000, 0x000000008a000000| Untracked 
| 135|0x000000008a100000, 0x000000008a200000, 0x000000008a200000|100%| E|  |TAMS 0x000000008a100000, 0x000000008a100000| Complete 
| 136|0x000000008a200000, 0x000000008a300000, 0x000000008a300000|100%| E|CS|TAMS 0x000000008a200000, 0x000000008a200000| Complete 
| 137|0x000000008a300000, 0x000000008a400000, 0x000000008a400000|100%| E|CS|TAMS 0x000000008a300000, 0x000000008a300000| Complete 
| 138|0x000000008a400000, 0x000000008a500000, 0x000000008a500000|100%| E|CS|TAMS 0x000000008a400000, 0x000000008a400000| Complete 
| 139|0x000000008a500000, 0x000000008a600000, 0x000000008a600000|100%| E|CS|TAMS 0x000000008a500000, 0x000000008a500000| Complete 
| 140|0x000000008a600000, 0x000000008a700000, 0x000000008a700000|100%| E|CS|TAMS 0x000000008a600000, 0x000000008a600000| Complete 
| 141|0x000000008a700000, 0x000000008a800000, 0x000000008a800000|100%| E|CS|TAMS 0x000000008a700000, 0x000000008a700000| Complete 
| 142|0x000000008a800000, 0x000000008a900000, 0x000000008a900000|100%| E|CS|TAMS 0x000000008a800000, 0x000000008a800000| Complete 
| 143|0x000000008a900000, 0x000000008aa00000, 0x000000008aa00000|100%| E|CS|TAMS 0x000000008a900000, 0x000000008a900000| Complete 
| 144|0x000000008aa00000, 0x000000008ab00000, 0x000000008ab00000|100%| E|CS|TAMS 0x000000008aa00000, 0x000000008aa00000| Complete 
| 145|0x000000008ab00000, 0x000000008ac00000, 0x000000008ac00000|100%| E|CS|TAMS 0x000000008ab00000, 0x000000008ab00000| Complete 
| 146|0x000000008ac00000, 0x000000008ad00000, 0x000000008ad00000|100%| E|CS|TAMS 0x000000008ac00000, 0x000000008ac00000| Complete 
| 147|0x000000008ad00000, 0x000000008ae00000, 0x000000008ae00000|100%| E|CS|TAMS 0x000000008ad00000, 0x000000008ad00000| Complete 
| 148|0x000000008ae00000, 0x000000008af00000, 0x000000008af00000|100%| E|CS|TAMS 0x000000008ae00000, 0x000000008ae00000| Complete 
| 149|0x000000008af00000, 0x000000008b000000, 0x000000008b000000|100%| E|CS|TAMS 0x000000008af00000, 0x000000008af00000| Complete 
| 150|0x000000008b000000, 0x000000008b100000, 0x000000008b100000|100%| E|CS|TAMS 0x000000008b000000, 0x000000008b000000| Complete 
| 151|0x000000008b100000, 0x000000008b200000, 0x000000008b200000|100%| E|CS|TAMS 0x000000008b100000, 0x000000008b100000| Complete 
| 152|0x000000008b200000, 0x000000008b300000, 0x000000008b300000|100%| E|CS|TAMS 0x000000008b200000, 0x000000008b200000| Complete 
| 153|0x000000008b300000, 0x000000008b400000, 0x000000008b400000|100%| E|CS|TAMS 0x000000008b300000, 0x000000008b300000| Complete 
| 154|0x000000008b400000, 0x000000008b500000, 0x000000008b500000|100%| E|CS|TAMS 0x000000008b400000, 0x000000008b400000| Complete 
| 155|0x000000008b500000, 0x000000008b600000, 0x000000008b600000|100%| E|CS|TAMS 0x000000008b500000, 0x000000008b500000| Complete 
| 156|0x000000008b600000, 0x000000008b700000, 0x000000008b700000|100%| E|CS|TAMS 0x000000008b600000, 0x000000008b600000| Complete 
| 157|0x000000008b700000, 0x000000008b800000, 0x000000008b800000|100%| E|CS|TAMS 0x000000008b700000, 0x000000008b700000| Complete 
| 158|0x000000008b800000, 0x000000008b900000, 0x000000008b900000|100%| E|CS|TAMS 0x000000008b800000, 0x000000008b800000| Complete 
| 159|0x000000008b900000, 0x000000008ba00000, 0x000000008ba00000|100%| E|CS|TAMS 0x000000008b900000, 0x000000008b900000| Complete 
|2021|0x00000000fff00000, 0x00000000ffff1600, 0x0000000100000000| 94%| O|  |TAMS 0x00000000fff00000, 0x00000000fff00000| Untracked 

Card table byte_map: [0x00000212e8580000,0x00000212e8980000] _byte_map_base: 0x00000212e8173000

Marking Bits (Prev, Next): (CMBitMap*) 0x00000212d5b0cbc0, (CMBitMap*) 0x00000212d5b0cc00
 Prev Bits: [0x00000212e8d80000, 0x00000212ead18000)
 Next Bits: [0x00000212ead20000, 0x00000212eccb8000)

Polling page: 0x00000212d3a80000

Metaspace:

Usage:
  Non-class:     30.84 MB used.
      Class:      3.56 MB used.
       Both:     34.40 MB used.

Virtual space:
  Non-class space:       32.00 MB reserved,      31.00 MB ( 97%) committed,  4 nodes.
      Class space:        1.00 GB reserved,       3.69 MB ( <1%) committed,  1 nodes.
             Both:        1.03 GB reserved,      34.69 MB (  3%) committed. 

Chunk freelists:
   Non-Class:  750.00 KB
       Class:  271.00 KB
        Both:  1021.00 KB

MaxMetaspaceSize: unlimited
CompressedClassSpaceSize: 1.00 GB
Initial GC threshold: 21.00 MB
Current GC threshold: 38.88 MB
CDS: off
MetaspaceReclaimPolicy: balanced
 - commit_granule_bytes: 65536.
 - commit_granule_words: 8192.
 - virtual_space_node_default_size: 1048576.
 - enlarge_chunks_in_place: 1.
 - new_chunks_are_fully_committed: 0.
 - uncommit_free_chunks: 1.
 - use_allocation_guard: 0.
 - handle_deallocations: 1.


Internal statistics:

num_allocs_failed_limit: 3.
num_arena_births: 176.
num_arena_deaths: 0.
num_vsnodes_births: 5.
num_vsnodes_deaths: 0.
num_space_committed: 555.
num_space_uncommitted: 0.
num_chunks_returned_to_freelist: 3.
num_chunks_taken_from_freelist: 1142.
num_chunk_merges: 3.
num_chunk_splits: 796.
num_chunks_enlarged: 622.
num_purges: 0.
num_inconsistent_stats: 0.

CodeHeap 'non-profiled nmethods': size=120000Kb used=3110Kb max_used=3112Kb free=116889Kb
 bounds [0x00000212e0c50000, 0x00000212e0f60000, 0x00000212e8180000]
CodeHeap 'profiled nmethods': size=120000Kb used=13129Kb max_used=14077Kb free=106871Kb
 bounds [0x00000212d9720000, 0x00000212da4e0000, 0x00000212e0c50000]
CodeHeap 'non-nmethods': size=5760Kb used=1199Kb max_used=1276Kb free=4560Kb
 bounds [0x00000212d9180000, 0x00000212d93f0000, 0x00000212d9720000]
 total_blobs=6526 nmethods=6027 adapters=411
 compilation: enabled
              stopped_count=0, restarted_count=0
 full_count=0

Compilation events (20 events):
Event: 11.583 Thread 0x00000212ef1e7630 6893       3       org.apache.maven.model.interpolation.StringVisitorModelInterpolator$ModelVisitor::visit (89 bytes)
Event: 11.584 Thread 0x00000212ef1e7630 nmethod 6893 0x00000212d9ffa310 code [0x00000212d9ffa540, 0x00000212d9ffad78]
Event: 11.585 Thread 0x00000212ef1e7630 6895   !   3       org.apache.maven.repository.internal.DefaultVersionRangeResolver::resolveVersionRange (230 bytes)
Event: 11.587 Thread 0x00000212ef1e7630 nmethod 6895 0x00000212da336d90 code [0x00000212da3371a0, 0x00000212da3390a8]
Event: 11.607 Thread 0x00000212ef1e1b90 nmethod 6891 0x00000212e0ef1710 code [0x00000212e0ef18c0, 0x00000212e0ef2378]
Event: 11.607 Thread 0x00000212ef1e1b90 6894       4       java.util.Collections$UnmodifiableMap$UnmodifiableEntrySet::iterator (9 bytes)
Event: 11.611 Thread 0x00000212f14b5ae0 nmethod 6892 0x00000212e0eeff90 code [0x00000212e0ef01c0, 0x00000212e0ef0f70]
Event: 11.615 Thread 0x00000212ef1e1b90 nmethod 6894 0x00000212e0eef690 code [0x00000212e0eef820, 0x00000212e0eefcb8]
Event: 11.642 Thread 0x00000212ef1e1b90 6896   !   4       org.apache.maven.model.Developer::clone (51 bytes)
Event: 11.643 Thread 0x00000212f14b5ae0 6897       4       org.apache.maven.model.merge.MavenModelMerger::mergePlugin_Executions (235 bytes)
Event: 11.643 Thread 0x00000212ef1e1b90 nmethod 6896 0x00000212e0eef310 code [0x00000212e0eef4a0, 0x00000212e0eef5a8]
Event: 11.644 Thread 0x00000212ef1e1b90 6898       4       org.apache.maven.model.inheritance.DefaultInheritanceAssembler$InheritanceModelMerger::mergePlugin (71 bytes)
Event: 11.693 Thread 0x00000212ef1e7630 6905       3       java.lang.String::substring (58 bytes)
Event: 11.694 Thread 0x00000212ef1e7630 nmethod 6905 0x00000212da336490 code [0x00000212da336680, 0x00000212da336b28]
Event: 11.771 Thread 0x00000212ef1e7630 6906       3       org.eclipse.aether.graph.Dependency$Exclusions$1::hasNext (21 bytes)
Event: 11.771 Thread 0x00000212ef1e7630 nmethod 6906 0x00000212da36f290 code [0x00000212da36f420, 0x00000212da36f5b8]
Event: 11.773 Thread 0x00000212ef1e7630 6908       3       org.eclipse.aether.util.repository.DefaultAuthenticationSelector::getAuthentication (17 bytes)
Event: 11.773 Thread 0x00000212ef1e7630 nmethod 6908 0x00000212da261d90 code [0x00000212da261f40, 0x00000212da262268]
Event: 11.773 Thread 0x00000212ef1e7630 6909       3       org.eclipse.aether.util.repository.DefaultProxySelector::getProxy (223 bytes)
Event: 11.775 Thread 0x00000212ef1e7630 nmethod 6909 0x00000212d97e3810 code [0x00000212d97e3be0, 0x00000212d97e55f8]

GC Heap History (20 events):
Event: 7.326 GC heap before
{Heap before GC invocations=10 (full 0):
 garbage-first heap   total 51200K, used 50235K [0x0000000081a00000, 0x0000000100000000)
  region size 1024K, 3 young (3072K), 2 survivors (2048K)
 Metaspace       used 23617K, committed 23872K, reserved 1073152K
  class space    used 2406K, committed 2560K, reserved 1048576K
}
Event: 7.329 GC heap after
{Heap after GC invocations=11 (full 0):
 garbage-first heap   total 142336K, used 16545K [0x0000000081a00000, 0x0000000100000000)
  region size 1024K, 1 young (1024K), 1 survivors (1024K)
 Metaspace       used 23617K, committed 23872K, reserved 1073152K
  class space    used 2406K, committed 2560K, reserved 1048576K
}
Event: 7.803 GC heap before
{Heap before GC invocations=12 (full 0):
 garbage-first heap   total 61440K, used 52385K [0x0000000081a00000, 0x0000000100000000)
  region size 1024K, 36 young (36864K), 1 survivors (1024K)
 Metaspace       used 25865K, committed 26112K, reserved 1073152K
  class space    used 2653K, committed 2752K, reserved 1048576K
}
Event: 7.808 GC heap after
{Heap after GC invocations=13 (full 0):
 garbage-first heap   total 61440K, used 18924K [0x0000000081a00000, 0x0000000100000000)
  region size 1024K, 2 young (2048K), 2 survivors (2048K)
 Metaspace       used 25865K, committed 26112K, reserved 1073152K
  class space    used 2653K, committed 2752K, reserved 1048576K
}
Event: 7.809 GC heap before
{Heap before GC invocations=13 (full 0):
 garbage-first heap   total 61440K, used 18924K [0x0000000081a00000, 0x0000000100000000)
  region size 1024K, 3 young (3072K), 2 survivors (2048K)
 Metaspace       used 25865K, committed 26112K, reserved 1073152K
  class space    used 2653K, committed 2752K, reserved 1048576K
}
Event: 7.813 GC heap after
{Heap after GC invocations=14 (full 0):
 garbage-first heap   total 61440K, used 18622K [0x0000000081a00000, 0x0000000100000000)
  region size 1024K, 1 young (1024K), 1 survivors (1024K)
 Metaspace       used 25865K, committed 26112K, reserved 1073152K
  class space    used 2653K, committed 2752K, reserved 1048576K
}
Event: 7.827 GC heap before
{Heap before GC invocations=14 (full 0):
 garbage-first heap   total 61440K, used 47294K [0x0000000081a00000, 0x0000000100000000)
  region size 1024K, 30 young (30720K), 1 survivors (1024K)
 Metaspace       used 25866K, committed 26112K, reserved 1073152K
  class space    used 2653K, committed 2752K, reserved 1048576K
}
Event: 7.828 GC heap after
{Heap after GC invocations=15 (full 0):
 garbage-first heap   total 61440K, used 17694K [0x0000000081a00000, 0x0000000100000000)
  region size 1024K, 1 young (1024K), 1 survivors (1024K)
 Metaspace       used 25866K, committed 26112K, reserved 1073152K
  class space    used 2653K, committed 2752K, reserved 1048576K
}
Event: 8.216 GC heap before
{Heap before GC invocations=15 (full 0):
 garbage-first heap   total 61440K, used 49438K [0x0000000081a00000, 0x0000000100000000)
  region size 1024K, 31 young (31744K), 1 survivors (1024K)
 Metaspace       used 30628K, committed 30976K, reserved 1081344K
  class space    used 3243K, committed 3392K, reserved 1048576K
}
Event: 8.219 GC heap after
{Heap after GC invocations=16 (full 0):
 garbage-first heap   total 61440K, used 23024K [0x0000000081a00000, 0x0000000100000000)
  region size 1024K, 4 young (4096K), 4 survivors (4096K)
 Metaspace       used 30628K, committed 30976K, reserved 1081344K
  class space    used 3243K, committed 3392K, reserved 1048576K
}
Event: 8.612 GC heap before
{Heap before GC invocations=16 (full 0):
 garbage-first heap   total 61440K, used 47600K [0x0000000081a00000, 0x0000000100000000)
  region size 1024K, 28 young (28672K), 4 survivors (4096K)
 Metaspace       used 32268K, committed 32640K, reserved 1081344K
  class space    used 3366K, committed 3520K, reserved 1048576K
}
Event: 8.618 GC heap after
{Heap after GC invocations=17 (full 0):
 garbage-first heap   total 61440K, used 28296K [0x0000000081a00000, 0x0000000100000000)
  region size 1024K, 4 young (4096K), 4 survivors (4096K)
 Metaspace       used 32268K, committed 32640K, reserved 1081344K
  class space    used 3366K, committed 3520K, reserved 1048576K
}
Event: 8.621 GC heap before
{Heap before GC invocations=17 (full 0):
 garbage-first heap   total 61440K, used 45704K [0x0000000081a00000, 0x0000000100000000)
  region size 1024K, 22 young (22528K), 4 survivors (4096K)
 Metaspace       used 32268K, committed 32640K, reserved 1081344K
  class space    used 3366K, committed 3520K, reserved 1048576K
}
Event: 8.627 GC heap after
{Heap after GC invocations=18 (full 0):
 garbage-first heap   total 164864K, used 28456K [0x0000000081a00000, 0x0000000100000000)
  region size 1024K, 1 young (1024K), 1 survivors (1024K)
 Metaspace       used 32268K, committed 32640K, reserved 1081344K
  class space    used 3366K, committed 3520K, reserved 1048576K
}
Event: 10.086 GC heap before
{Heap before GC invocations=18 (full 0):
 garbage-first heap   total 164864K, used 108328K [0x0000000081a00000, 0x0000000100000000)
  region size 1024K, 78 young (79872K), 1 survivors (1024K)
 Metaspace       used 34781K, committed 35136K, reserved 1081344K
  class space    used 3633K, committed 3776K, reserved 1048576K
}
Event: 10.101 GC heap after
{Heap after GC invocations=19 (full 0):
 garbage-first heap   total 164864K, used 42384K [0x0000000081a00000, 0x0000000100000000)
  region size 1024K, 10 young (10240K), 10 survivors (10240K)
 Metaspace       used 34781K, committed 35136K, reserved 1081344K
  class space    used 3633K, committed 3776K, reserved 1048576K
}
Event: 10.592 GC heap before
{Heap before GC invocations=19 (full 0):
 garbage-first heap   total 164864K, used 113040K [0x0000000081a00000, 0x0000000100000000)
  region size 1024K, 78 young (79872K), 10 survivors (10240K)
 Metaspace       used 34906K, committed 35264K, reserved 1081344K
  class space    used 3638K, committed 3776K, reserved 1048576K
}
Event: 10.605 GC heap after
{Heap after GC invocations=20 (full 0):
 garbage-first heap   total 164864K, used 51882K [0x0000000081a00000, 0x0000000100000000)
  region size 1024K, 9 young (9216K), 9 survivors (9216K)
 Metaspace       used 34906K, committed 35264K, reserved 1081344K
  class space    used 3638K, committed 3776K, reserved 1048576K
}
Event: 11.014 GC heap before
{Heap before GC invocations=20 (full 0):
 garbage-first heap   total 164864K, used 113322K [0x0000000081a00000, 0x0000000100000000)
  region size 1024K, 70 young (71680K), 9 survivors (9216K)
 Metaspace       used 34947K, committed 35264K, reserved 1081344K
  class space    used 3638K, committed 3776K, reserved 1048576K
}
Event: 11.023 GC heap after
{Heap after GC invocations=21 (full 0):
 garbage-first heap   total 164864K, used 60819K [0x0000000081a00000, 0x0000000100000000)
  region size 1024K, 9 young (9216K), 9 survivors (9216K)
 Metaspace       used 34947K, committed 35264K, reserved 1081344K
  class space    used 3638K, committed 3776K, reserved 1048576K
}

Deoptimization events (20 events):
Event: 11.095 Thread 0x00000212d5ace760 Uncommon trap: trap_request=0xffffffc6 fr.pc=0x00000212e0f57e84 relative=0x0000000000001064
Event: 11.095 Thread 0x00000212d5ace760 Uncommon trap: reason=bimorphic_or_optimized_type_check action=maybe_recompile pc=0x00000212e0f57e84 method=com.sun.tools.javac.file.BaseFileManager.getKind(Ljava/nio/file/Path;)Ljavax/tools/JavaFileObject$Kind; @ 1 c2
Event: 11.095 Thread 0x00000212d5ace760 DEOPT PACKING pc=0x00000212e0f57e84 sp=0x00000017abcfd530
Event: 11.095 Thread 0x00000212d5ace760 DEOPT UNPACKING pc=0x00000212d91d23a3 sp=0x00000017abcfd4a8 mode 2
Event: 11.279 Thread 0x00000212d5ace760 Uncommon trap: trap_request=0xffffff76 fr.pc=0x00000212e0f4fadc relative=0x000000000000027c
Event: 11.279 Thread 0x00000212d5ace760 Uncommon trap: reason=predicate action=maybe_recompile pc=0x00000212e0f4fadc method=com.sun.tools.javac.code.Type.containsAny(Lcom/sun/tools/javac/util/List;)Z @ 11 c2
Event: 11.279 Thread 0x00000212d5ace760 DEOPT PACKING pc=0x00000212e0f4fadc sp=0x00000017abcfc4a0
Event: 11.279 Thread 0x00000212d5ace760 DEOPT UNPACKING pc=0x00000212d91d23a3 sp=0x00000017abcfc430 mode 2
Event: 11.400 Thread 0x00000212d5ace760 Uncommon trap: trap_request=0xffffffde fr.pc=0x00000212e0ca2714 relative=0x0000000000000c34
Event: 11.400 Thread 0x00000212d5ace760 Uncommon trap: reason=class_check action=maybe_recompile pc=0x00000212e0ca2714 method=com.sun.tools.javac.code.Scope$ScopeListenerList.walkReferences(Lcom/sun/tools/javac/code/Symbol;Lcom/sun/tools/javac/code/Scope;Z)V @ 20 c2
Event: 11.400 Thread 0x00000212d5ace760 DEOPT PACKING pc=0x00000212e0ca2714 sp=0x00000017abcfd9f0
Event: 11.400 Thread 0x00000212d5ace760 DEOPT UNPACKING pc=0x00000212d91d23a3 sp=0x00000017abcfd8d0 mode 2
Event: 11.582 Thread 0x00000212d5ace760 Uncommon trap: trap_request=0xffffff45 fr.pc=0x00000212e0e4e208 relative=0x0000000000000508
Event: 11.582 Thread 0x00000212d5ace760 Uncommon trap: reason=unstable_if action=reinterpret pc=0x00000212e0e4e208 method=org.apache.maven.model.merge.ModelMerger.merge(Ljava/util/List;Ljava/util/List;Lorg/apache/maven/model/merge/ModelMerger$KeyComputer;Lorg/apache/maven/model/merge/ModelMerge
Event: 11.582 Thread 0x00000212d5ace760 DEOPT PACKING pc=0x00000212e0e4e208 sp=0x00000017abcfc980
Event: 11.582 Thread 0x00000212d5ace760 DEOPT UNPACKING pc=0x00000212d91d23a3 sp=0x00000017abcfc8e0 mode 2
Event: 11.642 Thread 0x00000212d5ace760 Uncommon trap: trap_request=0xffffff45 fr.pc=0x00000212e0c7d97c relative=0x00000000000004dc
Event: 11.642 Thread 0x00000212d5ace760 Uncommon trap: reason=unstable_if action=reinterpret pc=0x00000212e0c7d97c method=java.lang.String.substring(II)Ljava/lang/String; @ 31 c2
Event: 11.642 Thread 0x00000212d5ace760 DEOPT PACKING pc=0x00000212e0c7d97c sp=0x00000017abcfc8e0
Event: 11.642 Thread 0x00000212d5ace760 DEOPT UNPACKING pc=0x00000212d91d23a3 sp=0x00000017abcfc898 mode 2

Classes unloaded (0 events):
No events

Classes redefined (0 events):
No events

Internal exceptions (20 events):
Event: 11.386 Thread 0x00000212d5ace760 Exception <a 'sun/nio/fs/WindowsException'{0x000000008a79f778}> (0x000000008a79f778) 
thrown [e:\jenkins\tmp\workspace\build\src\src\hotspot\share\prims\jni.cpp, line 516]
Event: 11.386 Thread 0x00000212d5ace760 Exception <a 'sun/nio/fs/WindowsException'{0x000000008a7a0bf8}> (0x000000008a7a0bf8) 
thrown [e:\jenkins\tmp\workspace\build\src\src\hotspot\share\prims\jni.cpp, line 516]
Event: 11.386 Thread 0x00000212d5ace760 Exception <a 'sun/nio/fs/WindowsException'{0x000000008a7a0f58}> (0x000000008a7a0f58) 
thrown [e:\jenkins\tmp\workspace\build\src\src\hotspot\share\prims\jni.cpp, line 516]
Event: 11.386 Thread 0x00000212d5ace760 Exception <a 'sun/nio/fs/WindowsException'{0x000000008a7a23b8}> (0x000000008a7a23b8) 
thrown [e:\jenkins\tmp\workspace\build\src\src\hotspot\share\prims\jni.cpp, line 516]
Event: 11.386 Thread 0x00000212d5ace760 Exception <a 'sun/nio/fs/WindowsException'{0x000000008a7a26c8}> (0x000000008a7a26c8) 
thrown [e:\jenkins\tmp\workspace\build\src\src\hotspot\share\prims\jni.cpp, line 516]
Event: 11.387 Thread 0x00000212d5ace760 Exception <a 'sun/nio/fs/WindowsException'{0x000000008a7a3ce0}> (0x000000008a7a3ce0) 
thrown [e:\jenkins\tmp\workspace\build\src\src\hotspot\share\prims\jni.cpp, line 516]
Event: 11.387 Thread 0x00000212d5ace760 Exception <a 'sun/nio/fs/WindowsException'{0x000000008a7a4038}> (0x000000008a7a4038) 
thrown [e:\jenkins\tmp\workspace\build\src\src\hotspot\share\prims\jni.cpp, line 516]
Event: 11.387 Thread 0x00000212d5ace760 Exception <a 'sun/nio/fs/WindowsException'{0x000000008a7a5578}> (0x000000008a7a5578) 
thrown [e:\jenkins\tmp\workspace\build\src\src\hotspot\share\prims\jni.cpp, line 516]
Event: 11.387 Thread 0x00000212d5ace760 Exception <a 'sun/nio/fs/WindowsException'{0x000000008a7a5998}> (0x000000008a7a5998) 
thrown [e:\jenkins\tmp\workspace\build\src\src\hotspot\share\prims\jni.cpp, line 516]
Event: 11.394 Thread 0x00000212d5ace760 Exception <a 'sun/nio/fs/WindowsException'{0x000000008a6180a8}> (0x000000008a6180a8) 
thrown [e:\jenkins\tmp\workspace\build\src\src\hotspot\share\prims\jni.cpp, line 516]
Event: 11.394 Thread 0x00000212d5ace760 Exception <a 'sun/nio/fs/WindowsException'{0x000000008a618460}> (0x000000008a618460) 
thrown [e:\jenkins\tmp\workspace\build\src\src\hotspot\share\prims\jni.cpp, line 516]
Event: 11.394 Thread 0x00000212d5ace760 Exception <a 'sun/nio/fs/WindowsException'{0x000000008a619e70}> (0x000000008a619e70) 
thrown [e:\jenkins\tmp\workspace\build\src\src\hotspot\share\prims\jni.cpp, line 516]
Event: 11.394 Thread 0x00000212d5ace760 Exception <a 'sun/nio/fs/WindowsException'{0x000000008a61a200}> (0x000000008a61a200) 
thrown [e:\jenkins\tmp\workspace\build\src\src\hotspot\share\prims\jni.cpp, line 516]
Event: 11.394 Thread 0x00000212d5ace760 Exception <a 'sun/nio/fs/WindowsException'{0x000000008a61bc10}> (0x000000008a61bc10) 
thrown [e:\jenkins\tmp\workspace\build\src\src\hotspot\share\prims\jni.cpp, line 516]
Event: 11.395 Thread 0x00000212d5ace760 Exception <a 'sun/nio/fs/WindowsException'{0x000000008a61bf60}> (0x000000008a61bf60) 
thrown [e:\jenkins\tmp\workspace\build\src\src\hotspot\share\prims\jni.cpp, line 516]
Event: 11.395 Thread 0x00000212d5ace760 Exception <a 'sun/nio/fs/WindowsException'{0x000000008a61db20}> (0x000000008a61db20) 
thrown [e:\jenkins\tmp\workspace\build\src\src\hotspot\share\prims\jni.cpp, line 516]
Event: 11.395 Thread 0x00000212d5ace760 Exception <a 'sun/nio/fs/WindowsException'{0x000000008a61deb0}> (0x000000008a61deb0) 
thrown [e:\jenkins\tmp\workspace\build\src\src\hotspot\share\prims\jni.cpp, line 516]
Event: 11.395 Thread 0x00000212d5ace760 Exception <a 'sun/nio/fs/WindowsException'{0x000000008a61f980}> (0x000000008a61f980) 
thrown [e:\jenkins\tmp\workspace\build\src\src\hotspot\share\prims\jni.cpp, line 516]
Event: 11.395 Thread 0x00000212d5ace760 Exception <a 'sun/nio/fs/WindowsException'{0x000000008a61fdd0}> (0x000000008a61fdd0) 
thrown [e:\jenkins\tmp\workspace\build\src\src\hotspot\share\prims\jni.cpp, line 516]
Event: 11.417 Thread 0x00000212d5ace760 Exception <a 'sun/nio/fs/WindowsException'{0x000000008a6e77c0}> (0x000000008a6e77c0) 
thrown [e:\jenkins\tmp\workspace\build\src\src\hotspot\share\prims\jni.cpp, line 516]

VM Operations (20 events):
Event: 9.967 Executing VM operation: ICBufferFull
Event: 9.967 Executing VM operation: ICBufferFull done
Event: 10.005 Executing VM operation: HandshakeAllThreads
Event: 10.006 Executing VM operation: HandshakeAllThreads done
Event: 10.020 Executing VM operation: HandshakeAllThreads
Event: 10.020 Executing VM operation: HandshakeAllThreads done
Event: 10.040 Executing VM operation: HandshakeAllThreads
Event: 10.040 Executing VM operation: HandshakeAllThreads done
Event: 10.086 Executing VM operation: G1CollectForAllocation
Event: 10.101 Executing VM operation: G1CollectForAllocation done
Event: 10.592 Executing VM operation: G1CollectForAllocation
Event: 10.605 Executing VM operation: G1CollectForAllocation done
Event: 11.014 Executing VM operation: G1CollectForAllocation
Event: 11.023 Executing VM operation: G1CollectForAllocation done
Event: 11.150 Executing VM operation: HandshakeAllThreads
Event: 11.150 Executing VM operation: HandshakeAllThreads done
Event: 11.282 Executing VM operation: ICBufferFull
Event: 11.282 Executing VM operation: ICBufferFull done
Event: 11.415 Executing VM operation: ICBufferFull
Event: 11.416 Executing VM operation: ICBufferFull done

Events (20 events):
Event: 10.050 Thread 0x00000212ef1e9c40 flushing nmethod 0x00000212da2cd210
Event: 10.050 Thread 0x00000212ef1e9c40 flushing nmethod 0x00000212da2d0990
Event: 10.050 Thread 0x00000212ef1e9c40 flushing nmethod 0x00000212da2df490
Event: 10.050 Thread 0x00000212ef1e9c40 flushing nmethod 0x00000212da2e2f90
Event: 10.050 Thread 0x00000212ef1e9c40 flushing nmethod 0x00000212da2fdc90
Event: 10.050 Thread 0x00000212ef1e9c40 flushing nmethod 0x00000212da319790
Event: 10.050 Thread 0x00000212ef1e9c40 flushing nmethod 0x00000212da327c90
Event: 10.050 Thread 0x00000212ef1e9c40 flushing nmethod 0x00000212da329910
Event: 10.050 Thread 0x00000212ef1e9c40 flushing nmethod 0x00000212da32b610
Event: 10.050 Thread 0x00000212ef1e9c40 flushing nmethod 0x00000212da336490
Event: 10.050 Thread 0x00000212ef1e9c40 flushing nmethod 0x00000212da336810
Event: 10.050 Thread 0x00000212ef1e9c40 flushing nmethod 0x00000212da35e110
Event: 10.050 Thread 0x00000212ef1e9c40 flushing nmethod 0x00000212da367c10
Event: 10.050 Thread 0x00000212ef1e9c40 flushing nmethod 0x00000212da36f290
Event: 10.050 Thread 0x00000212ef1e9c40 flushing nmethod 0x00000212da373f90
Event: 10.050 Thread 0x00000212ef1e9c40 flushing nmethod 0x00000212da37f810
Event: 10.050 Thread 0x00000212ef1e9c40 flushing nmethod 0x00000212da3be510
Event: 10.051 Thread 0x00000212ef1e9c40 flushing nmethod 0x00000212da3f5990
Event: 10.051 Thread 0x00000212ef1e9c40 flushing nmethod 0x00000212da403d90
Event: 10.051 Thread 0x00000212ef1e9c40 flushing nmethod 0x00000212da485510


Dynamic libraries:
0x00007ff734d70000 - 0x00007ff734d7e000 	G:\sts-4.12.1.RELEASE\plugins\org.eclipse.justj.openjdk.hotspot.jre.full.win32.x86_64_17.0.0.v20211012-1059\jre\bin\javaw.exe
0x00007ffab67f0000 - 0x00007ffab69e5000 	C:\WINDOWS\SYSTEM32\ntdll.dll
0x00007ffab6140000 - 0x00007ffab61fe000 	C:\WINDOWS\System32\KERNEL32.DLL
0x00007ffab43e0000 - 0x00007ffab46a9000 	C:\WINDOWS\System32\KERNELBASE.dll
0x00007ffab4020000 - 0x00007ffab4120000 	C:\WINDOWS\System32\ucrtbase.dll
0x00007ffaaed60000 - 0x00007ffaaed78000 	G:\sts-4.12.1.RELEASE\plugins\org.eclipse.justj.openjdk.hotspot.jre.full.win32.x86_64_17.0.0.v20211012-1059\jre\bin\jli.dll
0x00007ffab4d70000 - 0x00007ffab4f11000 	C:\WINDOWS\System32\USER32.dll
0x00007ffab46b0000 - 0x00007ffab46d2000 	C:\WINDOWS\System32\win32u.dll
0x00007ffab5390000 - 0x00007ffab53bb000 	C:\WINDOWS\System32\GDI32.dll
0x00007ffab3f10000 - 0x00007ffab401b000 	C:\WINDOWS\System32\gdi32full.dll
0x00007ffab4210000 - 0x00007ffab42ad000 	C:\WINDOWS\System32\msvcp_win.dll
0x00007ffaaed80000 - 0x00007ffaaed99000 	G:\sts-4.12.1.RELEASE\plugins\org.eclipse.justj.openjdk.hotspot.jre.full.win32.x86_64_17.0.0.v20211012-1059\jre\bin\VCRUNTIME140.dll
0x00007ffaa53a0000 - 0x00007ffaa563a000 	C:\WINDOWS\WinSxS\amd64_microsoft.windows.common-controls_6595b64144ccf1df_6.0.19041.1110_none_60b5254171f9507e\COMCTL32.dll
0x00007ffab53c0000 - 0x00007ffab545e000 	C:\WINDOWS\System32\msvcrt.dll
0x00007ffab5840000 - 0x00007ffab5870000 	C:\WINDOWS\System32\IMM32.DLL
0x00007ffaaed50000 - 0x00007ffaaed5c000 	G:\sts-4.12.1.RELEASE\plugins\org.eclipse.justj.openjdk.hotspot.jre.full.win32.x86_64_17.0.0.v20211012-1059\jre\bin\vcruntime140_1.dll
0x00007ffaaecb0000 - 0x00007ffaaed41000 	G:\sts-4.12.1.RELEASE\plugins\org.eclipse.justj.openjdk.hotspot.jre.full.win32.x86_64_17.0.0.v20211012-1059\jre\bin\msvcp140.dll
0x00007ffa6e700000 - 0x00007ffa6f346000 	G:\sts-4.12.1.RELEASE\plugins\org.eclipse.justj.openjdk.hotspot.jre.full.win32.x86_64_17.0.0.v20211012-1059\jre\bin\server\jvm.dll
0x00007ffab66f0000 - 0x00007ffab679c000 	C:\WINDOWS\System32\ADVAPI32.dll
0x00007ffab5590000 - 0x00007ffab562b000 	C:\WINDOWS\System32\sechost.dll
0x00007ffab6200000 - 0x00007ffab632a000 	C:\WINDOWS\System32\RPCRT4.dll
0x00007ffab59f0000 - 0x00007ffab59f8000 	C:\WINDOWS\System32\PSAPI.DLL
0x00007ffaa1600000 - 0x00007ffaa1609000 	C:\WINDOWS\SYSTEM32\WSOCK32.dll
0x00007ffab5320000 - 0x00007ffab538b000 	C:\WINDOWS\System32\WS2_32.dll
0x00007ffaa7530000 - 0x00007ffaa7557000 	C:\WINDOWS\SYSTEM32\WINMM.dll
0x00007ffaa8040000 - 0x00007ffaa804a000 	C:\WINDOWS\SYSTEM32\VERSION.dll
0x00007ffab2a30000 - 0x00007ffab2a42000 	C:\WINDOWS\SYSTEM32\kernel.appcore.dll
0x00007ffaa2c10000 - 0x00007ffaa2c1a000 	G:\sts-4.12.1.RELEASE\plugins\org.eclipse.justj.openjdk.hotspot.jre.full.win32.x86_64_17.0.0.v20211012-1059\jre\bin\jimage.dll
0x00007ffab2420000 - 0x00007ffab2604000 	C:\WINDOWS\SYSTEM32\DBGHELP.DLL
0x00007ffa9f370000 - 0x00007ffa9f39c000 	C:\WINDOWS\SYSTEM32\dbgcore.DLL
0x00007ffab4180000 - 0x00007ffab4203000 	C:\WINDOWS\System32\bcryptPrimitives.dll
0x00007ffa6e030000 - 0x00007ffa6e055000 	G:\sts-4.12.1.RELEASE\plugins\org.eclipse.justj.openjdk.hotspot.jre.full.win32.x86_64_17.0.0.v20211012-1059\jre\bin\java.dll
0x00007ffa6e6e0000 - 0x00007ffa6e6f8000 	G:\sts-4.12.1.RELEASE\plugins\org.eclipse.justj.openjdk.hotspot.jre.full.win32.x86_64_17.0.0.v20211012-1059\jre\bin\zip.dll
0x00007ffab5a00000 - 0x00007ffab613f000 	C:\WINDOWS\System32\SHELL32.dll
0x00007ffab1bc0000 - 0x00007ffab2350000 	C:\WINDOWS\SYSTEM32\windows.storage.dll
0x00007ffab6390000 - 0x00007ffab66e5000 	C:\WINDOWS\System32\combase.dll
0x00007ffab38f0000 - 0x00007ffab391c000 	C:\WINDOWS\SYSTEM32\Wldp.dll
0x00007ffab4f20000 - 0x00007ffab4fcd000 	C:\WINDOWS\System32\SHCORE.dll
0x00007ffab56b0000 - 0x00007ffab5705000 	C:\WINDOWS\System32\shlwapi.dll
0x00007ffab3e50000 - 0x00007ffab3e6f000 	C:\WINDOWS\SYSTEM32\profapi.dll
0x00007ffa6e6c0000 - 0x00007ffa6e6d9000 	G:\sts-4.12.1.RELEASE\plugins\org.eclipse.justj.openjdk.hotspot.jre.full.win32.x86_64_17.0.0.v20211012-1059\jre\bin\net.dll
0x00007ffaa8330000 - 0x00007ffaa8438000 	C:\WINDOWS\SYSTEM32\WINHTTP.dll
0x00007ffab35d0000 - 0x00007ffab363a000 	C:\WINDOWS\system32\mswsock.dll
0x00007ffa698f0000 - 0x00007ffa69905000 	G:\sts-4.12.1.RELEASE\plugins\org.eclipse.justj.openjdk.hotspot.jre.full.win32.x86_64_17.0.0.v20211012-1059\jre\bin\nio.dll
0x00007ffaa7460000 - 0x00007ffaa7470000 	G:\sts-4.12.1.RELEASE\plugins\org.eclipse.justj.openjdk.hotspot.jre.full.win32.x86_64_17.0.0.v20211012-1059\jre\bin\verify.dll
0x00007ffab37e0000 - 0x00007ffab37f8000 	C:\WINDOWS\SYSTEM32\CRYPTSP.dll
0x00007ffab2f30000 - 0x00007ffab2f64000 	C:\WINDOWS\system32\rsaenh.dll
0x00007ffab42b0000 - 0x00007ffab42d7000 	C:\WINDOWS\System32\bcrypt.dll
0x00007ffab3e10000 - 0x00007ffab3e3e000 	C:\WINDOWS\SYSTEM32\USERENV.dll
0x00007ffab3800000 - 0x00007ffab380c000 	C:\WINDOWS\SYSTEM32\CRYPTBASE.dll
0x00007ffab32b0000 - 0x00007ffab32eb000 	C:\WINDOWS\SYSTEM32\IPHLPAPI.DLL
0x00007ffab67a0000 - 0x00007ffab67a8000 	C:\WINDOWS\System32\NSI.dll
0x00007ffab1a30000 - 0x00007ffab1a47000 	C:\WINDOWS\SYSTEM32\dhcpcsvc6.DLL
0x00007ffab1a10000 - 0x00007ffab1a2d000 	C:\WINDOWS\SYSTEM32\dhcpcsvc.DLL
0x00007ffab32f0000 - 0x00007ffab33bc000 	C:\WINDOWS\SYSTEM32\DNSAPI.dll
0x00007ffaa17a0000 - 0x00007ffaa17aa000 	C:\Users\Administrator\AppData\Local\Temp\jansi-1.17.1-16115341594527047233.dll

dbghelp: loaded successfully - version: 4.0.5 - missing functions: none
symbol engine: initialized successfully - sym options: 0x614 - pdb path: .;G:\sts-4.12.1.RELEASE\plugins\org.eclipse.justj.openjdk.hotspot.jre.full.win32.x86_64_17.0.0.v20211012-1059\jre\bin;C:\WINDOWS\SYSTEM32;C:\WINDOWS\WinSxS\amd64_microsoft.windows.common-controls_6595b64144ccf1df_6.0.19041.1110_none_60b5254171f9507e;G:\sts-4.12.1.RELEASE\plugins\org.eclipse.justj.openjdk.hotspot.jre.full.win32.x86_64_17.0.0.v20211012-1059\jre\bin\server;C:\Users\Administrator\AppData\Local\Temp

VM Arguments:
jvm_args: -Dmaven.home=EMBEDDED -Dclassworlds.conf=C:\Users\Administrator\Documents\workspace-spring-tool-suite-4-4.12.1.RELEASE\.metadata\.plugins\org.eclipse.m2e.launching\launches\m2conf3530741827246452843.tmp -Dmaven.multiModuleProjectDirectory=C:\Users\Administrator\eclipse-workspace\e-stock-application -Djansi.force=true -Djansi.passthrough=true -Dfile.encoding=Cp1252 -XX:+ShowCodeDetailsInExceptionMessages 
java_command: org.codehaus.plexus.classworlds.launcher.Launcher -B package -Dstyle.color=always
java_class_path (initial): G:\sts-4.12.1.RELEASE\plugins\org.eclipse.m2e.maven.runtime_1.18.1.20211011-2139\jars\plexus-classworlds-2.6.0.jar
Launcher Type: SUN_STANDARD

[Global flags]
     intx CICompilerCount                          = 3                                         {product} {ergonomic}
     uint ConcGCThreads                            = 1                                         {product} {ergonomic}
     uint G1ConcRefinementThreads                  = 4                                         {product} {ergonomic}
   size_t G1HeapRegionSize                         = 1048576                                   {product} {ergonomic}
    uintx GCDrainStackTargetSize                   = 64                                        {product} {ergonomic}
   size_t InitialHeapSize                          = 134217728                                 {product} {ergonomic}
   size_t MarkStackSize                            = 4194304                                   {product} {ergonomic}
   size_t MaxHeapSize                              = 2120220672                                {product} {ergonomic}
   size_t MaxNewSize                               = 1271922688                                {product} {ergonomic}
   size_t MinHeapDeltaBytes                        = 1048576                                   {product} {ergonomic}
   size_t MinHeapSize                              = 8388608                                   {product} {ergonomic}
    uintx NonNMethodCodeHeapSize                   = 5832780                                {pd product} {ergonomic}
    uintx NonProfiledCodeHeapSize                  = 122912730                              {pd product} {ergonomic}
    uintx ProfiledCodeHeapSize                     = 122912730                              {pd product} {ergonomic}
    uintx ReservedCodeCacheSize                    = 251658240                              {pd product} {ergonomic}
     bool SegmentedCodeCache                       = true                                      {product} {ergonomic}
     bool ShowCodeDetailsInExceptionMessages       = true                                   {manageable} {command line}
   size_t SoftMaxHeapSize                          = 2120220672                             {manageable} {ergonomic}
     bool UseCompressedClassPointers               = true                           {product lp64_product} {ergonomic}
     bool UseCompressedOops                        = true                           {product lp64_product} {ergonomic}
     bool UseG1GC                                  = true                                      {product} {ergonomic}
     bool UseLargePagesIndividualAllocation        = false                                  {pd product} {ergonomic}

Logging:
Log output configuration:
 #0: stdout all=warning uptime,level,tags
 #1: stderr all=off uptime,level,tags

Environment Variables:
PATH=G:/sts-4.12.1.RELEASE//plugins/org.eclipse.justj.openjdk.hotspot.jre.full.win32.x86_64_17.0.0.v20211012-1059/jre/bin/server;G:/sts-4.12.1.RELEASE//plugins/org.eclipse.justj.openjdk.hotspot.jre.full.win32.x86_64_17.0.0.v20211012-1059/jre/bin;F:\WINDOWS.X64_193000_db_home\bin;C:\ProgramData\Oracle\Java\javapath;C:\Users\Raisul\eclipse-workspace\AutoCVUpload\Sikuli-IDE\libs;C:\Program Files\Java\jre1.8.0_144\bin;C:\Program Files\Apache Software Foundation\Tomcat 9.0\bin;C:\Program Files\Git\cmd;F:\apache-maven-3.6.3-bin\apache-maven-3.6.3\bin;C:\Windows\System32;C:\WINDOWS\system32;C:\WINDOWS;C:\WINDOWS\System32\Wbem;C:\WINDOWS\System32\WindowsPowerShell\v1.0\;C:\WINDOWS\System32\OpenSSH\;F:\kubectl;C:\Program Files\Java\jdk1.8.0_144\bin;C:\Program Files\nodejs;C:\Users\91888\AppData\Roaming\npm;C:\Users\91888\AppData\Roaming\npm\node_modules\@angular\cli\bin;C:\Program Files\Intel\CalibrationToolAPI\2.11.0.0\bin;C:\Users\Administrator\AppData\Roaming\npm\node_modules\@angular\cli\bin;C:\Users\Administrator\AppData\Local\Microsoft\WindowsApps;C:\Program Files\JetBrains\IntelliJ IDEA Community Edition 2021.1.1\bin;;C:\Users\Administrator\AppData\Roaming\npm;C:\Users\Administrator\AppData\Local\Programs\Microsoft VS Code Insiders\bin;G:\sts-4.12.1.RELEASE;
USERNAME=Administrator
OS=Windows_NT
PROCESSOR_IDENTIFIER=Intel64 Family 6 Model 78 Stepping 3, GenuineIntel



---------------  S Y S T E M  ---------------

OS:
 Windows 10 , 64 bit Build 19041 (10.0.19041.1202)
OS uptime: 0 days 0:51 hours
Hyper-V role detected

CPU: total 4 (initial active 4) (2 cores per cpu, 2 threads per core) family 6 model 78 stepping 3 microcode 0xcc, cx8, cmov, fxsr, ht, mmx, 3dnowpref, sse, sse2, sse3, ssse3, sse4.1, sse4.2, popcnt, lzcnt, tsc, tscinvbit, avx, avx2, aes, erms, clmul, bmi1, bmi2, adx, fma, vzeroupper, clflush, clflushopt, hv

Memory: 4k page, system-wide physical 8082M (831M free)
TotalPageFile size 10130M (AvailPageFile size 5M)
current process WorkingSet (physical memory assigned to process): 285M, peak: 289M
current process commit charge ("private bytes"): 328M, peak: 332M

vm_info: OpenJDK 64-Bit Server VM (17+35) for windows-amd64 JRE (17+35), built on Sep 14 2021 17:27:39 by "" with MS VC++ 16.7 (VS2019)

END.
