#
# There is insufficient memory for the Java Runtime Environment to continue.
# Native memory allocation (malloc) failed to allocate 36864 bytes for Chunk::new
# Possible reasons:
#   The system is out of physical RAM or swap space
#   In 32 bit mode, the process size limit was hit
# Possible solutions:
#   Reduce memory load on the system
#   Increase physical memory or swap space
#   Check if swap backing store is full
#   Use 64 bit Java on a 64 bit OS
#   Decrease Java heap size (-Xmx/-Xms)
#   Decrease number of Java threads
#   Decrease Java thread stack sizes (-Xss)
#   Set larger code cache with -XX:ReservedCodeCacheSize=
# This output file may be truncated or incomplete.
#
#  Out of Memory Error (allocation.cpp:390), pid=7700, tid=0x00000000000029f8
#
# JRE version: Java(TM) SE Runtime Environment (8.0_144-b01) (build 1.8.0_144-b01)
# Java VM: Java HotSpot(TM) 64-Bit Server VM (25.144-b01 mixed mode windows-amd64 compressed oops)
# Failed to write core dump. Minidumps are not enabled by default on client versions of Windows
#

---------------  T H R E A D  ---------------

Current thread (0x0000000017e35000):  JavaThread "C2 CompilerThread1" daemon [_thread_in_native, id=10744, stack(0x0000000019580000,0x0000000019680000)]

Stack: [0x0000000019580000,0x0000000019680000]
[error occurred during error reporting (printing stack bounds), id 0xc0000005]

Native frames: (J=compiled Java code, j=interpreted, Vv=VM code, C=native code)


Current CompileTask:
C2:  15080 4032       4       java.io.DataInputStream::readUTF (501 bytes)


---------------  P R O C E S S  ---------------

Java Threads: ( => current thread )
  0x000000001b007000 JavaThread "Okio Watchdog" daemon [_thread_blocked, id=10772, stack(0x000000001e6c0000,0x000000001e7c0000)]
  0x000000001ac51800 JavaThread "OkHttp ConnectionPool" daemon [_thread_blocked, id=10372, stack(0x000000001e5c0000,0x000000001e6c0000)]
  0x00000000197a8800 JavaThread "Service Thread" daemon [_thread_blocked, id=9524, stack(0x0000000019b80000,0x0000000019c80000)]
  0x0000000017e3b800 JavaThread "C1 CompilerThread2" daemon [_thread_blocked, id=11108, stack(0x0000000019680000,0x0000000019780000)]
=>0x0000000017e35000 JavaThread "C2 CompilerThread1" daemon [_thread_in_native, id=10744, stack(0x0000000019580000,0x0000000019680000)]
  0x0000000017e32000 JavaThread "C2 CompilerThread0" daemon [_thread_blocked, id=9672, stack(0x0000000019480000,0x0000000019580000)]
  0x0000000017e30000 JavaThread "Attach Listener" daemon [_thread_blocked, id=10768, stack(0x0000000019380000,0x0000000019480000)]
  0x0000000017e2b000 JavaThread "Signal Dispatcher" daemon [_thread_blocked, id=9644, stack(0x0000000019280000,0x0000000019380000)]
  0x00000000032eb800 JavaThread "Finalizer" daemon [_thread_blocked, id=5236, stack(0x0000000019080000,0x0000000019180000)]
  0x00000000032e0800 JavaThread "Reference Handler" daemon [_thread_blocked, id=4600, stack(0x0000000018f80000,0x0000000019080000)]
  0x00000000031f2800 JavaThread "main" [_thread_in_native, id=7628, stack(0x0000000003080000,0x0000000003180000)]

Other Threads:
  0x0000000017df8800 VMThread [stack: 0x0000000018e80000,0x0000000018f80000] [id=9996]
  0x00000000197b3000 WatcherThread [stack: 0x0000000019c80000,0x0000000019d80000] [id=4672]

VM state:not at safepoint (normal execution)

VM Mutex/Monitor currently owned by a thread: None

Heap:
 PSYoungGen      total 148480K, used 21262K [0x00000000d5e00000, 0x00000000e8000000, 0x0000000100000000)
  eden space 133120K, 15% used [0x00000000d5e00000,0x00000000d72c3af8,0x00000000de000000)
  from space 15360K, 0% used [0x00000000de000000,0x00000000de000000,0x00000000def00000)
  to   space 15360K, 0% used [0x00000000e7100000,0x00000000e7100000,0x00000000e8000000)
 ParOldGen       total 84480K, used 25222K [0x0000000081a00000, 0x0000000086c80000, 0x00000000d5e00000)
  object space 84480K, 29% used [0x0000000081a00000,0x00000000832a1a30,0x0000000086c80000)
 Metaspace       used 25173K, capacity 25906K, committed 26160K, reserved 1073152K
  class space    used 3022K, capacity 3256K, committed 3376K, reserved 1048576K

Card table byte_map: [0x00000000126b0000,0x0000000012ab0000] byte_map_base: 0x00000000122a3000

Marking Bits: (ParMarkBitMap*) 0x000000005665d850
 Begin Bits: [0x0000000013160000, 0x00000000150f8000)
 End Bits:   [0x00000000150f8000, 0x0000000017090000)

Polling page: 0x00000000013c0000

CodeCache: size=245760Kb used=14408Kb max_used=14408Kb free=231351Kb
 bounds [0x00000000032f0000, 0x0000000004110000, 0x00000000122f0000]
 total_blobs=4452 nmethods=4019 adapters=344
 compilation: enabled

Compilation events (10 events):
Event: 14.906 Thread 0x0000000017e3b800 nmethod 4025 0x00000000040fc310 code [0x00000000040fc540, 0x00000000040fd0c8]
Event: 14.914 Thread 0x0000000017e3b800 4031       1       java.util.concurrent.CopyOnWriteArrayList::getArray (5 bytes)
Event: 14.915 Thread 0x0000000017e3b800 nmethod 4031 0x00000000040fd850 code [0x00000000040fd9a0, 0x00000000040fdab0]
Event: 14.975 Thread 0x0000000017e35000 4032       4       java.io.DataInputStream::readUTF (501 bytes)
Event: 14.975 Thread 0x0000000017e3b800 4033       3       java.io.DataInputStream::readFully (9 bytes)
Event: 14.976 Thread 0x0000000017e3b800 nmethod 4033 0x00000000040fdb10 code [0x00000000040fdc80, 0x00000000040fdea8]
Event: 14.976 Thread 0x0000000017e32000 4034       4       java.io.BufferedInputStream::read1 (108 bytes)
Event: 14.985 Thread 0x0000000017e32000 nmethod 4034 0x0000000004101190 code [0x0000000004101300, 0x00000000041018f8]
Event: 14.985 Thread 0x0000000017e32000 4035       4       java.util.AbstractList$Itr::hasNext (20 bytes)
Event: 14.986 Thread 0x0000000017e32000 nmethod 4035 0x00000000040fe1d0 code [0x00000000040fe320, 0x00000000040fe3d8]

GC Heap History (10 events):
Event: 3.405 GC heap before
{Heap before GC invocations=4 (full 0):
 PSYoungGen      total 38400K, used 38368K [0x00000000d5e00000, 0x00000000da900000, 0x0000000100000000)
  eden space 33280K, 100% used [0x00000000d5e00000,0x00000000d7e80000,0x00000000d7e80000)
  from space 5120K, 99% used [0x00000000d7e80000,0x00000000d8378020,0x00000000d8380000)
  to   space 5120K, 0% used [0x00000000da400000,0x00000000da400000,0x00000000da900000)
 ParOldGen       total 87552K, used 5623K [0x0000000081a00000, 0x0000000086f80000, 0x00000000d5e00000)
  object space 87552K, 6% used [0x0000000081a00000,0x0000000081f7dd18,0x0000000086f80000)
 Metaspace       used 15145K, capacity 15336K, committed 15616K, reserved 1062912K
  class space    used 1834K, capacity 1940K, committed 2048K, reserved 1048576K
Event: 3.422 GC heap after
Heap after GC invocations=4 (full 0):
 PSYoungGen      total 71680K, used 5088K [0x00000000d5e00000, 0x00000000da900000, 0x0000000100000000)
  eden space 66560K, 0% used [0x00000000d5e00000,0x00000000d5e00000,0x00000000d9f00000)
  from space 5120K, 99% used [0x00000000da400000,0x00000000da8f8020,0x00000000da900000)
  to   space 5120K, 0% used [0x00000000d9f00000,0x00000000d9f00000,0x00000000da400000)
 ParOldGen       total 87552K, used 11314K [0x0000000081a00000, 0x0000000086f80000, 0x00000000d5e00000)
  object space 87552K, 12% used [0x0000000081a00000,0x000000008250ca38,0x0000000086f80000)
 Metaspace       used 15145K, capacity 15336K, committed 15616K, reserved 1062912K
  class space    used 1834K, capacity 1940K, committed 2048K, reserved 1048576K
}
Event: 6.387 GC heap before
{Heap before GC invocations=5 (full 0):
 PSYoungGen      total 71680K, used 71648K [0x00000000d5e00000, 0x00000000da900000, 0x0000000100000000)
  eden space 66560K, 100% used [0x00000000d5e00000,0x00000000d9f00000,0x00000000d9f00000)
  from space 5120K, 99% used [0x00000000da400000,0x00000000da8f8020,0x00000000da900000)
  to   space 5120K, 0% used [0x00000000d9f00000,0x00000000d9f00000,0x00000000da400000)
 ParOldGen       total 87552K, used 11314K [0x0000000081a00000, 0x0000000086f80000, 0x00000000d5e00000)
  object space 87552K, 12% used [0x0000000081a00000,0x000000008250ca38,0x0000000086f80000)
 Metaspace       used 15712K, capacity 15986K, committed 16128K, reserved 1062912K
  class space    used 1871K, capacity 1979K, committed 2048K, reserved 1048576K
Event: 6.411 GC heap after
Heap after GC invocations=5 (full 0):
 PSYoungGen      total 71680K, used 5120K [0x00000000d5e00000, 0x00000000e0000000, 0x0000000100000000)
  eden space 66560K, 0% used [0x00000000d5e00000,0x00000000d5e00000,0x00000000d9f00000)
  from space 5120K, 100% used [0x00000000d9f00000,0x00000000da400000,0x00000000da400000)
  to   space 16384K, 0% used [0x00000000df000000,0x00000000df000000,0x00000000e0000000)
 ParOldGen       total 87552K, used 21721K [0x0000000081a00000, 0x0000000086f80000, 0x00000000d5e00000)
  object space 87552K, 24% used [0x0000000081a00000,0x0000000082f36608,0x0000000086f80000)
 Metaspace       used 15712K, capacity 15986K, committed 16128K, reserved 1062912K
  class space    used 1871K, capacity 1979K, committed 2048K, reserved 1048576K
}
Event: 7.429 GC heap before
{Heap before GC invocations=6 (full 0):
 PSYoungGen      total 71680K, used 71680K [0x00000000d5e00000, 0x00000000e0000000, 0x0000000100000000)
  eden space 66560K, 100% used [0x00000000d5e00000,0x00000000d9f00000,0x00000000d9f00000)
  from space 5120K, 100% used [0x00000000d9f00000,0x00000000da400000,0x00000000da400000)
  to   space 16384K, 0% used [0x00000000df000000,0x00000000df000000,0x00000000e0000000)
 ParOldGen       total 87552K, used 21721K [0x0000000081a00000, 0x0000000086f80000, 0x00000000d5e00000)
  object space 87552K, 24% used [0x0000000081a00000,0x0000000082f36608,0x0000000086f80000)
 Metaspace       used 16423K, capacity 16708K, committed 16896K, reserved 1064960K
  class space    used 1892K, capacity 1982K, committed 2048K, reserved 1048576K
Event: 7.457 GC heap after
Heap after GC invocations=6 (full 0):
 PSYoungGen      total 147456K, used 8944K [0x00000000d5e00000, 0x00000000dfe00000, 0x0000000100000000)
  eden space 133120K, 0% used [0x00000000d5e00000,0x00000000d5e00000,0x00000000de000000)
  from space 14336K, 62% used [0x00000000df000000,0x00000000df8bc010,0x00000000dfe00000)
  to   space 15360K, 0% used [0x00000000de000000,0x00000000de000000,0x00000000def00000)
 ParOldGen       total 87552K, used 21721K [0x0000000081a00000, 0x0000000086f80000, 0x00000000d5e00000)
  object space 87552K, 24% used [0x0000000081a00000,0x0000000082f36608,0x0000000086f80000)
 Metaspace       used 16423K, capacity 16708K, committed 16896K, reserved 1064960K
  class space    used 1892K, capacity 1982K, committed 2048K, reserved 1048576K
}
Event: 12.102 GC heap before
{Heap before GC invocations=7 (full 0):
 PSYoungGen      total 147456K, used 35449K [0x00000000d5e00000, 0x00000000dfe00000, 0x0000000100000000)
  eden space 133120K, 19% used [0x00000000d5e00000,0x00000000d77e2710,0x00000000de000000)
  from space 14336K, 62% used [0x00000000df000000,0x00000000df8bc010,0x00000000dfe00000)
  to   space 15360K, 0% used [0x00000000de000000,0x00000000de000000,0x00000000def00000)
 ParOldGen       total 87552K, used 21721K [0x0000000081a00000, 0x0000000086f80000, 0x00000000d5e00000)
  object space 87552K, 24% used [0x0000000081a00000,0x0000000082f36608,0x0000000086f80000)
 Metaspace       used 20602K, capacity 21142K, committed 21296K, reserved 1069056K
  class space    used 2392K, capacity 2580K, committed 2608K, reserved 1048576K
Event: 12.124 GC heap after
Heap after GC invocations=7 (full 0):
 PSYoungGen      total 148480K, used 10516K [0x00000000d5e00000, 0x00000000e8000000, 0x0000000100000000)
  eden space 133120K, 0% used [0x00000000d5e00000,0x00000000d5e00000,0x00000000de000000)
  from space 15360K, 68% used [0x00000000de000000,0x00000000dea45368,0x00000000def00000)
  to   space 15360K, 0% used [0x00000000e7100000,0x00000000e7100000,0x00000000e8000000)
 ParOldGen       total 87552K, used 23219K [0x0000000081a00000, 0x0000000086f80000, 0x00000000d5e00000)
  object space 87552K, 26% used [0x0000000081a00000,0x00000000830acec8,0x0000000086f80000)
 Metaspace       used 20602K, capacity 21142K, committed 21296K, reserved 1069056K
  class space    used 2392K, capacity 2580K, committed 2608K, reserved 1048576K
}
Event: 12.124 GC heap before
{Heap before GC invocations=8 (full 1):
 PSYoungGen      total 148480K, used 10516K [0x00000000d5e00000, 0x00000000e8000000, 0x0000000100000000)
  eden space 133120K, 0% used [0x00000000d5e00000,0x00000000d5e00000,0x00000000de000000)
  from space 15360K, 68% used [0x00000000de000000,0x00000000dea45368,0x00000000def00000)
  to   space 15360K, 0% used [0x00000000e7100000,0x00000000e7100000,0x00000000e8000000)
 ParOldGen       total 87552K, used 23219K [0x0000000081a00000, 0x0000000086f80000, 0x00000000d5e00000)
  object space 87552K, 26% used [0x0000000081a00000,0x00000000830acec8,0x0000000086f80000)
 Metaspace       used 20602K, capacity 21142K, committed 21296K, reserved 1069056K
  class space    used 2392K, capacity 2580K, committed 2608K, reserved 1048576K
Event: 12.257 GC heap after
Heap after GC invocations=8 (full 1):
 PSYoungGen      total 148480K, used 0K [0x00000000d5e00000, 0x00000000e8000000, 0x0000000100000000)
  eden space 133120K, 0% used [0x00000000d5e00000,0x00000000d5e00000,0x00000000de000000)
  from space 15360K, 0% used [0x00000000de000000,0x00000000de000000,0x00000000def00000)
  to   space 15360K, 0% used [0x00000000e7100000,0x00000000e7100000,0x00000000e8000000)
 ParOldGen       total 84480K, used 25222K [0x0000000081a00000, 0x0000000086c80000, 0x00000000d5e00000)
  object space 84480K, 29% used [0x0000000081a00000,0x00000000832a1a30,0x0000000086c80000)
 Metaspace       used 20602K, capacity 21142K, committed 21296K, reserved 1069056K
  class space    used 2392K, capacity 2580K, committed 2608K, reserved 1048576K
}

Deoptimization events (10 events):
Event: 10.315 Thread 0x00000000031f2800 Uncommon trap: reason=unstable_if action=reinterpret pc=0x00000000039830a0 method=java.util.LinkedHashMap.get(Ljava/lang/Object;)Ljava/lang/Object; @ 20
Event: 10.471 Thread 0x00000000031f2800 Uncommon trap: reason=unstable_if action=reinterpret pc=0x0000000003fab450 method=java.io.ByteArrayInputStream.read()I @ 8
Event: 11.690 Thread 0x00000000031f2800 Uncommon trap: reason=unstable_if action=reinterpret pc=0x0000000003f7165c method=org.codehaus.plexus.classworlds.realm.Entry.matches(Ljava/lang/String;)Z @ 95
Event: 11.701 Thread 0x00000000031f2800 Uncommon trap: reason=unstable_if action=reinterpret pc=0x00000000036ad9f4 method=java.util.jar.Manifest$FastInputStream.readLine([BII)I @ 87
Event: 12.847 Thread 0x00000000031f2800 Uncommon trap: reason=unstable_if action=reinterpret pc=0x000000000403b4e0 method=java.util.Arrays.equals([B[B)Z @ 2
Event: 13.259 Thread 0x00000000031f2800 Uncommon trap: reason=bimorphic action=maybe_recompile pc=0x0000000003c5aba8 method=java.util.regex.Matcher.match(II)Z @ 86
Event: 13.262 Thread 0x00000000031f2800 Uncommon trap: reason=bimorphic action=maybe_recompile pc=0x0000000003c5aba8 method=java.util.regex.Matcher.match(II)Z @ 86
Event: 13.470 Thread 0x00000000031f2800 Uncommon trap: reason=unstable_if action=reinterpret pc=0x000000000405adb4 method=java.io.WinNTFileSystem.parentOrNull(Ljava/lang/String;)Ljava/lang/String; @ 96
Event: 14.122 Thread 0x00000000031f2800 Uncommon trap: reason=unstable_if action=reinterpret pc=0x0000000003fa07a4 method=java.lang.Integer.parseInt(Ljava/lang/String;I)I @ 122
Event: 14.820 Thread 0x00000000031f2800 Uncommon trap: reason=class_check action=maybe_recompile pc=0x00000000039efdd8 method=java.lang.AbstractStringBuilder.append(Ljava/lang/CharSequence;II)Ljava/lang/AbstractStringBuilder; @ 18

Internal exceptions (10 events):
Event: 8.166 Thread 0x00000000031f2800 Exception <a 'java/lang/NoSuchFieldError': method resolution failed> (0x00000000d66fa8b0) thrown at [C:\re\workspace\8-2-build-windows-amd64-cygwin\jdk8u144\9417\hotspot\src\share\vm\prims\methodHandles.cpp, line 1146]
Event: 8.168 Thread 0x00000000031f2800 Exception <a 'java/lang/NoSuchFieldError': method resolution failed> (0x00000000d6707f70) thrown at [C:\re\workspace\8-2-build-windows-amd64-cygwin\jdk8u144\9417\hotspot\src\share\vm\prims\methodHandles.cpp, line 1146]
Event: 8.687 Thread 0x00000000031f2800 Exception <a 'java/lang/NoSuchMethodError': java.lang.Object.lambda$static$0(Lorg/sonarsource/scanner/api/internal/shaded/okhttp/Route;Lorg/sonarsource/scanner/api/internal/shaded/okhttp/Response;)Lorg/sonarsource/scanner/api/internal/shaded/okhttp/Reques
Event: 8.728 Thread 0x00000000031f2800 Exception <a 'java/lang/NoSuchMethodError': java.lang.Object.lambda$static$0(Ljava/lang/String;)Ljava/util/List;> (0x00000000d6851e30) thrown at [C:\re\workspace\8-2-build-windows-amd64-cygwin\jdk8u144\9417\hotspot\src\share\vm\interpreter\linkResolver.cp
Event: 11.990 Thread 0x00000000031f2800 Exception <a 'java/lang/ClassNotFoundException': org/eclipse/jetty/alpn/ALPN> (0x00000000d74975b8) thrown at [C:\re\workspace\8-2-build-windows-amd64-cygwin\jdk8u144\9417\hotspot\src\share\vm\classfile\systemDictionary.cpp, line 210]
Event: 12.041 Thread 0x00000000031f2800 Exception <a 'sun/nio/fs/WindowsException'> (0x00000000d752cb58) thrown at [C:\re\workspace\8-2-build-windows-amd64-cygwin\jdk8u144\9417\hotspot\src\share\vm\prims\jni.cpp, line 709]
Event: 12.048 Thread 0x00000000031f2800 Exception <a 'sun/nio/fs/WindowsException'> (0x00000000d7530488) thrown at [C:\re\workspace\8-2-build-windows-amd64-cygwin\jdk8u144\9417\hotspot\src\share\vm\prims\jni.cpp, line 709]
Event: 13.205 Thread 0x00000000031f2800 Exception <a 'sun/nio/fs/WindowsException'> (0x00000000d64bb338) thrown at [C:\re\workspace\8-2-build-windows-amd64-cygwin\jdk8u144\9417\hotspot\src\share\vm\prims\jni.cpp, line 709]
Event: 13.206 Thread 0x00000000031f2800 Exception <a 'sun/nio/fs/WindowsException'> (0x00000000d64d2cd8) thrown at [C:\re\workspace\8-2-build-windows-amd64-cygwin\jdk8u144\9417\hotspot\src\share\vm\prims\jni.cpp, line 709]
Event: 13.471 Thread 0x00000000031f2800 Exception <a 'java/io/FileNotFoundException'> (0x00000000d66cd8e8) thrown at [C:\re\workspace\8-2-build-windows-amd64-cygwin\jdk8u144\9417\hotspot\src\share\vm\prims\jni.cpp, line 709]

Events (10 events):
Event: 14.974 loading class java/time/zone/TzdbZoneRulesProvider done
Event: 14.977 loading class java/time/zone/Ser
Event: 14.977 loading class java/io/Externalizable
Event: 14.977 loading class java/io/Externalizable done
Event: 14.977 loading class java/time/zone/Ser done
Event: 14.977 loading class java/time/zone/ZoneRules
Event: 14.978 loading class java/time/zone/ZoneRules done
Event: 14.978 loading class java/time/zone/ZoneOffsetTransitionRule
Event: 14.979 loading class java/time/zone/ZoneOffsetTransitionRule done
Event: 14.979 loading class java/time/LocalDateTime


Dynamic libraries:
0x00007ff771290000 - 0x00007ff7712c7000 	C:\ProgramData\Oracle\Java\javapath\java.exe
0x00007ffab67f0000 - 0x00007ffab69e5000 	C:\WINDOWS\SYSTEM32\ntdll.dll
0x00007ffab6140000 - 0x00007ffab61fe000 	C:\WINDOWS\System32\KERNEL32.DLL
0x00007ffab43e0000 - 0x00007ffab46a9000 	C:\WINDOWS\System32\KERNELBASE.dll
0x00007ffab66f0000 - 0x00007ffab679c000 	C:\WINDOWS\System32\ADVAPI32.dll
0x00007ffab53c0000 - 0x00007ffab545e000 	C:\WINDOWS\System32\msvcrt.dll
0x00007ffab5590000 - 0x00007ffab562b000 	C:\WINDOWS\System32\sechost.dll
0x00007ffab6200000 - 0x00007ffab632a000 	C:\WINDOWS\System32\RPCRT4.dll
0x00007ffab4d70000 - 0x00007ffab4f11000 	C:\WINDOWS\System32\USER32.dll
0x00007ffab46b0000 - 0x00007ffab46d2000 	C:\WINDOWS\System32\win32u.dll
0x00007ffab5390000 - 0x00007ffab53bb000 	C:\WINDOWS\System32\GDI32.dll
0x00007ffab3f10000 - 0x00007ffab401b000 	C:\WINDOWS\System32\gdi32full.dll
0x00007ffab4210000 - 0x00007ffab42ad000 	C:\WINDOWS\System32\msvcp_win.dll
0x00007ffab4020000 - 0x00007ffab4120000 	C:\WINDOWS\System32\ucrtbase.dll
0x00007ffaa53a0000 - 0x00007ffaa563a000 	C:\WINDOWS\WinSxS\amd64_microsoft.windows.common-controls_6595b64144ccf1df_6.0.19041.1110_none_60b5254171f9507e\COMCTL32.dll
0x00007ffab5840000 - 0x00007ffab5870000 	C:\WINDOWS\System32\IMM32.DLL
0x00000000566e0000 - 0x00000000567b2000 	C:\Program Files\Java\jre1.8.0_144\bin\msvcr100.dll
0x0000000055e40000 - 0x00000000566dd000 	C:\Program Files\Java\jre1.8.0_144\bin\server\jvm.dll
0x00007ffab59f0000 - 0x00007ffab59f8000 	C:\WINDOWS\System32\PSAPI.DLL
0x00007ffaa8040000 - 0x00007ffaa804a000 	C:\WINDOWS\SYSTEM32\VERSION.dll
0x00007ffaa7530000 - 0x00007ffaa7557000 	C:\WINDOWS\SYSTEM32\WINMM.dll
0x00007ffaa1600000 - 0x00007ffaa1609000 	C:\WINDOWS\SYSTEM32\WSOCK32.dll
0x00007ffab5320000 - 0x00007ffab538b000 	C:\WINDOWS\System32\WS2_32.dll
0x0000000055e30000 - 0x0000000055e3f000 	C:\Program Files\Java\jre1.8.0_144\bin\verify.dll
0x0000000055e00000 - 0x0000000055e29000 	C:\Program Files\Java\jre1.8.0_144\bin\java.dll
0x0000000055de0000 - 0x0000000055df6000 	C:\Program Files\Java\jre1.8.0_144\bin\zip.dll
0x00007ffab5a00000 - 0x00007ffab613f000 	C:\WINDOWS\System32\SHELL32.dll
0x00007ffab1bc0000 - 0x00007ffab2350000 	C:\WINDOWS\SYSTEM32\windows.storage.dll
0x00007ffab6390000 - 0x00007ffab66e5000 	C:\WINDOWS\System32\combase.dll
0x00007ffab38f0000 - 0x00007ffab391c000 	C:\WINDOWS\SYSTEM32\Wldp.dll
0x00007ffab4f20000 - 0x00007ffab4fcd000 	C:\WINDOWS\System32\SHCORE.dll
0x00007ffab56b0000 - 0x00007ffab5705000 	C:\WINDOWS\System32\shlwapi.dll
0x00007ffab3e50000 - 0x00007ffab3e6f000 	C:\WINDOWS\SYSTEM32\profapi.dll
0x00007ffaaca90000 - 0x00007ffaaca9a000 	F:\apache-maven-3.6.3-bin\apache-maven-3.6.3\lib\jansi-native\windows64\jansi.dll
0x0000000055dc0000 - 0x0000000055dda000 	C:\Program Files\Java\jre1.8.0_144\bin\net.dll
0x00007ffab35d0000 - 0x00007ffab363a000 	C:\WINDOWS\system32\mswsock.dll
0x0000000055da0000 - 0x0000000055db1000 	C:\Program Files\Java\jre1.8.0_144\bin\nio.dll
0x0000000055d60000 - 0x0000000055d84000 	C:\Program Files\Java\jre1.8.0_144\bin\sunec.dll
0x00007ffab32b0000 - 0x00007ffab32eb000 	C:\WINDOWS\SYSTEM32\IPHLPAPI.DLL
0x00007ffab67a0000 - 0x00007ffab67a8000 	C:\WINDOWS\System32\NSI.dll
0x00007ffab1a30000 - 0x00007ffab1a47000 	C:\WINDOWS\SYSTEM32\dhcpcsvc6.DLL
0x00007ffab1a10000 - 0x00007ffab1a2d000 	C:\WINDOWS\SYSTEM32\dhcpcsvc.DLL
0x00007ffab32f0000 - 0x00007ffab33bc000 	C:\WINDOWS\SYSTEM32\DNSAPI.dll
0x00007ffab37e0000 - 0x00007ffab37f8000 	C:\WINDOWS\SYSTEM32\CRYPTSP.dll
0x00007ffab2f30000 - 0x00007ffab2f64000 	C:\WINDOWS\system32\rsaenh.dll
0x00007ffab42b0000 - 0x00007ffab42d7000 	C:\WINDOWS\System32\bcrypt.dll
0x00007ffab3e10000 - 0x00007ffab3e3e000 	C:\WINDOWS\SYSTEM32\USERENV.dll
0x00007ffab4180000 - 0x00007ffab4203000 	C:\WINDOWS\System32\bcryptprimitives.dll
0x00007ffab3800000 - 0x00007ffab380c000 	C:\WINDOWS\SYSTEM32\CRYPTBASE.dll
0x0000000055d50000 - 0x0000000055d5b000 	C:\Program Files\Java\jre1.8.0_144\bin\sunmscapi.dll
0x00007ffab46e0000 - 0x00007ffab4836000 	C:\WINDOWS\System32\CRYPT32.dll
0x00007ffaa2300000 - 0x00007ffaa230a000 	C:\Windows\System32\rasadhlp.dll
0x00007ffaa6370000 - 0x00007ffaa63ef000 	C:\WINDOWS\System32\fwpuclnt.dll

VM Arguments:
jvm_args: -Dclassworlds.conf=F:\apache-maven-3.6.3-bin\apache-maven-3.6.3\bin\..\bin\m2.conf -Dmaven.home=F:\apache-maven-3.6.3-bin\apache-maven-3.6.3\bin\.. -Dlibrary.jansi.path=F:\apache-maven-3.6.3-bin\apache-maven-3.6.3\bin\..\lib\jansi-native -Dmaven.multiModuleProjectDirectory=C:\Users\Administrator\eclipse-workspace\e-stock-application 
java_command: org.codehaus.plexus.classworlds.launcher.Launcher sonar:sonar -Dsonar.projectKey=e-stock -Dsonar.host.url=http://localhost:9000 -Dsonar.login=d8e01936d09f7df8eb8c39baf7b8560894d228db
java_class_path (initial): F:\apache-maven-3.6.3-bin\apache-maven-3.6.3\bin\..\boot\plexus-classworlds-2.6.0.jar
Launcher Type: SUN_STANDARD

Environment Variables:
PATH=F:\WINDOWS.X64_193000_db_home\bin;C:\ProgramData\Oracle\Java\javapath;C:\Users\Raisul\eclipse-workspace\AutoCVUpload\Sikuli-IDE\libs;C:\Program Files\Java\jre1.8.0_144\bin;C:\Program Files\Apache Software Foundation\Tomcat 9.0\bin;C:\Program Files\Git\cmd;F:\apache-maven-3.6.3-bin\apache-maven-3.6.3\bin;C:\Windows\System32;C:\WINDOWS\system32;C:\WINDOWS;C:\WINDOWS\System32\Wbem;C:\WINDOWS\System32\WindowsPowerShell\v1.0\;C:\WINDOWS\System32\OpenSSH\;F:\kubectl;C:\Program Files\Java\jdk1.8.0_144\bin;C:\Program Files\nodejs;C:\Users\91888\AppData\Roaming\npm;C:\Users\91888\AppData\Roaming\npm\node_modules\@angular\cli\bin;C:\Program Files\Intel\CalibrationToolAPI\2.11.0.0\bin;C:\Users\Administrator\AppData\Roaming\npm\node_modules\@angular\cli\bin;C:\Users\Administrator\AppData\Local\Microsoft\WindowsApps;C:\Program Files\JetBrains\IntelliJ IDEA Community Edition 2021.1.1\bin;C:\Users\Administrator\AppData\Roaming\npm;C:\Users\Administrator\AppData\Local\Programs\Microsoft VS Code Insiders\bin
USERNAME=Administrator
OS=Windows_NT
PROCESSOR_IDENTIFIER=Intel64 Family 6 Model 78 Stepping 3, GenuineIntel



---------------  S Y S T E M  ---------------

OS: Windows 10.0 , 64 bit Build 19041 (10.0.19041.1202)

CPU:total 4 (initial active 4) (2 cores per cpu, 2 threads per core) family 6 model 78 stepping 3, cmov, cx8, fxsr, mmx, sse, sse2, sse3, ssse3, sse4.1, sse4.2, popcnt, avx, avx2, aes, clmul, erms, 3dnowpref, lzcnt, ht, tsc, tscinvbit, bmi1, bmi2, adx

Memory: 4k page, physical 8276896k(1262068k free), swap 10374048k(5144k free)

vm_info: Java HotSpot(TM) 64-Bit Server VM (25.144-b01) for windows-amd64 JRE (1.8.0_144-b01), built on Jul 21 2017 21:57:33 by "java_re" with MS VC++ 10.0 (VS2010)

time: Sun Oct 31 19:14:47 2021
elapsed time: 15 seconds (0d 0h 0m 15s)

