#
# There is insufficient memory for the Java Runtime Environment to continue.
# Native memory allocation (malloc) failed to allocate 1048576 bytes for AllocateHeap
# Possible reasons:
#   The system is out of physical RAM or swap space
#   The process is running with CompressedOops enabled, and the Java Heap may be blocking the growth of the native heap
# Possible solutions:
#   Reduce memory load on the system
#   Increase physical memory or swap space
#   Check if swap backing store is full
#   Decrease Java heap size (-Xmx/-Xms)
#   Decrease number of Java threads
#   Decrease Java thread stack sizes (-Xss)
#   Set larger code cache with -XX:ReservedCodeCacheSize=
#   JVM is running with Unscaled Compressed Oops mode in which the Java heap is
#     placed in the first 4GB address space. The Java Heap base address is the
#     maximum limit for the native heap growth. Please use -XX:HeapBaseMinAddress
#     to set the Java Heap base and to place the Java Heap above 4GB virtual address.
# This output file may be truncated or incomplete.
#
#  Out of Memory Error (allocation.cpp:44), pid=808, tid=2556
#
# JRE version: OpenJDK Runtime Environment Temurin-17+35 (17.0+35) (build 17+35)
# Java VM: OpenJDK 64-Bit Server VM Temurin-17+35 (17+35, mixed mode, emulated-client, tiered, compressed oops, compressed class ptrs, g1 gc, windows-amd64)
# No core dump will be written. Minidumps are not enabled by default on client versions of Windows
#

---------------  S U M M A R Y ------------

Command Line: -Dcom.sun.management.jmxremote -Dcom.sun.management.jmxremote.port=49773 -Dcom.sun.management.jmxremote.authenticate=false -Dcom.sun.management.jmxremote.ssl=false -Djava.rmi.server.hostname=localhost -Dspring.jmx.enabled=true -Dspring.application.admin.enabled=true -XX:TieredStopAtLevel=1 -Dspring.boot.project.name=e-stock-application -Dfile.encoding=UTF-8 -XX:+ShowCodeDetailsInExceptionMessages com.estock.application.EStockApplication --spring.output.ansi.enabled=always

Host: Intel(R) Core(TM) i5-6200U CPU @ 2.30GHz, 4 cores, 7G,  Windows 10 , 64 bit Build 19041 (10.0.19041.1202)
Time: Sun Oct 31 19:09:55 2021 India Standard Time elapsed time: 2388.781737 seconds (0d 0h 39m 48s)

---------------  T H R E A D  ---------------

Current thread (0x0000029b3c72f7b0):  VMThread "VM Thread" [stack: 0x000000b86e400000,0x000000b86e500000] [id=2556]

Stack: [0x000000b86e400000,0x000000b86e500000]
Native frames: (J=compiled Java code, j=interpreted, Vv=VM code, C=native code)
V  [jvm.dll+0x674afa]
V  [jvm.dll+0x82eb44]
V  [jvm.dll+0x8302ee]
V  [jvm.dll+0x830953]
V  [jvm.dll+0x245335]
V  [jvm.dll+0xa5b43]
V  [jvm.dll+0x2f5053]
V  [jvm.dll+0x2f0d90]
V  [jvm.dll+0x2d94e7]
V  [jvm.dll+0x31c4e7]
V  [jvm.dll+0x834dbb]
V  [jvm.dll+0x835af4]
V  [jvm.dll+0x83600c]
V  [jvm.dll+0x8363e4]
V  [jvm.dll+0x8364b0]
V  [jvm.dll+0x7dedba]
V  [jvm.dll+0x673925]
C  [ucrtbase.dll+0x21bb2]
C  [KERNEL32.DLL+0x17034]
C  [ntdll.dll+0x52651]

VM_Operation (0x000000b86dcff020): G1CollectFull, mode: safepoint, requested by thread 0x0000029b3f6e1bd0


---------------  P R O C E S S  ---------------

Threads class SMR info:
_java_thread_list=0x0000029b4292ac40, length=25, elements={
0x0000029b3c7076c0, 0x0000029b3c708940, 0x0000029b3c74d130, 0x0000029b3c74d9f0,
0x0000029b3c74e2b0, 0x0000029b3d110e10, 0x0000029b3d114dd0, 0x0000029b3c77b3a0,
0x0000029b3d111c80, 0x0000029b3d112150, 0x0000029b3d1112e0, 0x0000029b3d112620,
0x0000029b3d113960, 0x0000029b3d112fc0, 0x0000029b3d113490, 0x0000029b3d1147d0,
0x0000029b3f6e2f10, 0x0000029b3f6e0d60, 0x0000029b3f6e1700, 0x0000029b3f6e33e0,
0x0000029b3f6dd870, 0x0000029b3f6e1230, 0x0000029b3f6e20a0, 0x0000029b3f6e1bd0,
0x0000029b3f6dc530
}
_to_delete_list=0x0000029b427ae630, length=26, elements={
0x0000029b3c7076c0, 0x0000029b3c708940, 0x0000029b3c74d130, 0x0000029b3c74d9f0,
0x0000029b3c74e2b0, 0x0000029b3d110e10, 0x0000029b3d114dd0, 0x0000029b3c77b3a0,
0x0000029b3d111c80, 0x0000029b3d112150, 0x0000029b3d1112e0, 0x0000029b3d112620,
0x0000029b3d113960, 0x0000029b3d112fc0, 0x0000029b3d113490, 0x0000029b3d1147d0,
0x0000029b3f6e2f10, 0x0000029b3f6e0d60, 0x0000029b3f6e1700, 0x0000029b3f6e33e0,
0x0000029b3f6dd870, 0x0000029b3f6e1230, 0x0000029b3f6e20a0, 0x0000029b3f6e2570,
0x0000029b3f6e1bd0, 0x0000029b3f6dc530
}

Java Threads: ( => current thread )
  0x0000029b3c7076c0 JavaThread "Reference Handler" daemon [_thread_blocked, id=2072, stack(0x000000b86e500000,0x000000b86e600000)]
  0x0000029b3c708940 JavaThread "Finalizer" daemon [_thread_blocked, id=2684, stack(0x000000b86e600000,0x000000b86e700000)]
  0x0000029b3c74d130 JavaThread "Signal Dispatcher" daemon [_thread_blocked, id=8852, stack(0x000000b86e700000,0x000000b86e800000)]
  0x0000029b3c74d9f0 JavaThread "Attach Listener" daemon [_thread_blocked, id=2420, stack(0x000000b86e800000,0x000000b86e900000)]
  0x0000029b3c74e2b0 JavaThread "Service Thread" daemon [_thread_blocked, id=8504, stack(0x000000b86e900000,0x000000b86ea00000)]
  0x0000029b3d110e10 JavaThread "Monitor Deflation Thread" daemon [_thread_blocked, id=6848, stack(0x000000b86ea00000,0x000000b86eb00000)]
  0x0000029b3d114dd0 JavaThread "C1 CompilerThread0" daemon [_thread_blocked, id=3692, stack(0x000000b86eb00000,0x000000b86ec00000)]
  0x0000029b3c77b3a0 JavaThread "Sweeper thread" daemon [_thread_blocked, id=8616, stack(0x000000b86ec00000,0x000000b86ed00000)]
  0x0000029b3d111c80 JavaThread "Common-Cleaner" daemon [_thread_blocked, id=5728, stack(0x000000b86ed00000,0x000000b86ee00000)]
  0x0000029b3d112150 JavaThread "Notification Thread" daemon [_thread_blocked, id=2316, stack(0x000000b86f000000,0x000000b86f100000)]
  0x0000029b3d1112e0 JavaThread "RMI TCP Accept-0" daemon [_thread_in_native, id=7288, stack(0x000000b86f200000,0x000000b86f300000)]
  0x0000029b3d112620 JavaThread "RMI TCP Accept-49773" daemon [_thread_in_native, id=8564, stack(0x000000b86f300000,0x000000b86f400000)]
  0x0000029b3d113960 JavaThread "RMI TCP Accept-0" daemon [_thread_in_native, id=2960, stack(0x000000b86f400000,0x000000b86f500000)]
  0x0000029b3d112fc0 JavaThread "RMI Scheduler(0)" daemon [_thread_blocked, id=2352, stack(0x000000b86fe00000,0x000000b86ff00000)]
  0x0000029b3d113490 JavaThread "JMX server connection timeout 24" daemon [_thread_blocked, id=7744, stack(0x000000b870000000,0x000000b870100000)]
  0x0000029b3d1147d0 JavaThread "RMI TCP Connection(3)-127.0.0.1" daemon [_thread_in_native, id=7248, stack(0x000000b870100000,0x000000b870200000)]
  0x0000029b3f6e2f10 JavaThread "JMX server connection timeout 29" daemon [_thread_blocked, id=5632, stack(0x000000b870200000,0x000000b870300000)]
  0x0000029b3f6e0d60 JavaThread "mysql-cj-abandoned-connection-cleanup" daemon [_thread_blocked, id=7632, stack(0x000000b870600000,0x000000b870700000)]
  0x0000029b3f6e1700 JavaThread "Live Reload Server" daemon [_thread_in_native, id=1936, stack(0x000000b870b00000,0x000000b870c00000)]
  0x0000029b3f6e33e0 JavaThread "DestroyJavaVM" [_thread_blocked, id=8632, stack(0x000000b86de00000,0x000000b86df00000)]
  0x0000029b3f6dd870 JavaThread "RMI TCP Connection(idle)" daemon [_thread_blocked, id=8252, stack(0x000000b870700000,0x000000b870800000)]
  0x0000029b3f6e1230 JavaThread "File Watcher" daemon [_thread_blocked, id=10568, stack(0x000000b86ee00000,0x000000b86ef00000)]
  0x0000029b3f6e20a0 JavaThread "Catalina-utility-2" [_thread_blocked, id=9412, stack(0x000000b86fc00000,0x000000b86fd00000)]
  0x0000029b3f6e1bd0 JavaThread "Thread-91" [_thread_blocked, id=11104, stack(0x000000b86dc00000,0x000000b86dd00000)]
  0x0000029b3f6dc530 JavaThread "HikariPool-23 connection closer" daemon [_thread_blocked, id=10036, stack(0x000000b86ef00000,0x000000b86f000000)]

Other Threads:
=>0x0000029b3c72f7b0 VMThread "VM Thread" [stack: 0x000000b86e400000,0x000000b86e500000] [id=2556]
  0x0000029b2d28c770 WatcherThread [stack: 0x000000b86f500000,0x000000b86f600000] [id=9024]
  0x0000029b2d2cb840 GCTaskThread "GC Thread#0" [stack: 0x000000b86df00000,0x000000b86e000000] [id=2740]
  0x0000029b3da6ede0 GCTaskThread "GC Thread#1" [stack: 0x000000b86f600000,0x000000b86f700000] [id=8556]
  0x0000029b3da6f090 GCTaskThread "GC Thread#2" [stack: 0x000000b86f700000,0x000000b86f800000] [id=8884]
  0x0000029b3da90e50 GCTaskThread "GC Thread#3" [stack: 0x000000b86f800000,0x000000b86f900000] [id=8936]
  0x0000029b2d2dcaf0 ConcurrentGCThread "G1 Main Marker" [stack: 0x000000b86e000000,0x000000b86e100000] [id=1944]
  0x0000029b2d2dd410 ConcurrentGCThread "G1 Conc#0" [stack: 0x000000b86e100000,0x000000b86e200000] [id=8064]
  0x0000029b2d357d00 ConcurrentGCThread "G1 Refine#0" [stack: 0x000000b86e200000,0x000000b86e300000] [id=4852]
  0x0000029b3da50120 ConcurrentGCThread "G1 Refine#1" [stack: 0x000000b86f900000,0x000000b86fa00000] [id=7564]
  0x0000029b3da50400 ConcurrentGCThread "G1 Refine#2" [stack: 0x000000b86fa00000,0x000000b86fb00000] [id=4836]
  0x0000029b2d358630 ConcurrentGCThread "G1 Service" [stack: 0x000000b86e300000,0x000000b86e400000] [id=7072]

Threads with active compile tasks:

VM state: at safepoint (normal execution)

VM Mutex/Monitor currently owned by a thread:  ([mutex/lock_event])
[0x0000029b2d287f40] Threads_lock - owner thread: 0x0000029b3c72f7b0
[0x0000029b2d2890b0] Heap_lock - owner thread: 0x0000029b3f6e1bd0

Heap address: 0x0000000081a00000, size: 2022 MB, Compressed Oops mode: 32-bit

CDS archive(s) not mapped
Compressed class space mapped at: 0x0000000100000000-0x0000000140000000, reserved size: 1073741824
Narrow klass base: 0x0000000000000000, Narrow klass shift: 3, Narrow klass range: 0x140000000

GC Precious Log:
 CPUs: 4 total, 4 available
 Memory: 8082M
 Large Page Support: Disabled
 NUMA Support: Disabled
 Compressed Oops: Enabled (32-bit)
 Heap Region Size: 1M
 Heap Min Capacity: 8M
 Heap Initial Capacity: 128M
 Heap Max Capacity: 2022M
 Pre-touch: Disabled
 Parallel Workers: 4
 Concurrent Workers: 1
 Concurrent Refinement Workers: 4
 Periodic GC: Disabled

Heap:
 garbage-first heap   total 112640K, used 85971K [0x0000000081a00000, 0x0000000100000000)
  region size 1024K, 51 young (52224K), 4 survivors (4096K)
 Metaspace       used 76207K, committed 77632K, reserved 1122304K
  class space    used 10500K, committed 11200K, reserved 1048576K

Heap Regions: E=young(eden), S=young(survivor), O=old, HS=humongous(starts), HC=humongous(continues), CS=collection set, F=free, OA=open archive, CA=closed archive, TAMS=top-at-mark-start (previous, next)
|   0|0x0000000081a00000, 0x0000000081b00000, 0x0000000081b00000|100%|HS|  |TAMS 0x0000000081b00000, 0x0000000081a00000| Untracked 
|   1|0x0000000081b00000, 0x0000000081bffff0, 0x0000000081c00000| 99%| O|  |TAMS 0x0000000081bffff0, 0x0000000081b00000| Untracked 
|   2|0x0000000081c00000, 0x0000000081d00000, 0x0000000081d00000|100%| O|  |TAMS 0x0000000081d00000, 0x0000000081c00000| Untracked 
|   3|0x0000000081d00000, 0x0000000081dfffe8, 0x0000000081e00000| 99%| O|  |TAMS 0x0000000081dfffe8, 0x0000000081d00000| Untracked 
|   4|0x0000000081e00000, 0x0000000081efffe0, 0x0000000081f00000| 99%| O|  |TAMS 0x0000000081efffe0, 0x0000000081e00000| Untracked 
|   5|0x0000000081f00000, 0x0000000082000000, 0x0000000082000000|100%| O|  |TAMS 0x0000000082000000, 0x0000000081f00000| Untracked 
|   6|0x0000000082000000, 0x0000000082100000, 0x0000000082100000|100%| O|  |TAMS 0x0000000082100000, 0x0000000082000000| Untracked 
|   7|0x0000000082100000, 0x00000000821fc798, 0x0000000082200000| 98%| O|  |TAMS 0x00000000821fc798, 0x0000000082100000| Untracked 
|   8|0x0000000082200000, 0x00000000822fffd8, 0x0000000082300000| 99%| O|  |TAMS 0x00000000822fffd8, 0x0000000082200000| Untracked 
|   9|0x0000000082300000, 0x00000000823ffff8, 0x0000000082400000| 99%| O|  |TAMS 0x00000000823ffff8, 0x0000000082300000| Untracked 
|  10|0x0000000082400000, 0x00000000824fffe8, 0x0000000082500000| 99%| O|  |TAMS 0x00000000824fffe8, 0x0000000082400000| Untracked 
|  11|0x0000000082500000, 0x00000000825ffff0, 0x0000000082600000| 99%| O|  |TAMS 0x00000000825ffff0, 0x0000000082500000| Untracked 
|  12|0x0000000082600000, 0x00000000826fffe0, 0x0000000082700000| 99%| O|  |TAMS 0x00000000826fffe0, 0x0000000082600000| Untracked 
|  13|0x0000000082700000, 0x00000000827fffb8, 0x0000000082800000| 99%| O|  |TAMS 0x00000000827fffb8, 0x0000000082700000| Untracked 
|  14|0x0000000082800000, 0x00000000828fffd0, 0x0000000082900000| 99%| O|  |TAMS 0x00000000828fffd0, 0x0000000082800000| Untracked 
|  15|0x0000000082900000, 0x00000000829ffff8, 0x0000000082a00000| 99%| O|  |TAMS 0x00000000829ffff8, 0x0000000082900000| Untracked 
|  16|0x0000000082a00000, 0x0000000082b00000, 0x0000000082b00000|100%| O|  |TAMS 0x0000000082b00000, 0x0000000082a00000| Untracked 
|  17|0x0000000082b00000, 0x0000000082bfff90, 0x0000000082c00000| 99%| O|  |TAMS 0x0000000082bfff90, 0x0000000082b00000| Untracked 
|  18|0x0000000082c00000, 0x0000000082cffff0, 0x0000000082d00000| 99%| O|  |TAMS 0x0000000082cffff0, 0x0000000082c00000| Untracked 
|  19|0x0000000082d00000, 0x0000000082dfffd8, 0x0000000082e00000| 99%| O|  |TAMS 0x0000000082dfffd8, 0x0000000082d00000| Untracked 
|  20|0x0000000082e00000, 0x0000000082efffe8, 0x0000000082f00000| 99%| O|  |TAMS 0x0000000082efffe8, 0x0000000082e00000| Untracked 
|  21|0x0000000082f00000, 0x0000000082fffff8, 0x0000000083000000| 99%| O|  |TAMS 0x0000000082fffff8, 0x0000000082f00000| Untracked 
|  22|0x0000000083000000, 0x00000000830ffe30, 0x0000000083100000| 99%| O|  |TAMS 0x0000000083000000, 0x0000000083000000| Untracked 
|  23|0x0000000083100000, 0x0000000083200000, 0x0000000083200000|100%| O|  |TAMS 0x0000000083100000, 0x0000000083100000| Untracked 
|  24|0x0000000083200000, 0x00000000832ffff8, 0x0000000083300000| 99%| O|  |TAMS 0x0000000083200000, 0x0000000083200000| Untracked 
|  25|0x0000000083300000, 0x00000000833ffff0, 0x0000000083400000| 99%| O|  |TAMS 0x0000000083300000, 0x0000000083300000| Untracked 
|  26|0x0000000083400000, 0x00000000834fffe0, 0x0000000083500000| 99%| O|  |TAMS 0x0000000083400000, 0x0000000083400000| Untracked 
|  27|0x0000000083500000, 0x00000000835ffff8, 0x0000000083600000| 99%| O|  |TAMS 0x0000000083500000, 0x0000000083500000| Untracked 
|  28|0x0000000083600000, 0x0000000083674300, 0x0000000083700000| 45%| O|  |TAMS 0x0000000083600000, 0x0000000083600000| Untracked 
|  29|0x0000000083700000, 0x00000000837ffff8, 0x0000000083800000| 99%| O|  |TAMS 0x0000000083700000, 0x0000000083700000| Untracked 
|  30|0x0000000083800000, 0x0000000083900000, 0x0000000083900000|100%| O|  |TAMS 0x0000000083800000, 0x0000000083800000| Untracked 
|  31|0x0000000083900000, 0x0000000083a00000, 0x0000000083a00000|100%| O|  |TAMS 0x0000000083900000, 0x0000000083900000| Untracked 
|  32|0x0000000083a00000, 0x0000000083b00000, 0x0000000083b00000|100%| O|  |TAMS 0x0000000083a00000, 0x0000000083a00000| Untracked 
|  33|0x0000000083b00000, 0x0000000083b4ee00, 0x0000000083c00000| 30%| O|  |TAMS 0x0000000083b00000, 0x0000000083b00000| Untracked 
|  34|0x0000000083c00000, 0x0000000083cb1fc8, 0x0000000083d00000| 69%| O|  |TAMS 0x0000000083c00000, 0x0000000083c00000| Untracked 
|  35|0x0000000083d00000, 0x0000000083d00000, 0x0000000083e00000|  0%| F|  |TAMS 0x0000000083d00000, 0x0000000083d00000| Untracked 
|  36|0x0000000083e00000, 0x0000000083e00000, 0x0000000083f00000|  0%| F|  |TAMS 0x0000000083e00000, 0x0000000083e00000| Untracked 
|  37|0x0000000083f00000, 0x0000000083f00000, 0x0000000084000000|  0%| F|  |TAMS 0x0000000083f00000, 0x0000000083f00000| Untracked 
|  38|0x0000000084000000, 0x0000000084000000, 0x0000000084100000|  0%| F|  |TAMS 0x0000000084000000, 0x0000000084000000| Untracked 
|  39|0x0000000084100000, 0x0000000084100000, 0x0000000084200000|  0%| F|  |TAMS 0x0000000084100000, 0x0000000084100000| Untracked 
|  40|0x0000000084200000, 0x0000000084200000, 0x0000000084300000|  0%| F|  |TAMS 0x0000000084200000, 0x0000000084200000| Untracked 
|  41|0x0000000084300000, 0x0000000084300000, 0x0000000084400000|  0%| F|  |TAMS 0x0000000084300000, 0x0000000084300000| Untracked 
|  42|0x0000000084400000, 0x0000000084400000, 0x0000000084500000|  0%| F|  |TAMS 0x0000000084400000, 0x0000000084400000| Untracked 
|  43|0x0000000084500000, 0x0000000084500000, 0x0000000084600000|  0%| F|  |TAMS 0x0000000084500000, 0x0000000084500000| Untracked 
|  44|0x0000000084600000, 0x0000000084600000, 0x0000000084700000|  0%| F|  |TAMS 0x0000000084600000, 0x0000000084600000| Untracked 
|  45|0x0000000084700000, 0x0000000084700000, 0x0000000084800000|  0%| F|  |TAMS 0x0000000084700000, 0x0000000084700000| Untracked 
|  46|0x0000000084800000, 0x0000000084800000, 0x0000000084900000|  0%| F|  |TAMS 0x0000000084800000, 0x0000000084800000| Untracked 
|  47|0x0000000084900000, 0x0000000084900000, 0x0000000084a00000|  0%| F|  |TAMS 0x0000000084900000, 0x0000000084900000| Untracked 
|  48|0x0000000084a00000, 0x0000000084a00000, 0x0000000084b00000|  0%| F|  |TAMS 0x0000000084a00000, 0x0000000084a00000| Untracked 
|  49|0x0000000084b00000, 0x0000000084ba13e8, 0x0000000084c00000| 62%| S|CS|TAMS 0x0000000084b00000, 0x0000000084b00000| Complete 
|  50|0x0000000084c00000, 0x0000000084d00000, 0x0000000084d00000|100%| S|CS|TAMS 0x0000000084c00000, 0x0000000084c00000| Complete 
|  51|0x0000000084d00000, 0x0000000084e00000, 0x0000000084e00000|100%| S|CS|TAMS 0x0000000084d00000, 0x0000000084d00000| Complete 
|  52|0x0000000084e00000, 0x0000000084e00000, 0x0000000084f00000|  0%| F|  |TAMS 0x0000000084e00000, 0x0000000084e00000| Untracked 
|  53|0x0000000084f00000, 0x0000000084fe25f0, 0x0000000085000000| 88%| O|  |TAMS 0x0000000084f00000, 0x0000000084f00000| Untracked 
|  54|0x0000000085000000, 0x0000000085000000, 0x0000000085100000|  0%| F|  |TAMS 0x0000000085000000, 0x0000000085000000| Untracked 
|  55|0x0000000085100000, 0x0000000085100000, 0x0000000085200000|  0%| F|  |TAMS 0x0000000085100000, 0x0000000085100000| Untracked 
|  56|0x0000000085200000, 0x0000000085300000, 0x0000000085300000|100%| S|CS|TAMS 0x0000000085200000, 0x0000000085200000| Complete 
|  57|0x0000000085300000, 0x0000000085300000, 0x0000000085400000|  0%| F|  |TAMS 0x0000000085300000, 0x0000000085300000| Untracked 
|  58|0x0000000085400000, 0x0000000085400000, 0x0000000085500000|  0%| F|  |TAMS 0x0000000085400000, 0x0000000085400000| Untracked 
|  59|0x0000000085500000, 0x0000000085500000, 0x0000000085600000|  0%| F|  |TAMS 0x0000000085500000, 0x0000000085500000| Untracked 
|  60|0x0000000085600000, 0x0000000085600000, 0x0000000085700000|  0%| F|  |TAMS 0x0000000085600000, 0x0000000085600000| Untracked 
|  61|0x0000000085700000, 0x0000000085700000, 0x0000000085800000|  0%| F|  |TAMS 0x0000000085700000, 0x0000000085700000| Untracked 
|  62|0x0000000085800000, 0x0000000085800000, 0x0000000085900000|  0%| F|  |TAMS 0x0000000085800000, 0x0000000085800000| Untracked 
|  63|0x0000000085900000, 0x000000008594c950, 0x0000000085a00000| 29%| E|  |TAMS 0x0000000085900000, 0x0000000085900000| Complete 
|  64|0x0000000085a00000, 0x0000000085b00000, 0x0000000085b00000|100%| E|CS|TAMS 0x0000000085a00000, 0x0000000085a00000| Complete 
|  65|0x0000000085b00000, 0x0000000085c00000, 0x0000000085c00000|100%| E|CS|TAMS 0x0000000085b00000, 0x0000000085b00000| Complete 
|  66|0x0000000085c00000, 0x0000000085d00000, 0x0000000085d00000|100%| E|CS|TAMS 0x0000000085c00000, 0x0000000085c00000| Complete 
|  67|0x0000000085d00000, 0x0000000085e00000, 0x0000000085e00000|100%| E|CS|TAMS 0x0000000085d00000, 0x0000000085d00000| Complete 
|  68|0x0000000085e00000, 0x0000000085f00000, 0x0000000085f00000|100%| E|CS|TAMS 0x0000000085e00000, 0x0000000085e00000| Complete 
|  69|0x0000000085f00000, 0x0000000086000000, 0x0000000086000000|100%| E|CS|TAMS 0x0000000085f00000, 0x0000000085f00000| Complete 
|  70|0x0000000086000000, 0x0000000086100000, 0x0000000086100000|100%| E|CS|TAMS 0x0000000086000000, 0x0000000086000000| Complete 
|  71|0x0000000086100000, 0x0000000086200000, 0x0000000086200000|100%| E|CS|TAMS 0x0000000086100000, 0x0000000086100000| Complete 
|  72|0x0000000086200000, 0x0000000086300000, 0x0000000086300000|100%| E|CS|TAMS 0x0000000086200000, 0x0000000086200000| Complete 
|  73|0x0000000086300000, 0x0000000086400000, 0x0000000086400000|100%| E|CS|TAMS 0x0000000086300000, 0x0000000086300000| Complete 
|  74|0x0000000086400000, 0x0000000086500000, 0x0000000086500000|100%| E|CS|TAMS 0x0000000086400000, 0x0000000086400000| Complete 
|  75|0x0000000086500000, 0x0000000086600000, 0x0000000086600000|100%| E|CS|TAMS 0x0000000086500000, 0x0000000086500000| Complete 
|  76|0x0000000086600000, 0x0000000086700000, 0x0000000086700000|100%| E|CS|TAMS 0x0000000086600000, 0x0000000086600000| Complete 
|  77|0x0000000086700000, 0x0000000086800000, 0x0000000086800000|100%| E|CS|TAMS 0x0000000086700000, 0x0000000086700000| Complete 
|  78|0x0000000086800000, 0x0000000086900000, 0x0000000086900000|100%| E|CS|TAMS 0x0000000086800000, 0x0000000086800000| Complete 
|  79|0x0000000086900000, 0x0000000086a00000, 0x0000000086a00000|100%| E|CS|TAMS 0x0000000086900000, 0x0000000086900000| Complete 
|  80|0x0000000086a00000, 0x0000000086b00000, 0x0000000086b00000|100%| E|CS|TAMS 0x0000000086a00000, 0x0000000086a00000| Complete 
|  81|0x0000000086b00000, 0x0000000086c00000, 0x0000000086c00000|100%| E|CS|TAMS 0x0000000086b00000, 0x0000000086b00000| Complete 
|  82|0x0000000086c00000, 0x0000000086d00000, 0x0000000086d00000|100%| E|CS|TAMS 0x0000000086c00000, 0x0000000086c00000| Complete 
|  83|0x0000000086d00000, 0x0000000086e00000, 0x0000000086e00000|100%| E|CS|TAMS 0x0000000086d00000, 0x0000000086d00000| Complete 
|  84|0x0000000086e00000, 0x0000000086f00000, 0x0000000086f00000|100%| E|CS|TAMS 0x0000000086e00000, 0x0000000086e00000| Complete 
|  85|0x0000000086f00000, 0x0000000087000000, 0x0000000087000000|100%| E|CS|TAMS 0x0000000086f00000, 0x0000000086f00000| Complete 
|  86|0x0000000087000000, 0x0000000087100000, 0x0000000087100000|100%| E|CS|TAMS 0x0000000087000000, 0x0000000087000000| Complete 
|  87|0x0000000087100000, 0x0000000087200000, 0x0000000087200000|100%| E|CS|TAMS 0x0000000087100000, 0x0000000087100000| Complete 
|  88|0x0000000087200000, 0x0000000087300000, 0x0000000087300000|100%| E|CS|TAMS 0x0000000087200000, 0x0000000087200000| Complete 
|  89|0x0000000087300000, 0x0000000087400000, 0x0000000087400000|100%| E|CS|TAMS 0x0000000087300000, 0x0000000087300000| Complete 
|  90|0x0000000087400000, 0x0000000087500000, 0x0000000087500000|100%| E|CS|TAMS 0x0000000087400000, 0x0000000087400000| Complete 
|  91|0x0000000087500000, 0x0000000087600000, 0x0000000087600000|100%| E|CS|TAMS 0x0000000087500000, 0x0000000087500000| Complete 
|  92|0x0000000087600000, 0x0000000087700000, 0x0000000087700000|100%| E|CS|TAMS 0x0000000087600000, 0x0000000087600000| Complete 
|  93|0x0000000087700000, 0x0000000087800000, 0x0000000087800000|100%| E|CS|TAMS 0x0000000087700000, 0x0000000087700000| Complete 
|  94|0x0000000087800000, 0x0000000087900000, 0x0000000087900000|100%| E|CS|TAMS 0x0000000087800000, 0x0000000087800000| Complete 
|  95|0x0000000087900000, 0x0000000087a00000, 0x0000000087a00000|100%| E|CS|TAMS 0x0000000087900000, 0x0000000087900000| Complete 
|  96|0x0000000087a00000, 0x0000000087b00000, 0x0000000087b00000|100%| E|CS|TAMS 0x0000000087a00000, 0x0000000087a00000| Complete 
|  97|0x0000000087b00000, 0x0000000087c00000, 0x0000000087c00000|100%| E|CS|TAMS 0x0000000087b00000, 0x0000000087b00000| Complete 
|  98|0x0000000087c00000, 0x0000000087d00000, 0x0000000087d00000|100%| E|CS|TAMS 0x0000000087c00000, 0x0000000087c00000| Complete 
|  99|0x0000000087d00000, 0x0000000087e00000, 0x0000000087e00000|100%| E|CS|TAMS 0x0000000087d00000, 0x0000000087d00000| Complete 
| 100|0x0000000087e00000, 0x0000000087f00000, 0x0000000087f00000|100%| E|CS|TAMS 0x0000000087e00000, 0x0000000087e00000| Complete 
| 101|0x0000000087f00000, 0x0000000088000000, 0x0000000088000000|100%| E|CS|TAMS 0x0000000087f00000, 0x0000000087f00000| Complete 
| 102|0x0000000088000000, 0x0000000088100000, 0x0000000088100000|100%| E|CS|TAMS 0x0000000088000000, 0x0000000088000000| Complete 
| 103|0x0000000088100000, 0x0000000088200000, 0x0000000088200000|100%| E|CS|TAMS 0x0000000088100000, 0x0000000088100000| Complete 
| 104|0x0000000088200000, 0x0000000088300000, 0x0000000088300000|100%| E|CS|TAMS 0x0000000088200000, 0x0000000088200000| Complete 
| 105|0x0000000088300000, 0x0000000088400000, 0x0000000088400000|100%| E|CS|TAMS 0x0000000088300000, 0x0000000088300000| Complete 
| 106|0x0000000088400000, 0x0000000088500000, 0x0000000088500000|100%| E|CS|TAMS 0x0000000088400000, 0x0000000088400000| Complete 
| 107|0x0000000088500000, 0x0000000088600000, 0x0000000088600000|100%| E|CS|TAMS 0x0000000088500000, 0x0000000088500000| Complete 
| 108|0x0000000088600000, 0x0000000088700000, 0x0000000088700000|100%| E|CS|TAMS 0x0000000088600000, 0x0000000088600000| Complete 
| 109|0x0000000088700000, 0x0000000088800000, 0x0000000088800000|100%| E|CS|TAMS 0x0000000088700000, 0x0000000088700000| Complete 

Card table byte_map: [0x0000029b359b0000,0x0000029b35db0000] _byte_map_base: 0x0000029b355a3000

Marking Bits (Prev, Next): (CMBitMap*) 0x0000029b2d2cbd60, (CMBitMap*) 0x0000029b2d2cbda0
 Prev Bits: [0x0000029b361b0000, 0x0000029b38148000)
 Next Bits: [0x0000029b38150000, 0x0000029b3a0e8000)

Polling page: 0x0000029b2d080000

Metaspace:

Usage:
  Non-class:     64.17 MB used.
      Class:     10.25 MB used.
       Both:     74.42 MB used.

Virtual space:
  Non-class space:       72.00 MB reserved,      64.88 MB ( 90%) committed,  9 nodes.
      Class space:        1.00 GB reserved,      10.94 MB (  1%) committed,  1 nodes.
             Both:        1.07 GB reserved,      75.81 MB (  7%) committed. 

Chunk freelists:
   Non-Class:  2.39 MB
       Class:  976.00 KB
        Both:  3.34 MB

MaxMetaspaceSize: unlimited
CompressedClassSpaceSize: 1.00 GB
Initial GC threshold: 21.00 MB
Current GC threshold: 126.56 MB
CDS: off
MetaspaceReclaimPolicy: balanced
 - commit_granule_bytes: 65536.
 - commit_granule_words: 8192.
 - virtual_space_node_default_size: 1048576.
 - enlarge_chunks_in_place: 1.
 - new_chunks_are_fully_committed: 0.
 - uncommit_free_chunks: 1.
 - use_allocation_guard: 0.
 - handle_deallocations: 1.


Internal statistics:

num_allocs_failed_limit: 12.
num_arena_births: 2738.
num_arena_deaths: 512.
num_vsnodes_births: 10.
num_vsnodes_deaths: 0.
num_space_committed: 1229.
num_space_uncommitted: 16.
num_chunks_returned_to_freelist: 1015.
num_chunks_taken_from_freelist: 6168.
num_chunk_merges: 181.
num_chunk_splits: 3359.
num_chunks_enlarged: 1771.
num_purges: 44.
num_inconsistent_stats: 0.

CodeCache: size=49152Kb used=24143Kb max_used=24600Kb free=25008Kb
 bounds [0x0000029b32110000, 0x0000029b33920000, 0x0000029b35110000]
 total_blobs=14244 nmethods=13569 adapters=600
 compilation: enabled
              stopped_count=0, restarted_count=0
 full_count=0

Compilation events (20 events):
Event: 2193.213 Thread 0x0000029b3d114dd0 13562       1       java.util.LinkedHashMap$LinkedKeySet::contains (9 bytes)
Event: 2193.214 Thread 0x0000029b3d114dd0 nmethod 13562 0x0000029b33867610 code [0x0000029b338677a0, 0x0000029b33867888]
Event: 2230.904 Thread 0x0000029b3d114dd0 13563       1       java.util.TreeSet::iterator (15 bytes)
Event: 2230.904 Thread 0x0000029b3d114dd0 nmethod 13563 0x0000029b33867290 code [0x0000029b33867440, 0x0000029b33867558]
Event: 2245.186 Thread 0x0000029b3d114dd0 13564       1       java.nio.channels.SelectionKey::attachment (5 bytes)
Event: 2245.186 Thread 0x0000029b3d114dd0 nmethod 13564 0x0000029b33866f90 code [0x0000029b33867120, 0x0000029b338671f8]
Event: 2250.261 Thread 0x0000029b3d114dd0 13565       1       java.nio.channels.spi.AbstractSelectableChannel::isBlocking (13 bytes)
Event: 2250.261 Thread 0x0000029b3d114dd0 nmethod 13565 0x0000029b33866c90 code [0x0000029b33866e20, 0x0000029b33866ef8]
Event: 2250.919 Thread 0x0000029b3d114dd0 13566       1       org.apache.catalina.webresources.AbstractFileResourceSet::gc (1 bytes)
Event: 2250.919 Thread 0x0000029b3d114dd0 nmethod 13566 0x0000029b33866990 code [0x0000029b33866b20, 0x0000029b33866bd8]
Event: 2350.994 Thread 0x0000029b3d114dd0 13567       1       java.util.TreeSet::<init> (13 bytes)
Event: 2350.995 Thread 0x0000029b3d114dd0 nmethod 13567 0x0000029b33866590 code [0x0000029b33866720, 0x0000029b338668d8]
Event: 2388.248 Thread 0x0000029b3d114dd0 13568       1       org.springframework.boot.devtools.filewatch.ChangedFile::<init> (38 bytes)
Event: 2388.249 Thread 0x0000029b3d114dd0 nmethod 13568 0x0000029b33865e90 code [0x0000029b33866060, 0x0000029b33866428]
Event: 2388.691 Thread 0x0000029b3d114dd0 13569       1       java.net.Inet6Address$Inet6AddressHolder::isLoopbackAddress (47 bytes)
Event: 2388.691 Thread 0x0000029b3d114dd0 nmethod 13569 0x0000029b33865a90 code [0x0000029b33865c20, 0x0000029b33865d78]
Event: 2388.698 Thread 0x0000029b3d114dd0 13570       1       javax.management.Notification::getType (5 bytes)
Event: 2388.698 Thread 0x0000029b3d114dd0 nmethod 13570 0x0000029b33865790 code [0x0000029b33865920, 0x0000029b338659f8]
Event: 2388.738 Thread 0x0000029b3d114dd0 13571       1       sun.security.ssl.BaseSSLSocketImpl::isInputShutdown (21 bytes)
Event: 2388.739 Thread 0x0000029b3d114dd0 nmethod 13571 0x0000029b33865410 code [0x0000029b338655c0, 0x0000029b338656e8]

GC Heap History (20 events):
Event: 1990.456 GC heap before
{Heap before GC invocations=95 (full 19):
 garbage-first heap   total 102400K, used 81699K [0x0000000081a00000, 0x0000000100000000)
  region size 1024K, 49 young (50176K), 4 survivors (4096K)
 Metaspace       used 75629K, committed 77056K, reserved 1122304K
  class space    used 10291K, committed 10816K, reserved 1048576K
}
Event: 1990.461 GC heap after
{Heap after GC invocations=96 (full 19):
 garbage-first heap   total 102400K, used 37384K [0x0000000081a00000, 0x0000000100000000)
  region size 1024K, 4 young (4096K), 4 survivors (4096K)
 Metaspace       used 75629K, committed 77056K, reserved 1122304K
  class space    used 10291K, committed 10816K, reserved 1048576K
}
Event: 1992.139 GC heap before
{Heap before GC invocations=96 (full 19):
 garbage-first heap   total 102400K, used 66056K [0x0000000081a00000, 0x0000000100000000)
  region size 1024K, 34 young (34816K), 4 survivors (4096K)
 Metaspace       used 75632K, committed 77056K, reserved 1122304K
  class space    used 10292K, committed 10816K, reserved 1048576K
}
Event: 1992.216 GC heap after
{Heap after GC invocations=97 (full 20):
 garbage-first heap   total 102400K, used 30584K [0x0000000081a00000, 0x0000000100000000)
  region size 1024K, 0 young (0K), 0 survivors (0K)
 Metaspace       used 75093K, committed 76864K, reserved 1122304K
  class space    used 10246K, committed 10816K, reserved 1048576K
}
Event: 1992.804 GC heap before
{Heap before GC invocations=97 (full 20):
 garbage-first heap   total 102400K, used 81784K [0x0000000081a00000, 0x0000000100000000)
  region size 1024K, 51 young (52224K), 0 survivors (0K)
 Metaspace       used 75559K, committed 76864K, reserved 1122304K
  class space    used 10329K, committed 10816K, reserved 1048576K
}
Event: 1992.810 GC heap after
{Heap after GC invocations=98 (full 20):
 garbage-first heap   total 287744K, used 34012K [0x0000000081a00000, 0x0000000100000000)
  region size 1024K, 4 young (4096K), 4 survivors (4096K)
 Metaspace       used 75559K, committed 76864K, reserved 1122304K
  class space    used 10329K, committed 10816K, reserved 1048576K
}
Event: 2064.385 GC heap before
{Heap before GC invocations=98 (full 20):
 garbage-first heap   total 287744K, used 113884K [0x0000000081a00000, 0x0000000100000000)
  region size 1024K, 84 young (86016K), 4 survivors (4096K)
 Metaspace       used 76414K, committed 77760K, reserved 1122304K
  class space    used 10506K, committed 11136K, reserved 1048576K
}
Event: 2064.459 GC heap after
{Heap after GC invocations=99 (full 21):
 garbage-first heap   total 122880K, used 33377K [0x0000000081a00000, 0x0000000100000000)
  region size 1024K, 0 young (0K), 0 survivors (0K)
 Metaspace       used 76414K, committed 77760K, reserved 1122304K
  class space    used 10506K, committed 11136K, reserved 1048576K
}
Event: 2066.244 GC heap before
{Heap before GC invocations=99 (full 21):
 garbage-first heap   total 122880K, used 94817K [0x0000000081a00000, 0x0000000100000000)
  region size 1024K, 61 young (62464K), 0 survivors (0K)
 Metaspace       used 76486K, committed 77888K, reserved 1122304K
  class space    used 10514K, committed 11200K, reserved 1048576K
}
Event: 2066.249 GC heap after
{Heap after GC invocations=100 (full 21):
 garbage-first heap   total 122880K, used 36768K [0x0000000081a00000, 0x0000000100000000)
  region size 1024K, 4 young (4096K), 4 survivors (4096K)
 Metaspace       used 76486K, committed 77888K, reserved 1122304K
  class space    used 10514K, committed 11200K, reserved 1048576K
}
Event: 2068.543 GC heap before
{Heap before GC invocations=100 (full 21):
 garbage-first heap   total 122880K, used 95136K [0x0000000081a00000, 0x0000000100000000)
  region size 1024K, 62 young (63488K), 4 survivors (4096K)
 Metaspace       used 76659K, committed 78016K, reserved 1122304K
  class space    used 10527K, committed 11200K, reserved 1048576K
}
Event: 2068.549 GC heap after
{Heap after GC invocations=101 (full 21):
 garbage-first heap   total 122880K, used 38402K [0x0000000081a00000, 0x0000000100000000)
  region size 1024K, 5 young (5120K), 5 survivors (5120K)
 Metaspace       used 76659K, committed 78016K, reserved 1122304K
  class space    used 10527K, committed 11200K, reserved 1048576K
}
Event: 2115.395 GC heap before
{Heap before GC invocations=101 (full 21):
 garbage-first heap   total 122880K, used 60930K [0x0000000081a00000, 0x0000000100000000)
  region size 1024K, 28 young (28672K), 5 survivors (5120K)
 Metaspace       used 76710K, committed 78080K, reserved 1122304K
  class space    used 10529K, committed 11200K, reserved 1048576K
}
Event: 2115.473 GC heap after
{Heap after GC invocations=102 (full 22):
 garbage-first heap   total 112640K, used 32787K [0x0000000081a00000, 0x0000000100000000)
  region size 1024K, 0 young (0K), 0 survivors (0K)
 Metaspace       used 75905K, committed 77632K, reserved 1122304K
  class space    used 10461K, committed 11200K, reserved 1048576K
}
Event: 2116.017 GC heap before
{Heap before GC invocations=102 (full 22):
 garbage-first heap   total 112640K, used 90131K [0x0000000081a00000, 0x0000000100000000)
  region size 1024K, 57 young (58368K), 0 survivors (0K)
 Metaspace       used 75922K, committed 77632K, reserved 1122304K
  class space    used 10463K, committed 11200K, reserved 1048576K
}
Event: 2116.021 GC heap after
{Heap after GC invocations=103 (full 22):
 garbage-first heap   total 112640K, used 36077K [0x0000000081a00000, 0x0000000100000000)
  region size 1024K, 4 young (4096K), 4 survivors (4096K)
 Metaspace       used 75922K, committed 77632K, reserved 1122304K
  class space    used 10463K, committed 11200K, reserved 1048576K
}
Event: 2125.030 GC heap before
{Heap before GC invocations=103 (full 22):
 garbage-first heap   total 112640K, used 90349K [0x0000000081a00000, 0x0000000100000000)
  region size 1024K, 58 young (59392K), 4 survivors (4096K)
 Metaspace       used 76089K, committed 77632K, reserved 1122304K
  class space    used 10492K, committed 11200K, reserved 1048576K
}
Event: 2125.035 GC heap after
{Heap after GC invocations=104 (full 22):
 garbage-first heap   total 112640K, used 37691K [0x0000000081a00000, 0x0000000100000000)
  region size 1024K, 5 young (5120K), 5 survivors (5120K)
 Metaspace       used 76089K, committed 77632K, reserved 1122304K
  class space    used 10492K, committed 11200K, reserved 1048576K
}
Event: 2125.257 GC heap before
{Heap before GC invocations=104 (full 22):
 garbage-first heap   total 112640K, used 90939K [0x0000000081a00000, 0x0000000100000000)
  region size 1024K, 58 young (59392K), 5 survivors (5120K)
 Metaspace       used 76105K, committed 77632K, reserved 1122304K
  class space    used 10493K, committed 11200K, reserved 1048576K
}
Event: 2125.263 GC heap after
{Heap after GC invocations=105 (full 22):
 garbage-first heap   total 112640K, used 38867K [0x0000000081a00000, 0x0000000100000000)
  region size 1024K, 4 young (4096K), 4 survivors (4096K)
 Metaspace       used 76105K, committed 77632K, reserved 1122304K
  class space    used 10493K, committed 11200K, reserved 1048576K
}

Deoptimization events (20 events):
Event: 0.944 Thread 0x0000029b2d28b8b0 DEOPT PACKING pc=0x0000029b323ca2f5 sp=0x000000b86defd7a0
Event: 0.944 Thread 0x0000029b2d28b8b0 DEOPT UNPACKING pc=0x0000029b32162b43 sp=0x000000b86defcbf8 mode 3
Event: 2.318 Thread 0x0000029b3d1147d0 DEOPT PACKING pc=0x0000029b32635505 sp=0x000000b8701fb4e0
Event: 2.318 Thread 0x0000029b3d1147d0 DEOPT UNPACKING pc=0x0000029b32162b43 sp=0x000000b8701faa40 mode 3
Event: 2.826 Thread 0x0000029b3d113e30 DEOPT PACKING pc=0x0000029b32659919 sp=0x000000b86fcfc610
Event: 2.826 Thread 0x0000029b3d113e30 DEOPT UNPACKING pc=0x0000029b32162b43 sp=0x000000b86fcfbaf0 mode 3
Event: 6.451 Thread 0x0000029b3d113e30 DEOPT PACKING pc=0x0000029b32676314 sp=0x000000b86fcfca30
Event: 6.451 Thread 0x0000029b3d113e30 DEOPT UNPACKING pc=0x0000029b32162b43 sp=0x000000b86fcfbf88 mode 0
Event: 6.861 Thread 0x0000029b3d113e30 DEOPT PACKING pc=0x0000029b3289bb75 sp=0x000000b86fcfbe10
Event: 6.861 Thread 0x0000029b3d113e30 DEOPT UNPACKING pc=0x0000029b32162b43 sp=0x000000b86fcfb280 mode 3
Event: 7.524 Thread 0x0000029b3d113e30 DEOPT PACKING pc=0x0000029b3290407d sp=0x000000b86fcfc6c0
Event: 7.524 Thread 0x0000029b3d113e30 DEOPT UNPACKING pc=0x0000029b32162b43 sp=0x000000b86fcfbc28 mode 3
Event: 11.213 Thread 0x0000029b3d113e30 DEOPT PACKING pc=0x0000029b326477d2 sp=0x000000b86fcfb5e0
Event: 11.213 Thread 0x0000029b3d113e30 DEOPT UNPACKING pc=0x0000029b32162b43 sp=0x000000b86fcfaae8 mode 3
Event: 379.971 Thread 0x0000029b3f6df550 DEOPT PACKING pc=0x0000029b3305dee3 sp=0x000000b8703fdd90
Event: 379.971 Thread 0x0000029b3f6df550 DEOPT UNPACKING pc=0x0000029b32162b43 sp=0x000000b8703fd220 mode 3
Event: 1119.204 Thread 0x0000029b3d114300 DEOPT PACKING pc=0x0000029b336a9a5d sp=0x000000b86fcf98a0
Event: 1119.204 Thread 0x0000029b3d114300 DEOPT UNPACKING pc=0x0000029b32162b43 sp=0x000000b86fcf8da8 mode 3
Event: 1924.319 Thread 0x0000029b3d112af0 DEOPT PACKING pc=0x0000029b334cf999 sp=0x000000b86effd160
Event: 1924.319 Thread 0x0000029b3d112af0 DEOPT UNPACKING pc=0x0000029b32162b43 sp=0x000000b86effc640 mode 3

Classes unloaded (20 events):
Event: 2115.424 Thread 0x0000029b3c72f7b0 Unloading class 0x0000000100a98000 'jdk/proxy17/$Proxy213'
Event: 2115.424 Thread 0x0000029b3c72f7b0 Unloading class 0x0000000100a97d70 'com/estock/application/dto/CompanyDetailsDTO'
Event: 2115.424 Thread 0x0000029b3c72f7b0 Unloading class 0x0000000100a97b18 'com/estock/application/exception/InvalidCompanyException'
Event: 2115.424 Thread 0x0000029b3c72f7b0 Unloading class 0x0000000100a978c0 'com/estock/application/exception/CompanyNotFoundException'
Event: 2115.424 Thread 0x0000029b3c72f7b0 Unloading class 0x0000000100a973c8 'jdk/proxy17/$Proxy212'
Event: 2115.424 Thread 0x0000029b3c72f7b0 Unloading class 0x0000000100a970f0 'com/estock/application/model/CompanyDetails$HibernateProxy$C6gFC5Ho'
Event: 2115.424 Thread 0x0000029b3c72f7b0 Unloading class 0x0000000100a96e48 'com/estock/application/model/StockPriceDetails$HibernateProxy$5ey6UIQw'
Event: 2115.424 Thread 0x0000029b3c72f7b0 Unloading class 0x0000000100a96b00 'jdk/proxy17/$Proxy211'
Event: 2115.424 Thread 0x0000029b3c72f7b0 Unloading class 0x0000000100a968d0 'com/estock/application/EStockApplication$$EnhancerBySpringCGLIB$$7850a5a5'
Event: 2115.424 Thread 0x0000029b3c72f7b0 Unloading class 0x0000000100a96678 'com/estock/application/model/StockPriceDetails'
Event: 2115.424 Thread 0x0000029b3c72f7b0 Unloading class 0x0000000100a96480 'com/estock/application/repository/StockPriceRepository'
Event: 2115.424 Thread 0x0000029b3c72f7b0 Unloading class 0x0000000100a961f8 'com/estock/application/model/CompanyDetails'
Event: 2115.424 Thread 0x0000029b3c72f7b0 Unloading class 0x0000000100a96000 'com/estock/application/repository/CompanyDetailsRepository'
Event: 2115.424 Thread 0x0000029b3c72f7b0 Unloading class 0x0000000100a95c98 'com/estock/application/services/StockMarketServiceImpl'
Event: 2115.424 Thread 0x0000029b3c72f7b0 Unloading class 0x0000000100a95aa0 'com/estock/application/services/StockMarketService'
Event: 2115.424 Thread 0x0000029b3c72f7b0 Unloading class 0x0000000100a95848 'com/estock/application/services/CompanyDetailsServiceImpl'
Event: 2115.424 Thread 0x0000029b3c72f7b0 Unloading class 0x0000000100a95650 'com/estock/application/services/CompanyDetailsService'
Event: 2115.424 Thread 0x0000029b3c72f7b0 Unloading class 0x0000000100a95428 'com/estock/application/controller/StockPriceDetailsController'
Event: 2115.424 Thread 0x0000029b3c72f7b0 Unloading class 0x0000000100a95200 'com/estock/application/controller/CompanyDetailsController'
Event: 2115.424 Thread 0x0000029b3c72f7b0 Unloading class 0x0000000100a95000 'com/estock/application/EStockApplication'

Classes redefined (0 events):
No events

Internal exceptions (20 events):
Event: 2125.174 Thread 0x0000029b3f6dc530 Exception <a 'sun/nio/fs/WindowsException'{0x00000000858552d8}> (0x00000000858552d8) 
thrown [e:\jenkins\tmp\workspace\build\src\src\hotspot\share\prims\jni.cpp, line 516]
Event: 2125.174 Thread 0x0000029b3f6dc530 Exception <a 'sun/nio/fs/WindowsException'{0x00000000858559d0}> (0x00000000858559d0) 
thrown [e:\jenkins\tmp\workspace\build\src\src\hotspot\share\prims\jni.cpp, line 516]
Event: 2125.186 Thread 0x0000029b3f6dc530 Exception <a 'java/io/FileNotFoundException'{0x000000008588fcd0}> (0x000000008588fcd0) 
thrown [e:\jenkins\tmp\workspace\build\src\src\hotspot\share\prims\jni.cpp, line 516]
Event: 2125.247 Thread 0x0000029b3f6dc530 Exception <a 'java/io/FileNotFoundException'{0x0000000085445570}> (0x0000000085445570) 
thrown [e:\jenkins\tmp\workspace\build\src\src\hotspot\share\prims\jni.cpp, line 516]
Event: 2388.696 Thread 0x0000029b3f6dfef0 Exception <a 'java/lang/InterruptedException'{0x0000000085aace70}: sleep interrupted> (0x0000000085aace70) 
thrown [e:\jenkins\tmp\workspace\build\src\src\hotspot\share\prims\jvm.cpp, line 3067]
Event: 2388.733 Thread 0x0000029b3f6dc530 Exception <a 'java/io/IOException'{0x0000000085af5790}> (0x0000000085af5790) 
thrown [e:\jenkins\tmp\workspace\build\src\src\hotspot\share\prims\jni.cpp, line 516]
Event: 2388.733 Thread 0x0000029b3f6dc530 Exception <a 'java/io/IOException'{0x0000000085af62d0}> (0x0000000085af62d0) 
thrown [e:\jenkins\tmp\workspace\build\src\src\hotspot\share\prims\jni.cpp, line 516]
Event: 2388.734 Thread 0x0000029b3f6dc530 Exception <a 'java/io/IOException'{0x0000000085afb798}> (0x0000000085afb798) 
thrown [e:\jenkins\tmp\workspace\build\src\src\hotspot\share\prims\jni.cpp, line 516]
Event: 2388.735 Thread 0x0000029b3f6dc530 Exception <a 'java/net/SocketException'{0x0000000085afe4b8}: Connection reset by peer: shutdown> (0x0000000085afe4b8) 
thrown [e:\jenkins\tmp\workspace\build\src\src\hotspot\share\prims\jni.cpp, line 535]
Event: 2388.736 Thread 0x0000029b3f6dc530 Exception <a 'java/io/IOException'{0x0000000085aff988}> (0x0000000085aff988) 
thrown [e:\jenkins\tmp\workspace\build\src\src\hotspot\share\prims\jni.cpp, line 516]
Event: 2388.736 Thread 0x0000029b3f6dc530 Exception <a 'java/io/IOException'{0x00000000859004f8}> (0x00000000859004f8) 
thrown [e:\jenkins\tmp\workspace\build\src\src\hotspot\share\prims\jni.cpp, line 516]
Event: 2388.737 Thread 0x0000029b3f6dc530 Exception <a 'java/io/IOException'{0x0000000085903278}> (0x0000000085903278) 
thrown [e:\jenkins\tmp\workspace\build\src\src\hotspot\share\prims\jni.cpp, line 516]
Event: 2388.738 Thread 0x0000029b3f6dc530 Exception <a 'java/io/IOException'{0x0000000085905ac0}> (0x0000000085905ac0) 
thrown [e:\jenkins\tmp\workspace\build\src\src\hotspot\share\prims\jni.cpp, line 516]
Event: 2388.738 Thread 0x0000029b3f6dc530 Exception <a 'java/io/IOException'{0x0000000085906600}> (0x0000000085906600) 
thrown [e:\jenkins\tmp\workspace\build\src\src\hotspot\share\prims\jni.cpp, line 516]
Event: 2388.739 Thread 0x0000029b3f6dc530 Exception <a 'java/io/IOException'{0x0000000085908e48}> (0x0000000085908e48) 
thrown [e:\jenkins\tmp\workspace\build\src\src\hotspot\share\prims\jni.cpp, line 516]
Event: 2388.740 Thread 0x0000029b3f6dc530 Exception <a 'java/io/IOException'{0x0000000085909988}> (0x0000000085909988) 
thrown [e:\jenkins\tmp\workspace\build\src\src\hotspot\share\prims\jni.cpp, line 516]
Event: 2388.740 Thread 0x0000029b3f6dc530 Exception <a 'java/io/IOException'{0x000000008590c1d0}> (0x000000008590c1d0) 
thrown [e:\jenkins\tmp\workspace\build\src\src\hotspot\share\prims\jni.cpp, line 516]
Event: 2388.741 Thread 0x0000029b3f6dc530 Exception <a 'java/io/IOException'{0x000000008590cd10}> (0x000000008590cd10) 
thrown [e:\jenkins\tmp\workspace\build\src\src\hotspot\share\prims\jni.cpp, line 516]
Event: 2388.741 Thread 0x0000029b3f6dc530 Exception <a 'java/io/IOException'{0x000000008590f558}> (0x000000008590f558) 
thrown [e:\jenkins\tmp\workspace\build\src\src\hotspot\share\prims\jni.cpp, line 516]
Event: 2388.742 Thread 0x0000029b3f6dc530 Exception <a 'java/io/IOException'{0x0000000085910098}> (0x0000000085910098) 
thrown [e:\jenkins\tmp\workspace\build\src\src\hotspot\share\prims\jni.cpp, line 516]

VM Operations (20 events):
Event: 2125.635 Executing VM operation: ICBufferFull done
Event: 2125.638 Executing VM operation: ICBufferFull
Event: 2125.638 Executing VM operation: ICBufferFull done
Event: 2125.664 Executing VM operation: ICBufferFull
Event: 2125.664 Executing VM operation: ICBufferFull done
Event: 2125.670 Executing VM operation: ICBufferFull
Event: 2125.670 Executing VM operation: ICBufferFull done
Event: 2125.676 Executing VM operation: ICBufferFull
Event: 2125.676 Executing VM operation: ICBufferFull done
Event: 2127.677 Executing VM operation: Cleanup
Event: 2127.677 Executing VM operation: Cleanup done
Event: 2135.680 Executing VM operation: Cleanup
Event: 2135.680 Executing VM operation: Cleanup done
Event: 2189.959 Executing VM operation: Cleanup
Event: 2189.959 Executing VM operation: Cleanup done
Event: 2246.384 Executing VM operation: Cleanup
Event: 2246.384 Executing VM operation: Cleanup done
Event: 2250.400 Executing VM operation: Cleanup
Event: 2250.400 Executing VM operation: Cleanup done
Event: 2388.744 Executing VM operation: G1CollectFull

Events (20 events):
Event: 2125.753 Thread 0x0000029b3d114300 Thread exited: 0x0000029b3d114300
Event: 2125.754 Thread 0x0000029b3d112af0 Thread exited: 0x0000029b3d112af0
Event: 2125.759 Thread 0x0000029b3f6dc530 Thread exited: 0x0000029b3f6dc530
Event: 2125.759 Thread 0x0000029b3f6e1bd0 Thread exited: 0x0000029b3f6e1bd0
Event: 2130.645 Thread 0x0000029b3f6dca00 Thread exited: 0x0000029b3f6dca00
Event: 2189.279 Thread 0x0000029b3d112af0 Thread added: 0x0000029b3d112af0
Event: 2200.750 Thread 0x0000029b3f6de210 Thread exited: 0x0000029b3f6de210
Event: 2215.753 Thread 0x0000029b3f6debb0 Thread exited: 0x0000029b3f6debb0
Event: 2215.753 Thread 0x0000029b3f6de6e0 Thread exited: 0x0000029b3f6de6e0
Event: 2250.256 Thread 0x0000029b3d114300 Thread added: 0x0000029b3d114300
Event: 2388.635 Thread 0x0000029b3f6e1bd0 Thread added: 0x0000029b3f6e1bd0
Event: 2388.635 Thread 0x0000029b3f6dd3a0 Thread exited: 0x0000029b3f6dd3a0
Event: 2388.691 Thread 0x0000029b3d113e30 Thread exited: 0x0000029b3d113e30
Event: 2388.695 Thread 0x0000029b3d1117b0 Thread exited: 0x0000029b3d1117b0
Event: 2388.696 Thread 0x0000029b3d114300 Thread exited: 0x0000029b3d114300
Event: 2388.696 Thread 0x0000029b3d112af0 Thread exited: 0x0000029b3d112af0
Event: 2388.697 Thread 0x0000029b3f6dfef0 Thread exited: 0x0000029b3f6dfef0
Event: 2388.697 Thread 0x0000029b3f6df550 Thread exited: 0x0000029b3f6df550
Event: 2388.725 Thread 0x0000029b3f6dc530 Thread added: 0x0000029b3f6dc530
Event: 2388.729 Thread 0x0000029b3f6e2570 Thread exited: 0x0000029b3f6e2570


Dynamic libraries:
0x00007ff734d70000 - 0x00007ff734d7e000 	G:\sts-4.12.1.RELEASE\plugins\org.eclipse.justj.openjdk.hotspot.jre.full.win32.x86_64_17.0.0.v20211012-1059\jre\bin\javaw.exe
0x00007ffab67f0000 - 0x00007ffab69e5000 	C:\WINDOWS\SYSTEM32\ntdll.dll
0x00007ffab6140000 - 0x00007ffab61fe000 	C:\WINDOWS\System32\KERNEL32.DLL
0x00007ffab43e0000 - 0x00007ffab46a9000 	C:\WINDOWS\System32\KERNELBASE.dll
0x00007ffab4020000 - 0x00007ffab4120000 	C:\WINDOWS\System32\ucrtbase.dll
0x00007ffaaed60000 - 0x00007ffaaed78000 	G:\sts-4.12.1.RELEASE\plugins\org.eclipse.justj.openjdk.hotspot.jre.full.win32.x86_64_17.0.0.v20211012-1059\jre\bin\jli.dll
0x00007ffab4d70000 - 0x00007ffab4f11000 	C:\WINDOWS\System32\USER32.dll
0x00007ffab46b0000 - 0x00007ffab46d2000 	C:\WINDOWS\System32\win32u.dll
0x00007ffab5390000 - 0x00007ffab53bb000 	C:\WINDOWS\System32\GDI32.dll
0x00007ffab3f10000 - 0x00007ffab401b000 	C:\WINDOWS\System32\gdi32full.dll
0x00007ffab4210000 - 0x00007ffab42ad000 	C:\WINDOWS\System32\msvcp_win.dll
0x00007ffaaed80000 - 0x00007ffaaed99000 	G:\sts-4.12.1.RELEASE\plugins\org.eclipse.justj.openjdk.hotspot.jre.full.win32.x86_64_17.0.0.v20211012-1059\jre\bin\VCRUNTIME140.dll
0x00007ffaa53a0000 - 0x00007ffaa563a000 	C:\WINDOWS\WinSxS\amd64_microsoft.windows.common-controls_6595b64144ccf1df_6.0.19041.1110_none_60b5254171f9507e\COMCTL32.dll
0x00007ffab53c0000 - 0x00007ffab545e000 	C:\WINDOWS\System32\msvcrt.dll
0x00007ffab5840000 - 0x00007ffab5870000 	C:\WINDOWS\System32\IMM32.DLL
0x00007ffaaed50000 - 0x00007ffaaed5c000 	G:\sts-4.12.1.RELEASE\plugins\org.eclipse.justj.openjdk.hotspot.jre.full.win32.x86_64_17.0.0.v20211012-1059\jre\bin\vcruntime140_1.dll
0x00007ffaaecb0000 - 0x00007ffaaed41000 	G:\sts-4.12.1.RELEASE\plugins\org.eclipse.justj.openjdk.hotspot.jre.full.win32.x86_64_17.0.0.v20211012-1059\jre\bin\msvcp140.dll
0x00007ffa6e700000 - 0x00007ffa6f346000 	G:\sts-4.12.1.RELEASE\plugins\org.eclipse.justj.openjdk.hotspot.jre.full.win32.x86_64_17.0.0.v20211012-1059\jre\bin\server\jvm.dll
0x00007ffab66f0000 - 0x00007ffab679c000 	C:\WINDOWS\System32\ADVAPI32.dll
0x00007ffab5590000 - 0x00007ffab562b000 	C:\WINDOWS\System32\sechost.dll
0x00007ffab6200000 - 0x00007ffab632a000 	C:\WINDOWS\System32\RPCRT4.dll
0x00007ffab59f0000 - 0x00007ffab59f8000 	C:\WINDOWS\System32\PSAPI.DLL
0x00007ffaa1600000 - 0x00007ffaa1609000 	C:\WINDOWS\SYSTEM32\WSOCK32.dll
0x00007ffaa7530000 - 0x00007ffaa7557000 	C:\WINDOWS\SYSTEM32\WINMM.dll
0x00007ffab5320000 - 0x00007ffab538b000 	C:\WINDOWS\System32\WS2_32.dll
0x00007ffaa8040000 - 0x00007ffaa804a000 	C:\WINDOWS\SYSTEM32\VERSION.dll
0x00007ffab2a30000 - 0x00007ffab2a42000 	C:\WINDOWS\SYSTEM32\kernel.appcore.dll
0x00007ffaa2c10000 - 0x00007ffaa2c1a000 	G:\sts-4.12.1.RELEASE\plugins\org.eclipse.justj.openjdk.hotspot.jre.full.win32.x86_64_17.0.0.v20211012-1059\jre\bin\jimage.dll
0x00007ffab2420000 - 0x00007ffab2604000 	C:\WINDOWS\SYSTEM32\DBGHELP.DLL
0x00007ffa9f370000 - 0x00007ffa9f39c000 	C:\WINDOWS\SYSTEM32\dbgcore.DLL
0x00007ffab4180000 - 0x00007ffab4203000 	C:\WINDOWS\System32\bcryptPrimitives.dll
0x00007ffa6e030000 - 0x00007ffa6e055000 	G:\sts-4.12.1.RELEASE\plugins\org.eclipse.justj.openjdk.hotspot.jre.full.win32.x86_64_17.0.0.v20211012-1059\jre\bin\java.dll
0x00007ffa6e6e0000 - 0x00007ffa6e6f8000 	G:\sts-4.12.1.RELEASE\plugins\org.eclipse.justj.openjdk.hotspot.jre.full.win32.x86_64_17.0.0.v20211012-1059\jre\bin\zip.dll
0x00007ffab5a00000 - 0x00007ffab613f000 	C:\WINDOWS\System32\SHELL32.dll
0x00007ffab1bc0000 - 0x00007ffab2350000 	C:\WINDOWS\SYSTEM32\windows.storage.dll
0x00007ffab6390000 - 0x00007ffab66e5000 	C:\WINDOWS\System32\combase.dll
0x00007ffab38f0000 - 0x00007ffab391c000 	C:\WINDOWS\SYSTEM32\Wldp.dll
0x00007ffab4f20000 - 0x00007ffab4fcd000 	C:\WINDOWS\System32\SHCORE.dll
0x00007ffab56b0000 - 0x00007ffab5705000 	C:\WINDOWS\System32\shlwapi.dll
0x00007ffab3e50000 - 0x00007ffab3e6f000 	C:\WINDOWS\SYSTEM32\profapi.dll
0x00007ffa6e6c0000 - 0x00007ffa6e6d9000 	G:\sts-4.12.1.RELEASE\plugins\org.eclipse.justj.openjdk.hotspot.jre.full.win32.x86_64_17.0.0.v20211012-1059\jre\bin\net.dll
0x00007ffaa8330000 - 0x00007ffaa8438000 	C:\WINDOWS\SYSTEM32\WINHTTP.dll
0x00007ffab35d0000 - 0x00007ffab363a000 	C:\WINDOWS\system32\mswsock.dll
0x00007ffa698f0000 - 0x00007ffa69905000 	G:\sts-4.12.1.RELEASE\plugins\org.eclipse.justj.openjdk.hotspot.jre.full.win32.x86_64_17.0.0.v20211012-1059\jre\bin\nio.dll
0x00007ffaaeca0000 - 0x00007ffaaeca9000 	G:\sts-4.12.1.RELEASE\plugins\org.eclipse.justj.openjdk.hotspot.jre.full.win32.x86_64_17.0.0.v20211012-1059\jre\bin\management.dll
0x00007ffaaec90000 - 0x00007ffaaec9b000 	G:\sts-4.12.1.RELEASE\plugins\org.eclipse.justj.openjdk.hotspot.jre.full.win32.x86_64_17.0.0.v20211012-1059\jre\bin\management_ext.dll
0x00007ffaa17b0000 - 0x00007ffaa17c7000 	C:\WINDOWS\system32\napinsp.dll
0x00007ffa9e920000 - 0x00007ffa9e93b000 	C:\WINDOWS\system32\pnrpnsp.dll
0x00007ffaadb80000 - 0x00007ffaadb95000 	C:\WINDOWS\system32\wshbth.dll
0x00007ffaaeff0000 - 0x00007ffaaf00d000 	C:\WINDOWS\system32\NLAapi.dll
0x00007ffab32b0000 - 0x00007ffab32eb000 	C:\WINDOWS\SYSTEM32\IPHLPAPI.DLL
0x00007ffab32f0000 - 0x00007ffab33bc000 	C:\WINDOWS\SYSTEM32\DNSAPI.dll
0x00007ffab67a0000 - 0x00007ffab67a8000 	C:\WINDOWS\System32\NSI.dll
0x00007ffa9d8e0000 - 0x00007ffa9d8f2000 	C:\WINDOWS\System32\winrnr.dll
0x00007ffaa2300000 - 0x00007ffaa230a000 	C:\Windows\System32\rasadhlp.dll
0x00007ffaa6370000 - 0x00007ffaa63ef000 	C:\WINDOWS\System32\fwpuclnt.dll
0x00007ffab42b0000 - 0x00007ffab42d7000 	C:\WINDOWS\System32\bcrypt.dll
0x00007ffab37e0000 - 0x00007ffab37f8000 	C:\WINDOWS\SYSTEM32\CRYPTSP.dll
0x00007ffab2f30000 - 0x00007ffab2f64000 	C:\WINDOWS\system32\rsaenh.dll
0x00007ffab3e10000 - 0x00007ffab3e3e000 	C:\WINDOWS\SYSTEM32\USERENV.dll
0x00007ffab3800000 - 0x00007ffab380c000 	C:\WINDOWS\SYSTEM32\CRYPTBASE.dll
0x00007ffab1a30000 - 0x00007ffab1a47000 	C:\WINDOWS\SYSTEM32\dhcpcsvc6.DLL
0x00007ffab1a10000 - 0x00007ffab1a2d000 	C:\WINDOWS\SYSTEM32\dhcpcsvc.DLL
0x00007ffaa7460000 - 0x00007ffaa7470000 	G:\sts-4.12.1.RELEASE\plugins\org.eclipse.justj.openjdk.hotspot.jre.full.win32.x86_64_17.0.0.v20211012-1059\jre\bin\verify.dll
0x00007ffaa6780000 - 0x00007ffaa678e000 	G:\sts-4.12.1.RELEASE\plugins\org.eclipse.justj.openjdk.hotspot.jre.full.win32.x86_64_17.0.0.v20211012-1059\jre\bin\sunmscapi.dll
0x00007ffab46e0000 - 0x00007ffab4836000 	C:\WINDOWS\System32\CRYPT32.dll
0x00007ffab3960000 - 0x00007ffab3987000 	C:\WINDOWS\SYSTEM32\ncrypt.dll
0x00007ffab3920000 - 0x00007ffab395b000 	C:\WINDOWS\SYSTEM32\NTASN1.dll
0x00007ffaaca90000 - 0x00007ffaaca97000 	C:\WINDOWS\system32\wshunix.dll

dbghelp: loaded successfully - version: 4.0.5 - missing functions: none
symbol engine: initialized successfully - sym options: 0x614 - pdb path: .;G:\sts-4.12.1.RELEASE\plugins\org.eclipse.justj.openjdk.hotspot.jre.full.win32.x86_64_17.0.0.v20211012-1059\jre\bin;C:\WINDOWS\SYSTEM32;C:\WINDOWS\WinSxS\amd64_microsoft.windows.common-controls_6595b64144ccf1df_6.0.19041.1110_none_60b5254171f9507e;G:\sts-4.12.1.RELEASE\plugins\org.eclipse.justj.openjdk.hotspot.jre.full.win32.x86_64_17.0.0.v20211012-1059\jre\bin\server

VM Arguments:
jvm_args: -Dcom.sun.management.jmxremote -Dcom.sun.management.jmxremote.port=49773 -Dcom.sun.management.jmxremote.authenticate=false -Dcom.sun.management.jmxremote.ssl=false -Djava.rmi.server.hostname=localhost -Dspring.jmx.enabled=true -Dspring.application.admin.enabled=true -XX:TieredStopAtLevel=1 -Dspring.boot.project.name=e-stock-application -Dfile.encoding=UTF-8 -XX:+ShowCodeDetailsInExceptionMessages 
java_command: com.estock.application.EStockApplication --spring.output.ansi.enabled=always
java_class_path (initial): C:\Users\Administrator\eclipse-workspace\e-stock-application\target\classes;C:\Users\Administrator\.m2\repository\org\springframework\boot\spring-boot-starter-actuator\2.5.6\spring-boot-starter-actuator-2.5.6.jar;C:\Users\Administrator\.m2\repository\org\springframework\boot\spring-boot-starter\2.5.6\spring-boot-starter-2.5.6.jar;C:\Users\Administrator\.m2\repository\org\springframework\boot\spring-boot-starter-logging\2.5.6\spring-boot-starter-logging-2.5.6.jar;C:\Users\Administrator\.m2\repository\ch\qos\logback\logback-classic\1.2.6\logback-classic-1.2.6.jar;C:\Users\Administrator\.m2\repository\ch\qos\logback\logback-core\1.2.6\logback-core-1.2.6.jar;C:\Users\Administrator\.m2\repository\org\apache\logging\log4j\log4j-to-slf4j\2.14.1\log4j-to-slf4j-2.14.1.jar;C:\Users\Administrator\.m2\repository\org\apache\logging\log4j\log4j-api\2.14.1\log4j-api-2.14.1.jar;C:\Users\Administrator\.m2\repository\org\slf4j\jul-to-slf4j\1.7.32\jul-to-slf4j-1.7.32.jar;C:\Users\Administrator\.m2\repository\jakarta\annotation\jakarta.annotation-api\1.3.5\jakarta.annotation-api-1.3.5.jar;C:\Users\Administrator\.m2\repository\org\yaml\snakeyaml\1.28\snakeyaml-1.28.jar;C:\Users\Administrator\.m2\repository\org\springframework\boot\spring-boot-actuator-autoconfigure\2.5.6\spring-boot-actuator-autoconfigure-2.5.6.jar;C:\Users\Administrator\.m2\repository\org\springframework\boot\spring-boot-actuator\2.5.6\spring-boot-actuator-2.5.6.jar;C:\Users\Administrator\.m2\repository\com\fasterxml\jackson\core\jackson-databind\2.12.5\jackson-databind-2.12.5.jar;C:\Users\Administrator\.m2\repository\com\fasterxml\jackson\core\jackson-annotations\2.12.5\jackson-annotations-2.12.5.jar;C:\Users\Administrator\.m2\repository\com\fasterxml\jackson\core\jackson-core\2.12.5\jackson-core-2.12.5.jar;C:\Users\Administrator\.m2\repository\com\fasterxml\jackson\datatype\jackson-datatype-jsr310\2.12.5\jackson-datatype-jsr310-2.12.5.jar;C:\Users\Administrator\.m2\repository\io\micromete
Launcher Type: SUN_STANDARD

[Global flags]
     intx CICompilerCount                          = 3                                         {product} {ergonomic}
     uint ConcGCThreads                            = 1                                         {product} {ergonomic}
     uint G1ConcRefinementThreads                  = 4                                         {product} {ergonomic}
   size_t G1HeapRegionSize                         = 1048576                                   {product} {ergonomic}
    uintx GCDrainStackTargetSize                   = 64                                        {product} {ergonomic}
   size_t InitialHeapSize                          = 134217728                                 {product} {ergonomic}
     bool ManagementServer                         = true                                      {product} {command line}
   size_t MarkStackSize                            = 4194304                                   {product} {ergonomic}
   size_t MaxHeapSize                              = 2120220672                                {product} {ergonomic}
   size_t MaxNewSize                               = 1271922688                                {product} {ergonomic}
   size_t MinHeapDeltaBytes                        = 1048576                                   {product} {ergonomic}
   size_t MinHeapSize                              = 8388608                                   {product} {ergonomic}
    uintx NonProfiledCodeHeapSize                  = 0                                      {pd product} {ergonomic}
     bool ProfileInterpreter                       = false                                  {pd product} {command line}
    uintx ProfiledCodeHeapSize                     = 0                                      {pd product} {ergonomic}
     bool ShowCodeDetailsInExceptionMessages       = true                                   {manageable} {command line}
   size_t SoftMaxHeapSize                          = 2120220672                             {manageable} {ergonomic}
     intx TieredStopAtLevel                        = 1                                         {product} {command line}
     bool UseCompressedClassPointers               = true                           {product lp64_product} {ergonomic}
     bool UseCompressedOops                        = true                           {product lp64_product} {ergonomic}
     bool UseG1GC                                  = true                                      {product} {ergonomic}
     bool UseLargePagesIndividualAllocation        = false                                  {pd product} {ergonomic}

Logging:
Log output configuration:
 #0: stdout all=warning uptime,level,tags
 #1: stderr all=off uptime,level,tags

Environment Variables:
PATH=G:/sts-4.12.1.RELEASE//plugins/org.eclipse.justj.openjdk.hotspot.jre.full.win32.x86_64_17.0.0.v20211012-1059/jre/bin/server;G:/sts-4.12.1.RELEASE//plugins/org.eclipse.justj.openjdk.hotspot.jre.full.win32.x86_64_17.0.0.v20211012-1059/jre/bin;F:\WINDOWS.X64_193000_db_home\bin;C:\ProgramData\Oracle\Java\javapath;C:\Users\Raisul\eclipse-workspace\AutoCVUpload\Sikuli-IDE\libs;C:\Program Files\Java\jre1.8.0_144\bin;C:\Program Files\Apache Software Foundation\Tomcat 9.0\bin;C:\Program Files\Git\cmd;F:\apache-maven-3.6.3-bin\apache-maven-3.6.3\bin;C:\Windows\System32;C:\WINDOWS\system32;C:\WINDOWS;C:\WINDOWS\System32\Wbem;C:\WINDOWS\System32\WindowsPowerShell\v1.0\;C:\WINDOWS\System32\OpenSSH\;F:\kubectl;C:\Program Files\Java\jdk1.8.0_144\bin;C:\Program Files\nodejs;C:\Users\91888\AppData\Roaming\npm;C:\Users\91888\AppData\Roaming\npm\node_modules\@angular\cli\bin;C:\Program Files\Intel\CalibrationToolAPI\2.11.0.0\bin;C:\Users\Administrator\AppData\Roaming\npm\node_modules\@angular\cli\bin;C:\Users\Administrator\AppData\Local\Microsoft\WindowsApps;C:\Program Files\JetBrains\IntelliJ IDEA Community Edition 2021.1.1\bin;;C:\Users\Administrator\AppData\Roaming\npm;C:\Users\Administrator\AppData\Local\Programs\Microsoft VS Code Insiders\bin;G:\sts-4.12.1.RELEASE;
USERNAME=Administrator
OS=Windows_NT
PROCESSOR_IDENTIFIER=Intel64 Family 6 Model 78 Stepping 3, GenuineIntel



---------------  S Y S T E M  ---------------

OS:
 Windows 10 , 64 bit Build 19041 (10.0.19041.1202)
OS uptime: 0 days 0:51 hours
Hyper-V role detected

CPU: total 4 (initial active 4) (2 cores per cpu, 2 threads per core) family 6 model 78 stepping 3 microcode 0xcc, cx8, cmov, fxsr, ht, mmx, 3dnowpref, sse, sse2, sse3, ssse3, sse4.1, sse4.2, popcnt, lzcnt, tsc, tscinvbit, avx, avx2, aes, erms, clmul, bmi1, bmi2, adx, fma, vzeroupper, clflush, clflushopt, hv

Memory: 4k page, system-wide physical 8082M (833M free)
TotalPageFile size 10130M (AvailPageFile size 6M)
current process WorkingSet (physical memory assigned to process): 275M, peak: 346M
current process commit charge ("private bytes"): 314M, peak: 497M

vm_info: OpenJDK 64-Bit Server VM (17+35) for windows-amd64 JRE (17+35), built on Sep 14 2021 17:27:39 by "" with MS VC++ 16.7 (VS2019)

END.
